--------------------
./configure --prefix=/home/iamjy1005/work/lab/practice/user-library/src/opsrc-zlib-1.2.11/output/arm-linux-gnueabi
Sun May  6 20:36:15 KST 2018
Using arm-linux-gnueabi-ar
Using arm-linux-gnueabi-ranlib
Using arm-linux-gnueabi-nm
Checking for arm-linux-gnueabi-gcc...
=== ztest14405.c ===
extern int getchar();
int hello() {return getchar();}
===
arm-linux-gnueabi-gcc -c ztest14405.c
... using gcc

Checking for obsessive-compulsive compiler options...
=== ztest14405.c ===
int foo() { return 0; }
===
arm-linux-gnueabi-gcc -c -O3 ztest14405.c

Checking for shared library support...
=== ztest14405.c ===
extern int getchar();
int hello() {return getchar();}
===
arm-linux-gnueabi-gcc -w -c -O3 -fPIC ztest14405.c
arm-linux-gnueabi-gcc -shared -O3 -fPIC -o ztest14405.so ztest14405.o
Building shared library libz.so.1.2.11 with arm-linux-gnueabi-gcc.

=== ztest14405.c ===
#include <stdio.h>
#include <stdlib.h>
size_t dummy = 0;
===
arm-linux-gnueabi-gcc -c -O3 ztest14405.c
Checking for size_t... Yes.


=== ztest14405.c ===
#include <sys/types.h>
off64_t dummy = 0;
===
arm-linux-gnueabi-gcc -c -O3 -D_LARGEFILE64_SOURCE=1 ztest14405.c
Checking for off64_t... Yes.
Checking for fseeko... Yes.

=== ztest14405.c ===
#include <string.h>
#include <errno.h>
int main() { return strlen(strerror(errno)); }
===
arm-linux-gnueabi-gcc -O3 -D_LARGEFILE64_SOURCE=1 -o ztest14405 ztest14405.c
Checking for strerror... Yes.

=== ztest14405.c ===
#include <unistd.h>
int main() { return 0; }
===
arm-linux-gnueabi-gcc -c -O3 -D_LARGEFILE64_SOURCE=1 ztest14405.c
Checking for unistd.h... Yes.

=== ztest14405.c ===
#include <stdarg.h>
int main() { return 0; }
===
arm-linux-gnueabi-gcc -c -O3 -D_LARGEFILE64_SOURCE=1 ztest14405.c
Checking for stdarg.h... Yes.

=== ztest14405.c ===
#include <stdio.h>
#include <stdarg.h>
#include "zconf.h"
int main()
{
#ifndef STDC
  choke me
#endif
  return 0;
}
===
arm-linux-gnueabi-gcc -c -O3 -D_LARGEFILE64_SOURCE=1 ztest14405.c
Checking whether to use vs[n]printf() or s[n]printf()... using vs[n]printf().

=== ztest14405.c ===
#include <stdio.h>
#include <stdarg.h>
int mytest(const char *fmt, ...)
{
  char buf[20];
  va_list ap;
  va_start(ap, fmt);
  vsnprintf(buf, sizeof(buf), fmt, ap);
  va_end(ap);
  return 0;
}
int main()
{
  return (mytest("Hello%d\n", 1));
}
===
arm-linux-gnueabi-gcc -O3 -D_LARGEFILE64_SOURCE=1 -o ztest14405 ztest14405.c
Checking for vsnprintf() in stdio.h... Yes.

=== ztest14405.c ===
#include <stdio.h>
#include <stdarg.h>
int mytest(const char *fmt, ...)
{
  int n;
  char buf[20];
  va_list ap;
  va_start(ap, fmt);
  n = vsnprintf(buf, sizeof(buf), fmt, ap);
  va_end(ap);
  return n;
}
int main()
{
  return (mytest("Hello%d\n", 1));
}
===
arm-linux-gnueabi-gcc -c -O3 -D_LARGEFILE64_SOURCE=1 ztest14405.c
Checking for return value of vsnprintf()... Yes.

=== ztest14405.c ===
#define ZLIB_INTERNAL __attribute__((visibility ("hidden")))
int ZLIB_INTERNAL foo;
int main()
{
  return 0;
}
===
arm-linux-gnueabi-gcc -c -O3 -D_LARGEFILE64_SOURCE=1 ztest14405.c
Checking for attribute(visibility) support... Yes.

ALL = static shared all64
AR = arm-linux-gnueabi-ar
ARFLAGS = rc
CC = arm-linux-gnueabi-gcc
CFLAGS = -O3 -D_LARGEFILE64_SOURCE=1 -DHAVE_HIDDEN
CPP = arm-linux-gnueabi-gcc -E
EXE =
LDCONFIG = ldconfig
LDFLAGS =
LDSHARED = arm-linux-gnueabi-gcc -shared
LDSHAREDLIBC = -lc
OBJC = $(OBJZ) $(OBJG)
PIC_OBJC = $(PIC_OBJZ) $(PIC_OBJG)
RANLIB = arm-linux-gnueabi-ranlib
SFLAGS = -O3 -fPIC -D_LARGEFILE64_SOURCE=1 -DHAVE_HIDDEN
SHAREDLIB = libz.so
SHAREDLIBM = libz.so.1
SHAREDLIBV = libz.so.1.2.11
STATICLIB = libz.a
TEST = all teststatic testshared test64
VER = 1.2.11
Z_U4 =
SRCDIR =
exec_prefix = ${prefix}
includedir = ${prefix}/include
libdir = ${exec_prefix}/lib
mandir = ${prefix}/share/man
prefix = /home/iamjy1005/work/lab/practice/user-library/src/opsrc-zlib-1.2.11/output/arm-linux-gnueabi
sharedlibdir = ${libdir}
uname = gnueabi
--------------------


