This file contains any messages produced by compilers while
running configure, to aid debugging if configure makes a mistake.

It was created by atk configure 2.26.1, which was
generated by GNU Autoconf 2.69.  Invocation command line was

  $ ./configure --prefix=/home/iamjy1005/work/lab/practice/user-library/src/opsrc-gtk+/atk-2.26.1/output/arm-linux-gnueabihf --host=arm-linux-gnueabihf --target=arm-linux-gnueabihf

## --------- ##
## Platform. ##
## --------- ##

hostname = iamjy1005-iMac
uname -m = x86_64
uname -r = 4.13.0-39-generic
uname -s = Linux
uname -v = #44~16.04.1-Ubuntu SMP Thu Apr 5 16:43:10 UTC 2018

/usr/bin/uname -p = unknown
/bin/uname -X     = unknown

/bin/arch              = unknown
/usr/bin/arch -k       = unknown
/usr/convex/getsysinfo = unknown
/usr/bin/hostinfo      = unknown
/bin/machine           = unknown
/usr/bin/oslevel       = unknown
/bin/universe          = unknown

PATH: /home/iamjy1005/work/software/web/apache-maven-3.5.2/bin
PATH: /home/iamjy1005/bin
PATH: /home/iamjy1005/.local/bin
PATH: /home/iamjy1005/work/software/web/apache-maven-3.5.2/bin
PATH: /usr/local/sbin
PATH: /usr/local/bin
PATH: /usr/sbin
PATH: /usr/bin
PATH: /sbin
PATH: /bin
PATH: /usr/games
PATH: /usr/local/games
PATH: /snap/bin
PATH: /opt/toolchain/arm/linux/arm-2009q3-67/bin
PATH: /opt/toolchain/arm/linux/linaro/host
PATH: /opt/t32/bin/pc_linux64
PATH: /opt/t32
PATH: /opt/toolchain/arm/linux/arm-2009q3-67/bin
PATH: /opt/toolchain/arm/linux/linaro/host
PATH: /opt/t32/bin/pc_linux64
PATH: /opt/t32


## ----------- ##
## Core tests. ##
## ----------- ##

configure:2311: checking for a BSD-compatible install
configure:2379: result: /usr/bin/install -c
configure:2390: checking whether build environment is sane
configure:2445: result: yes
configure:2504: checking for arm-linux-gnueabihf-strip
configure:2534: result: no
configure:2544: checking for strip
configure:2560: found /usr/bin/strip
configure:2571: result: strip
configure:2596: checking for a thread-safe mkdir -p
configure:2635: result: /bin/mkdir -p
configure:2642: checking for gawk
configure:2672: result: no
configure:2642: checking for mawk
configure:2658: found /usr/bin/mawk
configure:2669: result: mawk
configure:2680: checking whether make sets $(MAKE)
configure:2702: result: yes
configure:2731: checking whether make supports nested variables
configure:2748: result: yes
configure:2837: checking whether UID '1000' is supported by ustar format
configure:2840: result: yes
configure:2847: checking whether GID '1000' is supported by ustar format
configure:2850: result: yes
configure:2858: checking how to create a ustar tar archive
configure:2869: tar --version
tar (GNU tar) 1.28
Copyright (C) 2014 Free Software Foundation, Inc.
License GPLv3+: GNU GPL version 3 or later <http://gnu.org/licenses/gpl.html>.
This is free software: you are free to change and redistribute it.
There is NO WARRANTY, to the extent permitted by law.

Written by John Gilmore and Jay Fenlason.
configure:2872: $? = 0
configure:2912: tardir=conftest.dir && eval tar --format=ustar -chf - "$tardir" >conftest.tar
configure:2915: $? = 0
configure:2919: tar -xf - <conftest.tar
configure:2922: $? = 0
configure:2924: cat conftest.dir/file
GrepMe
configure:2927: $? = 0
configure:2940: result: gnutar
configure:3005: checking whether make supports nested variables
configure:3022: result: yes
configure:3066: checking for arm-linux-gnueabihf-gcc
configure:3096: result: no
configure:3106: checking for gcc
configure:3122: found /usr/bin/gcc
configure:3133: result: gcc
configure:3362: checking for C compiler version
configure:3371: gcc --version >&5
gcc (Ubuntu 5.4.0-6ubuntu1~16.04.9) 5.4.0 20160609
Copyright (C) 2015 Free Software Foundation, Inc.
This is free software; see the source for copying conditions.  There is NO
warranty; not even for MERCHANTABILITY or FITNESS FOR A PARTICULAR PURPOSE.

configure:3382: $? = 0
configure:3371: gcc -v >&5
Using built-in specs.
COLLECT_GCC=gcc
COLLECT_LTO_WRAPPER=/usr/lib/gcc/x86_64-linux-gnu/5/lto-wrapper
Target: x86_64-linux-gnu
Configured with: ../src/configure -v --with-pkgversion='Ubuntu 5.4.0-6ubuntu1~16.04.9' --with-bugurl=file:///usr/share/doc/gcc-5/README.Bugs --enable-languages=c,ada,c++,java,go,d,fortran,objc,obj-c++ --prefix=/usr --program-suffix=-5 --enable-shared --enable-linker-build-id --libexecdir=/usr/lib --without-included-gettext --enable-threads=posix --libdir=/usr/lib --enable-nls --with-sysroot=/ --enable-clocale=gnu --enable-libstdcxx-debug --enable-libstdcxx-time=yes --with-default-libstdcxx-abi=new --enable-gnu-unique-object --disable-vtable-verify --enable-libmpx --enable-plugin --with-system-zlib --disable-browser-plugin --enable-java-awt=gtk --enable-gtk-cairo --with-java-home=/usr/lib/jvm/java-1.5.0-gcj-5-amd64/jre --enable-java-home --with-jvm-root-dir=/usr/lib/jvm/java-1.5.0-gcj-5-amd64 --with-jvm-jar-dir=/usr/lib/jvm-exports/java-1.5.0-gcj-5-amd64 --with-arch-directory=amd64 --with-ecj-jar=/usr/share/java/eclipse-ecj.jar --enable-objc-gc --enable-multiarch --disable-werror --with-arch-32=i686 --with-abi=m64 --with-multilib-list=m32,m64,mx32 --enable-multilib --with-tune=generic --enable-checking=release --build=x86_64-linux-gnu --host=x86_64-linux-gnu --target=x86_64-linux-gnu
Thread model: posix
gcc version 5.4.0 20160609 (Ubuntu 5.4.0-6ubuntu1~16.04.9) 
configure:3382: $? = 0
configure:3371: gcc -V >&5
gcc: error: unrecognized command line option '-V'
gcc: fatal error: no input files
compilation terminated.
configure:3382: $? = 1
configure:3371: gcc -qversion >&5
gcc: error: unrecognized command line option '-qversion'
gcc: fatal error: no input files
compilation terminated.
configure:3382: $? = 1
configure:3402: checking whether the C compiler works
configure:3424: gcc    conftest.c  >&5
configure:3428: $? = 0
configure:3476: result: yes
configure:3479: checking for C compiler default output file name
configure:3481: result: a.out
configure:3487: checking for suffix of executables
configure:3494: gcc -o conftest    conftest.c  >&5
configure:3498: $? = 0
configure:3520: result: 
configure:3542: checking whether we are cross compiling
configure:3550: gcc -o conftest    conftest.c  >&5
configure:3554: $? = 0
configure:3561: ./conftest
configure:3565: $? = 0
configure:3580: result: no
configure:3585: checking for suffix of object files
configure:3607: gcc -c   conftest.c >&5
configure:3611: $? = 0
configure:3632: result: o
configure:3636: checking whether we are using the GNU C compiler
configure:3655: gcc -c   conftest.c >&5
configure:3655: $? = 0
configure:3664: result: yes
configure:3673: checking whether gcc accepts -g
configure:3693: gcc -c -g  conftest.c >&5
configure:3693: $? = 0
configure:3734: result: yes
configure:3751: checking for gcc option to accept ISO C89
configure:3814: gcc  -c -g -O2  conftest.c >&5
configure:3814: $? = 0
configure:3827: result: none needed
configure:3852: checking whether gcc understands -c and -o together
configure:3874: gcc -c conftest.c -o conftest2.o
configure:3877: $? = 0
configure:3874: gcc -c conftest.c -o conftest2.o
configure:3877: $? = 0
configure:3889: result: yes
configure:3917: checking for style of include used by make
configure:3945: result: GNU
configure:3971: checking dependency style of gcc
configure:4082: result: gcc3
configure:4129: checking build system type
configure:4143: result: x86_64-pc-linux-gnu
configure:4163: checking host system type
configure:4176: result: arm-unknown-linux-gnueabihf
configure:4217: checking how to print strings
configure:4244: result: printf
configure:4265: checking for a sed that does not truncate output
configure:4329: result: /bin/sed
configure:4347: checking for grep that handles long lines and -e
configure:4405: result: /bin/grep
configure:4410: checking for egrep
configure:4472: result: /bin/grep -E
configure:4477: checking for fgrep
configure:4539: result: /bin/grep -F
configure:4574: checking for ld used by gcc
configure:4641: result: /usr/bin/ld
configure:4648: checking if the linker (/usr/bin/ld) is GNU ld
configure:4663: result: yes
configure:4675: checking for BSD- or MS-compatible name lister (nm)
configure:4729: result: no
configure:4743: checking for arm-linux-gnueabihf-dumpbin
configure:4773: result: no
configure:4743: checking for arm-linux-gnueabihf-link
configure:4773: result: no
configure:4787: checking for dumpbin
configure:4817: result: no
configure:4787: checking for link
configure:4803: found /usr/bin/link
configure:4814: result: link -dump
configure:4859: checking the name lister (nm) interface
configure:4866: gcc -c -g -O2  conftest.c >&5
configure:4869: nm "conftest.o"
configure:4872: output
0000000000000000 B some_variable
configure:4879: result: BSD nm
configure:4882: checking whether ln -s works
configure:4886: result: yes
configure:4894: checking the maximum length of command line arguments
configure:5025: result: 1572864
configure:5073: checking how to convert x86_64-pc-linux-gnu file names to arm-unknown-linux-gnueabihf format
configure:5113: result: func_convert_file_noop
configure:5120: checking how to convert x86_64-pc-linux-gnu file names to toolchain format
configure:5140: result: func_convert_file_noop
configure:5147: checking for /usr/bin/ld option to reload object files
configure:5154: result: -r
configure:5188: checking for arm-linux-gnueabihf-objdump
configure:5218: result: no
configure:5228: checking for objdump
configure:5244: found /usr/bin/objdump
configure:5255: result: objdump
configure:5284: checking how to recognize dependent libraries
configure:5484: result: pass_all
configure:5529: checking for arm-linux-gnueabihf-dlltool
configure:5559: result: no
configure:5569: checking for dlltool
configure:5599: result: no
configure:5626: checking how to associate runtime and link libraries
configure:5653: result: printf %s\n
configure:5670: checking for arm-linux-gnueabihf-ar
configure:5700: result: no
configure:5714: checking for ar
configure:5730: found /usr/bin/ar
configure:5741: result: ar
configure:5778: checking for archiver @FILE support
configure:5795: gcc -c -g -O2  conftest.c >&5
configure:5795: $? = 0
configure:5798: ar cru libconftest.a @conftest.lst >&5
ar: `u' modifier ignored since `D' is the default (see `U')
configure:5801: $? = 0
configure:5806: ar cru libconftest.a @conftest.lst >&5
ar: `u' modifier ignored since `D' is the default (see `U')
ar: conftest.o: No such file or directory
configure:5809: $? = 1
configure:5821: result: @
configure:5839: checking for arm-linux-gnueabihf-strip
configure:5866: result: strip
configure:5938: checking for arm-linux-gnueabihf-ranlib
configure:5968: result: no
configure:5978: checking for ranlib
configure:5994: found /usr/bin/ranlib
configure:6005: result: ranlib
configure:6107: checking command to parse nm output from gcc object
configure:6260: gcc -c -g -O2  conftest.c >&5
configure:6263: $? = 0
configure:6267: nm conftest.o \| sed -n -e 's/^.*[ ]\([ABCDGIRSTW][ABCDGIRSTW]*\)[ ][ ]*\([_A-Za-z][_A-Za-z0-9]*\)$/\1 \2 \2/p' | sed '/ __gnu_lto/d' \> conftest.nm
configure:6270: $? = 0
configure:6336: gcc -o conftest -g -O2   conftest.c conftstm.o >&5
configure:6339: $? = 0
configure:6377: result: ok
configure:6424: checking for sysroot
configure:6454: result: no
configure:6461: checking for a working dd
configure:6499: result: /bin/dd
configure:6503: checking how to truncate binary pipes
configure:6518: result: /bin/dd bs=4096 count=1
configure:6807: checking for arm-linux-gnueabihf-mt
configure:6837: result: no
configure:6847: checking for mt
configure:6863: found /bin/mt
configure:6874: result: mt
configure:6897: checking if mt is a manifest tool
configure:6903: mt '-?'
configure:6911: result: no
configure:7588: checking how to run the C preprocessor
configure:7619: gcc -E  conftest.c
configure:7619: $? = 0
configure:7633: gcc -E  conftest.c
conftest.c:11:28: fatal error: ac_nonexistent.h: No such file or directory
compilation terminated.
configure:7633: $? = 1
configure: failed program was:
| /* confdefs.h */
| #define PACKAGE_NAME "atk"
| #define PACKAGE_TARNAME "atk"
| #define PACKAGE_VERSION "2.26.1"
| #define PACKAGE_STRING "atk 2.26.1"
| #define PACKAGE_BUGREPORT "http://bugzilla.gnome.org/enter_bug.cgi?product=atk"
| #define PACKAGE_URL ""
| #define PACKAGE "atk"
| #define VERSION "2.26.1"
| /* end confdefs.h.  */
| #include <ac_nonexistent.h>
configure:7658: result: gcc -E
configure:7678: gcc -E  conftest.c
configure:7678: $? = 0
configure:7692: gcc -E  conftest.c
conftest.c:11:28: fatal error: ac_nonexistent.h: No such file or directory
compilation terminated.
configure:7692: $? = 1
configure: failed program was:
| /* confdefs.h */
| #define PACKAGE_NAME "atk"
| #define PACKAGE_TARNAME "atk"
| #define PACKAGE_VERSION "2.26.1"
| #define PACKAGE_STRING "atk 2.26.1"
| #define PACKAGE_BUGREPORT "http://bugzilla.gnome.org/enter_bug.cgi?product=atk"
| #define PACKAGE_URL ""
| #define PACKAGE "atk"
| #define VERSION "2.26.1"
| /* end confdefs.h.  */
| #include <ac_nonexistent.h>
configure:7721: checking for ANSI C header files
configure:7741: gcc -c -g -O2  conftest.c >&5
configure:7741: $? = 0
configure:7814: gcc -o conftest -g -O2   conftest.c  >&5
configure:7814: $? = 0
configure:7814: ./conftest
configure:7814: $? = 0
configure:7825: result: yes
configure:7838: checking for sys/types.h
configure:7838: gcc -c -g -O2  conftest.c >&5
configure:7838: $? = 0
configure:7838: result: yes
configure:7838: checking for sys/stat.h
configure:7838: gcc -c -g -O2  conftest.c >&5
configure:7838: $? = 0
configure:7838: result: yes
configure:7838: checking for stdlib.h
configure:7838: gcc -c -g -O2  conftest.c >&5
configure:7838: $? = 0
configure:7838: result: yes
configure:7838: checking for string.h
configure:7838: gcc -c -g -O2  conftest.c >&5
configure:7838: $? = 0
configure:7838: result: yes
configure:7838: checking for memory.h
configure:7838: gcc -c -g -O2  conftest.c >&5
configure:7838: $? = 0
configure:7838: result: yes
configure:7838: checking for strings.h
configure:7838: gcc -c -g -O2  conftest.c >&5
configure:7838: $? = 0
configure:7838: result: yes
configure:7838: checking for inttypes.h
configure:7838: gcc -c -g -O2  conftest.c >&5
configure:7838: $? = 0
configure:7838: result: yes
configure:7838: checking for stdint.h
configure:7838: gcc -c -g -O2  conftest.c >&5
configure:7838: $? = 0
configure:7838: result: yes
configure:7838: checking for unistd.h
configure:7838: gcc -c -g -O2  conftest.c >&5
configure:7838: $? = 0
configure:7838: result: yes
configure:7852: checking for dlfcn.h
configure:7852: gcc -c -g -O2  conftest.c >&5
configure:7852: $? = 0
configure:7852: result: yes
configure:8405: checking for objdir
configure:8420: result: .libs
configure:8684: checking if gcc supports -fno-rtti -fno-exceptions
configure:8702: gcc -c -g -O2  -fno-rtti -fno-exceptions conftest.c >&5
cc1: warning: command line option '-fno-rtti' is valid for C++/ObjC++ but not for C
configure:8706: $? = 0
configure:8719: result: no
configure:9077: checking for gcc option to produce PIC
configure:9084: result: -fPIC -DPIC
configure:9092: checking if gcc PIC flag -fPIC -DPIC works
configure:9110: gcc -c -g -O2  -fPIC -DPIC -DPIC conftest.c >&5
configure:9114: $? = 0
configure:9127: result: yes
configure:9156: checking if gcc static flag -static works
configure:9184: result: yes
configure:9199: checking if gcc supports -c -o file.o
configure:9220: gcc -c -g -O2  -o out/conftest2.o conftest.c >&5
configure:9224: $? = 0
configure:9246: result: yes
configure:9254: checking if gcc supports -c -o file.o
configure:9301: result: yes
configure:9334: checking whether the gcc linker (/usr/bin/ld) supports shared libraries
configure:10597: result: yes
configure:10634: checking whether -lc should be explicitly linked in
configure:10642: gcc -c -g -O2  conftest.c >&5
configure:10645: $? = 0
configure:10660: gcc -shared  -fPIC -DPIC conftest.o  -v -Wl,-soname -Wl,conftest -o conftest 2\>\&1 \| /bin/grep  -lc  \>/dev/null 2\>\&1
configure:10663: $? = 0
configure:10677: result: no
configure:10837: checking dynamic linker characteristics
configure:11418: gcc -o conftest -g -O2   -Wl,-rpath -Wl,/foo conftest.c  >&5
configure:11418: $? = 0
configure:11667: result: GNU/Linux ld.so
configure:11789: checking how to hardcode library paths into programs
configure:11814: result: immediate
configure:12362: checking whether stripping libraries is possible
configure:12367: result: yes
configure:12402: checking if libtool supports shared libraries
configure:12404: result: yes
configure:12407: checking whether to build shared libraries
configure:12432: result: yes
configure:12435: checking whether to build static libraries
configure:12439: result: no
configure:12479: checking for bind_textdomain_codeset
configure:12479: gcc -o conftest -g -O2   conftest.c  >&5
configure:12479: $? = 0
configure:12479: result: yes
configure:12489: checking for some Win32 platform
configure:12499: result: no
configure:12510: checking for native Win32 platform
configure:12528: result: no
configure:12686: checking for aclocal flags
configure:12695: result: 
configure:12730: checking for arm-linux-gnueabihf-pkg-config
configure:12763: result: no
configure:12773: checking for pkg-config
configure:12791: found /usr/bin/pkg-config
configure:12803: result: /usr/bin/pkg-config
configure:12828: checking pkg-config is at least version 0.9.0
configure:12831: result: yes
configure:12841: checking for DEP
configure:12848: $PKG_CONFIG --exists --print-errors "gobject-2.0 >= $GLIB_REQUIRED_VERSION"
configure:12851: $? = 0
configure:12865: $PKG_CONFIG --exists --print-errors "gobject-2.0 >= $GLIB_REQUIRED_VERSION"
configure:12868: $? = 0
configure:12926: result: yes
configure:12941: checking whether NLS is requested
configure:12950: result: yes
configure:12990: checking for msgfmt
configure: trying /usr/bin/msgfmt...
0 translated messages.
configure:13022: result: /usr/bin/msgfmt
configure:13031: checking for gmsgfmt
configure:13062: result: /usr/bin/msgfmt
configure:13112: checking for xgettext
configure: trying /usr/bin/xgettext...
/usr/bin/xgettext: warning: file '/dev/null' extension '' is unknown; will try C
configure:13144: result: /usr/bin/xgettext
configure:13189: checking for msgmerge
configure: trying /usr/bin/msgmerge...
configure:13220: result: /usr/bin/msgmerge
configure:13278: checking for ld used by gcc
configure:13345: result: /usr/bin/ld
configure:13352: checking if the linker (/usr/bin/ld) is GNU ld
configure:13367: result: yes
configure:13374: checking for shared library run path origin
configure:13387: result: done
configure:13959: checking for CFPreferencesCopyAppValue
configure:13977: gcc -o conftest -g -O2 -Wall  -DG_DISABLE_SINGLE_INCLUDES -DATK_DISABLE_SINGLE_INCLUDES  conftest.c  -Wl,-framework -Wl,CoreFoundation >&5
conftest.c:24:42: fatal error: CoreFoundation/CFPreferences.h: No such file or directory
compilation terminated.
configure:13977: $? = 1
configure: failed program was:
| /* confdefs.h */
| #define PACKAGE_NAME "atk"
| #define PACKAGE_TARNAME "atk"
| #define PACKAGE_VERSION "2.26.1"
| #define PACKAGE_STRING "atk 2.26.1"
| #define PACKAGE_BUGREPORT "http://bugzilla.gnome.org/enter_bug.cgi?product=atk"
| #define PACKAGE_URL ""
| #define PACKAGE "atk"
| #define VERSION "2.26.1"
| #define STDC_HEADERS 1
| #define HAVE_SYS_TYPES_H 1
| #define HAVE_SYS_STAT_H 1
| #define HAVE_STDLIB_H 1
| #define HAVE_STRING_H 1
| #define HAVE_MEMORY_H 1
| #define HAVE_STRINGS_H 1
| #define HAVE_INTTYPES_H 1
| #define HAVE_STDINT_H 1
| #define HAVE_UNISTD_H 1
| #define HAVE_DLFCN_H 1
| #define LT_OBJDIR ".libs/"
| #define HAVE_BIND_TEXTDOMAIN_CODESET 1
| /* end confdefs.h.  */
| #include <CoreFoundation/CFPreferences.h>
| int
| main ()
| {
| CFPreferencesCopyAppValue(NULL, NULL)
|   ;
|   return 0;
| }
configure:13986: result: no
configure:13993: checking for CFLocaleCopyCurrent
configure:14011: gcc -o conftest -g -O2 -Wall  -DG_DISABLE_SINGLE_INCLUDES -DATK_DISABLE_SINGLE_INCLUDES  conftest.c  -Wl,-framework -Wl,CoreFoundation >&5
conftest.c:24:37: fatal error: CoreFoundation/CFLocale.h: No such file or directory
compilation terminated.
configure:14011: $? = 1
configure: failed program was:
| /* confdefs.h */
| #define PACKAGE_NAME "atk"
| #define PACKAGE_TARNAME "atk"
| #define PACKAGE_VERSION "2.26.1"
| #define PACKAGE_STRING "atk 2.26.1"
| #define PACKAGE_BUGREPORT "http://bugzilla.gnome.org/enter_bug.cgi?product=atk"
| #define PACKAGE_URL ""
| #define PACKAGE "atk"
| #define VERSION "2.26.1"
| #define STDC_HEADERS 1
| #define HAVE_SYS_TYPES_H 1
| #define HAVE_SYS_STAT_H 1
| #define HAVE_STDLIB_H 1
| #define HAVE_STRING_H 1
| #define HAVE_MEMORY_H 1
| #define HAVE_STRINGS_H 1
| #define HAVE_INTTYPES_H 1
| #define HAVE_STDINT_H 1
| #define HAVE_UNISTD_H 1
| #define HAVE_DLFCN_H 1
| #define LT_OBJDIR ".libs/"
| #define HAVE_BIND_TEXTDOMAIN_CODESET 1
| /* end confdefs.h.  */
| #include <CoreFoundation/CFLocale.h>
| int
| main ()
| {
| CFLocaleCopyCurrent();
|   ;
|   return 0;
| }
configure:14020: result: no
configure:14069: checking for GNU gettext in libc
configure:14098: gcc -o conftest -g -O2 -Wall  -DG_DISABLE_SINGLE_INCLUDES -DATK_DISABLE_SINGLE_INCLUDES  conftest.c  >&5
configure:14098: $? = 0
configure:14107: result: yes
configure:14954: checking whether to use NLS
configure:14956: result: yes
configure:14959: checking where the gettext function comes from
configure:14970: result: libc
configure:15048: checking for gobject-introspection
configure:15079: $PKG_CONFIG --exists --print-errors "gobject-introspection-1.0 >= 1.32.0"
Package gobject-introspection-1.0 was not found in the pkg-config search path.
Perhaps you should add the directory containing `gobject-introspection-1.0.pc'
to the PKG_CONFIG_PATH environment variable
No package 'gobject-introspection-1.0' found
configure:15082: $? = 1
configure:15094: result: no
configure:15137: checking for gtk-doc
configure:15140: $PKG_CONFIG --exists --print-errors "$gtk_doc_requires"
configure:15143: $? = 0
configure:15149: result: yes
configure:15163: checking for gtkdoc-check
configure:15179: found /usr/bin/gtkdoc-check
configure:15190: result: gtkdoc-check.test
configure:15200: checking for gtkdoc-check
configure:15218: found /usr/bin/gtkdoc-check
configure:15230: result: /usr/bin/gtkdoc-check
configure:15242: checking for gtkdoc-rebase
configure:15260: found /usr/bin/gtkdoc-rebase
configure:15272: result: /usr/bin/gtkdoc-rebase
configure:15286: checking for gtkdoc-mkpdf
configure:15304: found /usr/bin/gtkdoc-mkpdf
configure:15316: result: /usr/bin/gtkdoc-mkpdf
configure:15344: checking whether to build gtk-doc documentation
configure:15346: result: no
configure:15359: checking for GTKDOC_DEPS
configure:15366: $PKG_CONFIG --exists --print-errors "glib-2.0 >= 2.10.0 gobject-2.0  >= 2.10.0"
configure:15369: $? = 0
configure:15383: $PKG_CONFIG --exists --print-errors "glib-2.0 >= 2.10.0 gobject-2.0  >= 2.10.0"
configure:15386: $? = 0
configure:15424: result: yes
configure:15511: checking for gawk
configure:15538: result: mawk
configure:15553: checking for perl5
configure:15583: result: no
configure:15553: checking for perl
configure:15569: found /usr/bin/perl
configure:15580: result: perl
configure:15631: checking for -fvisibility=hidden compiler flag
configure:15644: gcc -c -fvisibility=hidden  -DG_DISABLE_SINGLE_INCLUDES -DATK_DISABLE_SINGLE_INCLUDES conftest.c >&5
configure:15644: $? = 0
configure:15645: result: yes
configure:15780: checking that generated files are newer than configure
configure:15786: result: done
configure:15857: creating ./config.status

## ---------------------- ##
## Running config.status. ##
## ---------------------- ##

This file was extended by atk config.status 2.26.1, which was
generated by GNU Autoconf 2.69.  Invocation command line was

  CONFIG_FILES    = 
  CONFIG_HEADERS  = 
  CONFIG_LINKS    = 
  CONFIG_COMMANDS = 
  $ ./config.status 

on iamjy1005-iMac

config.status:1197: creating Makefile
config.status:1197: creating po/Makefile.in
config.status:1197: creating atk.pc
config.status:1197: creating atk/Makefile
config.status:1197: creating atk/atk.rc
config.status:1197: creating atk/atkversion.h
config.status:1197: creating tests/Makefile
config.status:1197: creating win32/Makefile
config.status:1197: creating win32/vs9/Makefile
config.status:1197: creating win32/vs9/atk-version-paths.vsprops
config.status:1197: creating win32/vs10/Makefile
config.status:1197: creating win32/vs10/atk-version-paths.props
config.status:1197: creating win32/vs11/Makefile
config.status:1197: creating win32/vs12/Makefile
config.status:1197: creating win32/vs14/Makefile
config.status:1197: creating win32/vs15/Makefile
config.status:1197: creating docs/Makefile
config.status:1197: creating config.h.win32
config.status:1197: creating config.h
config.status:1426: executing depfiles commands
config.status:1426: executing libtool commands
config.status:1426: executing po-directories commands

## ---------------- ##
## Cache variables. ##
## ---------------- ##

ac_cv_atk_aclocal_flags=
ac_cv_build=x86_64-pc-linux-gnu
ac_cv_c_compiler_gnu=yes
ac_cv_env_CC_set=
ac_cv_env_CC_value=
ac_cv_env_CFLAGS_set=
ac_cv_env_CFLAGS_value=
ac_cv_env_CPPFLAGS_set=
ac_cv_env_CPPFLAGS_value=
ac_cv_env_CPP_set=
ac_cv_env_CPP_value=
ac_cv_env_DEP_CFLAGS_set=
ac_cv_env_DEP_CFLAGS_value=
ac_cv_env_DEP_LIBS_set=
ac_cv_env_DEP_LIBS_value=
ac_cv_env_GTKDOC_DEPS_CFLAGS_set=
ac_cv_env_GTKDOC_DEPS_CFLAGS_value=
ac_cv_env_GTKDOC_DEPS_LIBS_set=
ac_cv_env_GTKDOC_DEPS_LIBS_value=
ac_cv_env_LDFLAGS_set=
ac_cv_env_LDFLAGS_value=
ac_cv_env_LIBS_set=
ac_cv_env_LIBS_value=
ac_cv_env_LT_SYS_LIBRARY_PATH_set=
ac_cv_env_LT_SYS_LIBRARY_PATH_value=
ac_cv_env_PKG_CONFIG_LIBDIR_set=
ac_cv_env_PKG_CONFIG_LIBDIR_value=
ac_cv_env_PKG_CONFIG_PATH_set=
ac_cv_env_PKG_CONFIG_PATH_value=
ac_cv_env_PKG_CONFIG_set=
ac_cv_env_PKG_CONFIG_value=
ac_cv_env_build_alias_set=
ac_cv_env_build_alias_value=
ac_cv_env_host_alias_set=set
ac_cv_env_host_alias_value=arm-linux-gnueabihf
ac_cv_env_target_alias_set=set
ac_cv_env_target_alias_value=arm-linux-gnueabihf
ac_cv_func_bind_textdomain_codeset=yes
ac_cv_header_dlfcn_h=yes
ac_cv_header_inttypes_h=yes
ac_cv_header_memory_h=yes
ac_cv_header_stdc=yes
ac_cv_header_stdint_h=yes
ac_cv_header_stdlib_h=yes
ac_cv_header_string_h=yes
ac_cv_header_strings_h=yes
ac_cv_header_sys_stat_h=yes
ac_cv_header_sys_types_h=yes
ac_cv_header_unistd_h=yes
ac_cv_host=arm-unknown-linux-gnueabihf
ac_cv_objext=o
ac_cv_path_EGREP='/bin/grep -E'
ac_cv_path_FGREP='/bin/grep -F'
ac_cv_path_GMSGFMT=/usr/bin/msgfmt
ac_cv_path_GREP=/bin/grep
ac_cv_path_GTKDOC_CHECK_PATH=/usr/bin/gtkdoc-check
ac_cv_path_GTKDOC_MKPDF=/usr/bin/gtkdoc-mkpdf
ac_cv_path_GTKDOC_REBASE=/usr/bin/gtkdoc-rebase
ac_cv_path_MSGFMT=/usr/bin/msgfmt
ac_cv_path_MSGMERGE=/usr/bin/msgmerge
ac_cv_path_SED=/bin/sed
ac_cv_path_XGETTEXT=/usr/bin/xgettext
ac_cv_path_ac_pt_PKG_CONFIG=/usr/bin/pkg-config
ac_cv_path_install='/usr/bin/install -c'
ac_cv_path_lt_DD=/bin/dd
ac_cv_path_mkdir=/bin/mkdir
ac_cv_prog_AWK=mawk
ac_cv_prog_CPP='gcc -E'
ac_cv_prog_GTKDOC_CHECK=gtkdoc-check.test
ac_cv_prog_PERL=perl
ac_cv_prog_STRIP=strip
ac_cv_prog_ac_ct_AR=ar
ac_cv_prog_ac_ct_CC=gcc
ac_cv_prog_ac_ct_DUMPBIN='link -dump'
ac_cv_prog_ac_ct_MANIFEST_TOOL=mt
ac_cv_prog_ac_ct_OBJDUMP=objdump
ac_cv_prog_ac_ct_RANLIB=ranlib
ac_cv_prog_ac_ct_STRIP=strip
ac_cv_prog_cc_c89=
ac_cv_prog_cc_g=yes
ac_cv_prog_make_make_set=yes
acl_cv_hardcode_direct=no
acl_cv_hardcode_libdir_flag_spec='${wl}-rpath ${wl}$libdir'
acl_cv_hardcode_libdir_separator=
acl_cv_hardcode_minus_L=no
acl_cv_libext=a
acl_cv_libname_spec='lib$name'
acl_cv_library_names_spec='$libname$shrext'
acl_cv_path_LD=/usr/bin/ld
acl_cv_prog_gnu_ld=yes
acl_cv_rpath=done
acl_cv_shlibext=so
acl_cv_wl=-Wl,
am_cv_CC_dependencies_compiler_type=gcc3
am_cv_make_support_nested_variables=yes
am_cv_prog_cc_c_o=yes
am_cv_prog_tar_ustar=gnutar
gt_cv_func_CFLocaleCopyCurrent=no
gt_cv_func_CFPreferencesCopyAppValue=no
gt_cv_func_gnugettext1_libc=yes
lt_cv_ar_at_file=@
lt_cv_archive_cmds_need_lc=no
lt_cv_deplibs_check_method=pass_all
lt_cv_file_magic_cmd='$MAGIC_CMD'
lt_cv_file_magic_test_file=
lt_cv_ld_reload_flag=-r
lt_cv_nm_interface='BSD nm'
lt_cv_objdir=.libs
lt_cv_path_LD=/usr/bin/ld
lt_cv_path_NM=no
lt_cv_path_mainfest_tool=no
lt_cv_prog_compiler_c_o=yes
lt_cv_prog_compiler_pic='-fPIC -DPIC'
lt_cv_prog_compiler_pic_works=yes
lt_cv_prog_compiler_rtti_exceptions=no
lt_cv_prog_compiler_static_works=yes
lt_cv_prog_gnu_ld=yes
lt_cv_sharedlib_from_linklib_cmd='printf %s\n'
lt_cv_shlibpath_overrides_runpath=no
lt_cv_sys_global_symbol_pipe='sed -n -e '\''s/^.*[	 ]\([ABCDGIRSTW][ABCDGIRSTW]*\)[	 ][	 ]*\([_A-Za-z][_A-Za-z0-9]*\)$/\1 \2 \2/p'\'' | sed '\''/ __gnu_lto/d'\'''
lt_cv_sys_global_symbol_to_c_name_address='sed -n -e '\''s/^: \(.*\) .*$/  {"\1", (void *) 0},/p'\'' -e '\''s/^[ABCDGIRSTW][ABCDGIRSTW]* .* \(.*\)$/  {"\1", (void *) \&\1},/p'\'''
lt_cv_sys_global_symbol_to_c_name_address_lib_prefix='sed -n -e '\''s/^: \(.*\) .*$/  {"\1", (void *) 0},/p'\'' -e '\''s/^[ABCDGIRSTW][ABCDGIRSTW]* .* \(lib.*\)$/  {"\1", (void *) \&\1},/p'\'' -e '\''s/^[ABCDGIRSTW][ABCDGIRSTW]* .* \(.*\)$/  {"lib\1", (void *) \&\1},/p'\'''
lt_cv_sys_global_symbol_to_cdecl='sed -n -e '\''s/^T .* \(.*\)$/extern int \1();/p'\'' -e '\''s/^[ABCDGIRSTW][ABCDGIRSTW]* .* \(.*\)$/extern char \1;/p'\'''
lt_cv_sys_global_symbol_to_import=
lt_cv_sys_max_cmd_len=1572864
lt_cv_to_host_file_cmd=func_convert_file_noop
lt_cv_to_tool_file_cmd=func_convert_file_noop
lt_cv_truncate_bin='/bin/dd bs=4096 count=1'
pkg_cv_DEP_CFLAGS='-I/usr/include/glib-2.0 -I/usr/lib/x86_64-linux-gnu/glib-2.0/include'
pkg_cv_DEP_LIBS='-lgobject-2.0 -lglib-2.0'
pkg_cv_GTKDOC_DEPS_CFLAGS='-I/usr/include/glib-2.0 -I/usr/lib/x86_64-linux-gnu/glib-2.0/include'
pkg_cv_GTKDOC_DEPS_LIBS='-lgobject-2.0 -lglib-2.0'

## ----------------- ##
## Output variables. ##
## ----------------- ##

ACLOCAL='${SHELL} /home/iamjy1005/work/lab/practice/user-library/src/opsrc-gtk+/atk-2.26.1/missing aclocal-1.15 '
AMDEPBACKSLASH='\'
AMDEP_FALSE='#'
AMDEP_TRUE=''
AMTAR='$${TAR-tar}'
AM_BACKSLASH='\'
AM_DEFAULT_V='$(AM_DEFAULT_VERBOSITY)'
AM_DEFAULT_VERBOSITY='0'
AM_V='$(V)'
AR='ar'
AS='as'
ATK_API_VERSION='1.0'
ATK_BINARY_AGE='22611'
ATK_HIDDEN_VISIBILITY_CFLAGS='-fvisibility=hidden'
ATK_INTERFACE_AGE='1'
ATK_MAJOR_VERSION='2'
ATK_MICRO_VERSION='1'
ATK_MINOR_VERSION='26'
ATK_VERSION='2.26.1'
AUTOCONF='${SHELL} /home/iamjy1005/work/lab/practice/user-library/src/opsrc-gtk+/atk-2.26.1/missing autoconf'
AUTOHEADER='${SHELL} /home/iamjy1005/work/lab/practice/user-library/src/opsrc-gtk+/atk-2.26.1/missing autoheader'
AUTOMAKE='${SHELL} /home/iamjy1005/work/lab/practice/user-library/src/opsrc-gtk+/atk-2.26.1/missing automake-1.15'
AWK='mawk'
CC='gcc'
CCDEPMODE='depmode=gcc3'
CFLAGS='-g -O2 -Wall'
CPP='gcc -E'
CPPFLAGS=' -DG_DISABLE_SINGLE_INCLUDES -DATK_DISABLE_SINGLE_INCLUDES'
CYGPATH_W='echo'
DEFS='-DHAVE_CONFIG_H'
DEPDIR='.deps'
DEP_CFLAGS='-I/usr/include/glib-2.0 -I/usr/lib/x86_64-linux-gnu/glib-2.0/include'
DEP_LIBS='-lgobject-2.0 -lglib-2.0'
DLLTOOL='false'
DSYMUTIL=''
DUMPBIN=':'
ECHO_C=''
ECHO_N='-n'
ECHO_T=''
EGREP='/bin/grep -E'
ENABLE_GTK_DOC_FALSE=''
ENABLE_GTK_DOC_TRUE='#'
EXEEXT=''
FGREP='/bin/grep -F'
GETTEXT_MACRO_VERSION='0.19'
GETTEXT_PACKAGE='atk10'
GLIB_GENMARSHAL='glib-genmarshal'
GLIB_MKENUMS='glib-mkenums'
GLIB_REQUIRED_VERSION='2.31.2'
GMSGFMT='/usr/bin/msgfmt'
GMSGFMT_015='/usr/bin/msgfmt'
GREP='/bin/grep'
GTKDOC_CHECK='gtkdoc-check.test'
GTKDOC_CHECK_PATH='/usr/bin/gtkdoc-check'
GTKDOC_DEPS_CFLAGS='-I/usr/include/glib-2.0 -I/usr/lib/x86_64-linux-gnu/glib-2.0/include'
GTKDOC_DEPS_LIBS='-lgobject-2.0 -lglib-2.0'
GTKDOC_MKPDF='/usr/bin/gtkdoc-mkpdf'
GTKDOC_REBASE='/usr/bin/gtkdoc-rebase'
GTK_DOC_BUILD_HTML_FALSE='#'
GTK_DOC_BUILD_HTML_TRUE=''
GTK_DOC_BUILD_PDF_FALSE=''
GTK_DOC_BUILD_PDF_TRUE='#'
GTK_DOC_USE_LIBTOOL_FALSE='#'
GTK_DOC_USE_LIBTOOL_TRUE=''
GTK_DOC_USE_REBASE_FALSE='#'
GTK_DOC_USE_REBASE_TRUE=''
HAVE_GTK_DOC_FALSE='#'
HAVE_GTK_DOC_TRUE=''
HAVE_INTROSPECTION_FALSE=''
HAVE_INTROSPECTION_TRUE='#'
HTML_DIR='${datadir}/gtk-doc/html'
INSTALL_DATA='${INSTALL} -m 644'
INSTALL_PROGRAM='${INSTALL}'
INSTALL_SCRIPT='${INSTALL}'
INSTALL_STRIP_PROGRAM='$(install_sh) -c -s'
INTLLIBS=''
INTL_MACOSX_LIBS=''
INTROSPECTION_CFLAGS=''
INTROSPECTION_COMPILER=''
INTROSPECTION_GENERATE=''
INTROSPECTION_GIRDIR=''
INTROSPECTION_LIBS=''
INTROSPECTION_MAKEFILE=''
INTROSPECTION_SCANNER=''
INTROSPECTION_TYPELIBDIR=''
LD='/usr/bin/ld'
LDFLAGS=''
LIBICONV='-liconv'
LIBINTL=''
LIBOBJS=''
LIBS=''
LIBTOOL='$(SHELL) $(top_builddir)/libtool'
LIB_EXE_MACHINE_FLAG=''
LIPO=''
LN_S='ln -s'
LTLIBICONV='-liconv'
LTLIBINTL=''
LTLIBOBJS=''
LT_CURRENT_MINUS_AGE='0'
LT_SYS_LIBRARY_PATH=''
LT_VERSION_INFO='22610:1:22610'
MAKEINFO='${SHELL} /home/iamjy1005/work/lab/practice/user-library/src/opsrc-gtk+/atk-2.26.1/missing makeinfo'
MANIFEST_TOOL=':'
MKDIR_P='/bin/mkdir -p'
MSGFMT='/usr/bin/msgfmt'
MSGFMT_015='/usr/bin/msgfmt'
MSGMERGE='/usr/bin/msgmerge'
MSVC_BASE_NO_TOOLSET_SET_FALSE='#'
MSVC_BASE_NO_TOOLSET_SET_TRUE=''
MSVC_NO_TOOLSET_SET_FALSE='#'
MSVC_NO_TOOLSET_SET_TRUE=''
MS_LIB_AVAILABLE_FALSE=''
MS_LIB_AVAILABLE_TRUE='#'
NM='nm'
NMEDIT=''
OBJDUMP='objdump'
OBJEXT='o'
OS_WIN32_FALSE=''
OS_WIN32_TRUE='#'
OTOOL64=''
OTOOL=''
PACKAGE='atk'
PACKAGE_BUGREPORT='http://bugzilla.gnome.org/enter_bug.cgi?product=atk'
PACKAGE_NAME='atk'
PACKAGE_STRING='atk 2.26.1'
PACKAGE_TARNAME='atk'
PACKAGE_URL=''
PACKAGE_VERSION='2.26.1'
PATH_SEPARATOR=':'
PERL='perl'
PKG_CONFIG='/usr/bin/pkg-config'
PKG_CONFIG_LIBDIR=''
PKG_CONFIG_PATH=''
PLATFORM_WIN32_FALSE=''
PLATFORM_WIN32_TRUE='#'
POSUB='po'
RANLIB='ranlib'
REBUILD=''
SED='/bin/sed'
SET_MAKE=''
SHELL='/bin/bash'
STRIP='strip'
USE_NLS='yes'
VERSION='2.26.1'
WINDRES=''
XGETTEXT='/usr/bin/xgettext'
XGETTEXT_015='/usr/bin/xgettext'
XGETTEXT_EXTRA_OPTIONS=''
ac_ct_AR='ar'
ac_ct_CC='gcc'
ac_ct_DUMPBIN='link -dump'
am__EXEEXT_FALSE=''
am__EXEEXT_TRUE='#'
am__fastdepCC_FALSE='#'
am__fastdepCC_TRUE=''
am__include='include'
am__isrc=''
am__leading_dot='.'
am__nodep='_no'
am__quote=''
am__tar='tar --format=ustar -chf - "$$tardir"'
am__untar='tar -xf -'
bindir='${exec_prefix}/bin'
build='x86_64-pc-linux-gnu'
build_alias=''
build_cpu='x86_64'
build_os='linux-gnu'
build_vendor='pc'
datadir='${datarootdir}'
datarootdir='${prefix}/share'
docdir='${datarootdir}/doc/${PACKAGE_TARNAME}'
dvidir='${docdir}'
exec_prefix='${prefix}'
host='arm-unknown-linux-gnueabihf'
host_alias='arm-linux-gnueabihf'
host_cpu='arm'
host_os='linux-gnueabihf'
host_vendor='unknown'
htmldir='${docdir}'
includedir='${prefix}/include'
infodir='${datarootdir}/info'
install_sh='${SHELL} /home/iamjy1005/work/lab/practice/user-library/src/opsrc-gtk+/atk-2.26.1/install-sh'
libdir='${exec_prefix}/lib'
libexecdir='${exec_prefix}/libexec'
localedir='${datarootdir}/locale'
localstatedir='${prefix}/var'
mandir='${datarootdir}/man'
mkdir_p='$(MKDIR_P)'
ms_librarian=''
oldincludedir='/usr/include'
pdfdir='${docdir}'
prefix='/home/iamjy1005/work/lab/practice/user-library/src/opsrc-gtk+/atk-2.26.1/output/arm-linux-gnueabihf'
program_transform_name='s,x,x,'
psdir='${docdir}'
runstatedir='${localstatedir}/run'
sbindir='${exec_prefix}/sbin'
sharedstatedir='${prefix}/com'
sysconfdir='${prefix}/etc'
target_alias='arm-linux-gnueabihf'

## ----------- ##
## confdefs.h. ##
## ----------- ##

/* confdefs.h */
#define PACKAGE_NAME "atk"
#define PACKAGE_TARNAME "atk"
#define PACKAGE_VERSION "2.26.1"
#define PACKAGE_STRING "atk 2.26.1"
#define PACKAGE_BUGREPORT "http://bugzilla.gnome.org/enter_bug.cgi?product=atk"
#define PACKAGE_URL ""
#define PACKAGE "atk"
#define VERSION "2.26.1"
#define STDC_HEADERS 1
#define HAVE_SYS_TYPES_H 1
#define HAVE_SYS_STAT_H 1
#define HAVE_STDLIB_H 1
#define HAVE_STRING_H 1
#define HAVE_MEMORY_H 1
#define HAVE_STRINGS_H 1
#define HAVE_INTTYPES_H 1
#define HAVE_STDINT_H 1
#define HAVE_UNISTD_H 1
#define HAVE_DLFCN_H 1
#define LT_OBJDIR ".libs/"
#define HAVE_BIND_TEXTDOMAIN_CODESET 1
#define ENABLE_NLS 1
#define HAVE_GETTEXT 1
#define HAVE_DCGETTEXT 1
#define GETTEXT_PACKAGE "atk10"
#define _ATK_EXTERN __attribute__((visibility("default"))) extern

configure: exit 0
