\BOOKMARK [0][-]{chapter.1}{\376\377\0001\000\040\263\160\307\164\321\060\000\040\255\154\310\160\000\040\300\311\307\170}{}% 1
\BOOKMARK [1][-]{section.1.1}{\376\377\0001\000.\0001\000\040\263\160\307\164\321\060\000\040\255\154\310\160}{chapter.1}% 2
\BOOKMARK [0][-]{chapter.2}{\376\377\0002\000\040\323\014\307\174\000\040\300\311\307\170}{}% 3
\BOOKMARK [1][-]{section.2.1}{\376\377\0002\000.\0001\000\040\323\014\307\174\000\040\272\251\270\135}{chapter.2}% 4
\BOOKMARK [0][-]{chapter.3}{\376\377\0003\000\040\263\160\307\164\321\060\000\040\255\154\310\160\000\040\273\070\301\034\326\124}{}% 5
\BOOKMARK [1][-]{section.3.1}{\376\377\0003\000.\0001\000\040\000\137\000s\000t\000r\000u\000c\000t\000\040\255\154\310\160\314\264\000\040\314\070\310\160}{chapter.3}% 6
\BOOKMARK [2][-]{subsection.3.1.1}{\376\377\0003\000.\0001\000.\0001\000\040\300\301\301\070\325\134\000\040\301\044\272\205}{section.3.1}% 7
\BOOKMARK [2][-]{subsection.3.1.2}{\376\377\0003\000.\0001\000.\0002\000\040\325\104\264\334\000\040\273\070\301\034\326\124}{section.3.1}% 8
\BOOKMARK [3][-]{subsubsection.3.1.2.1}{\376\377\0003\000.\0001\000.\0002\000.\0001\000\040\000i}{subsection.3.1.2}% 9
\BOOKMARK [1][-]{section.3.2}{\376\377\0003\000.\0002\000\040\000d\000a\000t\000a\000\137\000s\000t\000\040\255\154\310\160\314\264\000\040\314\070\310\160}{chapter.3}% 10
\BOOKMARK [2][-]{subsection.3.2.1}{\376\377\0003\000.\0002\000.\0001\000\040\300\301\301\070\325\134\000\040\301\044\272\205}{section.3.2}% 11
\BOOKMARK [2][-]{subsection.3.2.2}{\376\377\0003\000.\0002\000.\0002\000\040\325\104\264\334\000\040\273\070\301\034\326\124}{section.3.2}% 12
\BOOKMARK [3][-]{subsubsection.3.2.2.1}{\376\377\0003\000.\0002\000.\0002\000.\0001\000\040\000a\000g\000e}{subsection.3.2.2}% 13
\BOOKMARK [3][-]{subsubsection.3.2.2.2}{\376\377\0003\000.\0002\000.\0002\000.\0002\000\040\000c\000h}{subsection.3.2.2}% 14
\BOOKMARK [3][-]{subsubsection.3.2.2.3}{\376\377\0003\000.\0002\000.\0002\000.\0003\000\040\000n\000a\000m\000e}{subsection.3.2.2}% 15
\BOOKMARK [1][-]{section.3.3}{\376\377\0003\000.\0003\000\040\000i\000n\000v\000e\000n\000t\000o\000r\000y\000\040\255\154\310\160\314\264\000\040\314\070\310\160}{chapter.3}% 16
\BOOKMARK [2][-]{subsection.3.3.1}{\376\377\0003\000.\0003\000.\0001\000\040\300\301\301\070\325\134\000\040\301\044\272\205}{section.3.3}% 17
\BOOKMARK [2][-]{subsection.3.3.2}{\376\377\0003\000.\0003\000.\0002\000\040\325\104\264\334\000\040\273\070\301\034\326\124}{section.3.3}% 18
\BOOKMARK [3][-]{subsubsection.3.3.2.1}{\376\377\0003\000.\0003\000.\0002\000.\0001\000\040\000l\000e\000a\000d\000t\000i\000m\000e}{subsection.3.3.2}% 19
\BOOKMARK [3][-]{subsubsection.3.3.2.2}{\376\377\0003\000.\0003\000.\0002\000.\0002\000\040\000n\000a\000m\000e}{subsection.3.3.2}% 20
\BOOKMARK [3][-]{subsubsection.3.3.2.3}{\376\377\0003\000.\0003\000.\0002\000.\0003\000\040\000n\000u\000m\000b\000e\000r}{subsection.3.3.2}% 21
\BOOKMARK [3][-]{subsubsection.3.3.2.4}{\376\377\0003\000.\0003\000.\0002\000.\0004\000\040\000v\000o\000l\000u\000m\000e}{subsection.3.3.2}% 22
\BOOKMARK [0][-]{chapter.4}{\376\377\0004\000\040\323\014\307\174\000\040\273\070\301\034\326\124}{}% 23
\BOOKMARK [1][-]{section.4.1}{\376\377\0004\000.\0001\000\040\000s\000r\000c\000/\000f\000u\000n\000c\000t\000i\000o\000n\000/\000b\000a\000s\000e\000.\000c\000\040\323\014\307\174\000\040\314\070\310\160}{chapter.4}% 24
\BOOKMARK [2][-]{subsection.4.1.1}{\376\377\0004\000.\0001\000.\0001\000\040\300\301\301\070\325\134\000\040\301\044\272\205}{section.4.1}% 25
\BOOKMARK [2][-]{subsection.4.1.2}{\376\377\0004\000.\0001\000.\0002\000\040\271\344\320\154\270\134\000\040\273\070\301\034\326\124}{section.4.1}% 26
\BOOKMARK [3][-]{subsubsection.4.1.2.1}{\376\377\0004\000.\0001\000.\0002\000.\0001\000\040\000B\000U\000F\000F\000\137\000S\000I\000Z\000E}{subsection.4.1.2}% 27
\BOOKMARK [2][-]{subsection.4.1.3}{\376\377\0004\000.\0001\000.\0003\000\040\320\300\307\205\310\025\307\130\000\040\273\070\301\034\326\124}{section.4.1}% 28
\BOOKMARK [3][-]{subsubsection.4.1.3.1}{\376\377\0004\000.\0001\000.\0003\000.\0001\000\040\000S\000T\000R\000U\000C\000T}{subsection.4.1.3}% 29
\BOOKMARK [2][-]{subsection.4.1.4}{\376\377\0004\000.\0001\000.\0004\000\040\325\150\302\030\000\040\273\070\301\034\326\124}{section.4.1}% 30
\BOOKMARK [3][-]{subsubsection.4.1.4.1}{\376\377\0004\000.\0001\000.\0004\000.\0001\000\040\000m\000a\000i\000n\000\050\000\051}{subsection.4.1.4}% 31
\BOOKMARK [1][-]{section.4.2}{\376\377\0004\000.\0002\000\040\000s\000r\000c\000/\000l\000i\000b\000s\000t\000d\000/\000b\000a\000s\000e\000.\000c\000\040\323\014\307\174\000\040\314\070\310\160}{chapter.4}% 32
\BOOKMARK [2][-]{subsection.4.2.1}{\376\377\0004\000.\0002\000.\0001\000\040\300\301\301\070\325\134\000\040\301\044\272\205}{section.4.2}% 33
\BOOKMARK [2][-]{subsection.4.2.2}{\376\377\0004\000.\0002\000.\0002\000\040\271\344\320\154\270\134\000\040\273\070\301\034\326\124}{section.4.2}% 34
\BOOKMARK [3][-]{subsubsection.4.2.2.1}{\376\377\0004\000.\0002\000.\0002\000.\0001\000\040\000B\000U\000F\000F\000\137\000S\000I\000Z\000E}{subsection.4.2.2}% 35
\BOOKMARK [2][-]{subsection.4.2.3}{\376\377\0004\000.\0002\000.\0003\000\040\320\300\307\205\310\025\307\130\000\040\273\070\301\034\326\124}{section.4.2}% 36
\BOOKMARK [3][-]{subsubsection.4.2.3.1}{\376\377\0004\000.\0002\000.\0003\000.\0001\000\040\000S\000T\000R\000U\000C\000T}{subsection.4.2.3}% 37
\BOOKMARK [2][-]{subsection.4.2.4}{\376\377\0004\000.\0002\000.\0004\000\040\325\150\302\030\000\040\273\070\301\034\326\124}{section.4.2}% 38
\BOOKMARK [3][-]{subsubsection.4.2.4.1}{\376\377\0004\000.\0002\000.\0004\000.\0001\000\040\000m\000a\000i\000n\000\050\000\051}{subsection.4.2.4}% 39
\BOOKMARK [1][-]{section.4.3}{\376\377\0004\000.\0003\000\040\000s\000r\000c\000/\000f\000u\000n\000c\000t\000i\000o\000n\000/\000D\000e\000c\000l\000a\000r\000i\000n\000g\000\137\000A\000t\000t\000r\000i\000b\000u\000t\000e\000s\000\137\000o\000f\000\137\000F\000u\000n\000c\000t\000i\000o\000n\000s\000.\000c\000\040\323\014\307\174\000\040\314\070\310\160}{chapter.4}% 40
\BOOKMARK [2][-]{subsection.4.3.1}{\376\377\0004\000.\0003\000.\0001\000\040\325\150\302\030\000\040\273\070\301\034\326\124}{section.4.3}% 41
\BOOKMARK [3][-]{subsubsection.4.3.1.1}{\376\377\0004\000.\0003\000.\0001\000.\0001\000\040\000\137\000\137\000f\000u\000n\000c\000\137\000n\000o\000r\000e\000t\000u\000r\000n\000\050\000\051}{subsection.4.3.1}% 42
\BOOKMARK [3][-]{subsubsection.4.3.1.2}{\376\377\0004\000.\0003\000.\0001\000.\0002\000\040\000\137\000\137\000f\000u\000n\000c\000\137\000v\000i\000s\000i\000b\000i\000l\000i\000t\000y\000\050\000\051}{subsection.4.3.1}% 43
\BOOKMARK [3][-]{subsubsection.4.3.1.3}{\376\377\0004\000.\0003\000.\0001\000.\0003\000\040\000a\000l\000i\000a\000s\000\050\000\051}{subsection.4.3.1}% 44
\BOOKMARK [3][-]{subsubsection.4.3.1.4}{\376\377\0004\000.\0003\000.\0001\000.\0004\000\040\000d\000e\000b\000u\000g\000\050\000\051}{subsection.4.3.1}% 45
\BOOKMARK [3][-]{subsubsection.4.3.1.5}{\376\377\0004\000.\0003\000.\0001\000.\0005\000\040\000f\000\137\000n\000o\000n\000n\000u\000l\000l\000\050\000\051}{subsection.4.3.1}% 46
\BOOKMARK [3][-]{subsubsection.4.3.1.6}{\376\377\0004\000.\0003\000.\0001\000.\0006\000\040\000f\000\137\000n\000o\000r\000e\000t\000u\000r\000n\000\050\000\051}{subsection.4.3.1}% 47
\BOOKMARK [3][-]{subsubsection.4.3.1.7}{\376\377\0004\000.\0003\000.\0001\000.\0007\000\040\000f\000\137\000v\000i\000s\000i\000b\000i\000l\000i\000t\000y\000\050\000\051}{subsection.4.3.1}% 48
\BOOKMARK [3][-]{subsubsection.4.3.1.8}{\376\377\0004\000.\0003\000.\0001\000.\0008\000\040\000f\000\137\000w\000a\000r\000n\000\137\000u\000n\000u\000s\000e\000d\000\137\000r\000e\000s\000u\000l\000t\000\050\000\051}{subsection.4.3.1}% 49
\BOOKMARK [3][-]{subsubsection.4.3.1.9}{\376\377\0004\000.\0003\000.\0001\000.\0009\000\040\000f\000\137\000w\000e\000a\000k\000r\000e\000f\000\050\000\051}{subsection.4.3.1}% 50
\BOOKMARK [1][-]{section.4.4}{\376\377\0004\000.\0004\000\040\000s\000r\000c\000/\000f\000u\000n\000c\000t\000i\000o\000n\000/\000D\000e\000c\000l\000a\000r\000i\000n\000g\000\137\000A\000t\000t\000r\000i\000b\000u\000t\000e\000s\000\137\000o\000f\000\137\000F\000u\000n\000c\000t\000i\000o\000n\000s\000.\000h\000\040\323\014\307\174\000\040\314\070\310\160}{chapter.4}% 51
\BOOKMARK [2][-]{subsection.4.4.1}{\376\377\0004\000.\0004\000.\0001\000\040\325\150\302\030\000\040\273\070\301\034\326\124}{section.4.4}% 52
\BOOKMARK [3][-]{subsubsection.4.4.1.1}{\376\377\0004\000.\0004\000.\0001\000.\0001\000\040\000\137\000\137\000f\000u\000n\000c\000\137\000n\000o\000n\000n\000u\000l\000l\000\050\000\051}{subsection.4.4.1}% 53
\BOOKMARK [3][-]{subsubsection.4.4.1.2}{\376\377\0004\000.\0004\000.\0001\000.\0002\000\040\000\137\000\137\000f\000u\000n\000c\000\137\000n\000o\000r\000e\000t\000u\000r\000n\000\050\000\051}{subsection.4.4.1}% 54
\BOOKMARK [3][-]{subsubsection.4.4.1.3}{\376\377\0004\000.\0004\000.\0001\000.\0003\000\040\000\137\000\137\000f\000u\000n\000c\000\137\000v\000i\000s\000i\000b\000i\000l\000i\000t\000y\000\050\000\051}{subsection.4.4.1}% 55
\BOOKMARK [3][-]{subsubsection.4.4.1.4}{\376\377\0004\000.\0004\000.\0001\000.\0004\000\040\000\137\000\137\000f\000u\000n\000c\000\137\000w\000a\000r\000n\000\137\000u\000n\000u\000s\000e\000d\000\137\000r\000e\000s\000u\000l\000t\000\050\000\051}{subsection.4.4.1}% 56
\BOOKMARK [3][-]{subsubsection.4.4.1.5}{\376\377\0004\000.\0004\000.\0001\000.\0005\000\040\000\137\000\137\000f\000u\000n\000c\000\137\000w\000e\000a\000k\000r\000e\000f\000\050\000\051}{subsection.4.4.1}% 57
\BOOKMARK [3][-]{subsubsection.4.4.1.6}{\376\377\0004\000.\0004\000.\0001\000.\0006\000\040\000d\000e\000b\000u\000g\000\050\000\051}{subsection.4.4.1}% 58
\BOOKMARK [3][-]{subsubsection.4.4.1.7}{\376\377\0004\000.\0004\000.\0001\000.\0007\000\040\000e\000r\000r\000o\000r\000\050\000\051}{subsection.4.4.1}% 59
\BOOKMARK [3][-]{subsubsection.4.4.1.8}{\376\377\0004\000.\0004\000.\0001\000.\0008\000\040\000f\000\137\000n\000o\000n\000n\000u\000l\000l\000\050\000\051}{subsection.4.4.1}% 60
\BOOKMARK [3][-]{subsubsection.4.4.1.9}{\376\377\0004\000.\0004\000.\0001\000.\0009\000\040\000f\000\137\000n\000o\000r\000e\000t\000u\000r\000n\000\050\000\051}{subsection.4.4.1}% 61
\BOOKMARK [3][-]{subsubsection.4.4.1.10}{\376\377\0004\000.\0004\000.\0001\000.\0001\0000\000\040\000f\000\137\000v\000i\000s\000i\000b\000i\000l\000i\000t\000y\000\050\000\051}{subsection.4.4.1}% 62
\BOOKMARK [3][-]{subsubsection.4.4.1.11}{\376\377\0004\000.\0004\000.\0001\000.\0001\0001\000\040\000f\000\137\000w\000a\000r\000n\000\137\000u\000n\000u\000s\000e\000d\000\137\000r\000e\000s\000u\000l\000t\000\050\000\051}{subsection.4.4.1}% 63
\BOOKMARK [3][-]{subsubsection.4.4.1.12}{\376\377\0004\000.\0004\000.\0001\000.\0001\0002\000\040\000f\000\137\000w\000e\000a\000k\000r\000e\000f\000\050\000\051}{subsection.4.4.1}% 64
\BOOKMARK [1][-]{section.4.5}{\376\377\0004\000.\0005\000\040\000s\000r\000c\000/\000f\000u\000n\000c\000t\000i\000o\000n\000/\000D\000e\000c\000l\000a\000r\000i\000n\000g\000\137\000A\000t\000t\000r\000i\000b\000u\000t\000e\000s\000\137\000o\000f\000\137\000F\000u\000n\000c\000t\000i\000o\000n\000s\0002\000.\000c\000\040\323\014\307\174\000\040\314\070\310\160}{chapter.4}% 65
\BOOKMARK [2][-]{subsection.4.5.1}{\376\377\0004\000.\0005\000.\0001\000\040\325\150\302\030\000\040\273\070\301\034\326\124}{section.4.5}% 66
\BOOKMARK [3][-]{subsubsection.4.5.1.1}{\376\377\0004\000.\0005\000.\0001\000.\0001\000\040\000f\000\137\000e\000x\000t\000e\000r\000n\000a\000l\000\050\000\051}{subsection.4.5.1}% 67
\BOOKMARK [1][-]{section.4.6}{\376\377\0004\000.\0006\000\040\000s\000r\000c\000/\000f\000u\000n\000c\000t\000i\000o\000n\000/\000D\000e\000c\000l\000a\000r\000i\000n\000g\000\137\000A\000t\000t\000r\000i\000b\000u\000t\000e\000s\000\137\000o\000f\000\137\000F\000u\000n\000c\000t\000i\000o\000n\000s\000\137\000m\000a\000i\000n\000.\000c\000\040\323\014\307\174\000\040\314\070\310\160}{chapter.4}% 68
\BOOKMARK [2][-]{subsection.4.6.1}{\376\377\0004\000.\0006\000.\0001\000\040\325\150\302\030\000\040\273\070\301\034\326\124}{section.4.6}% 69
\BOOKMARK [3][-]{subsubsection.4.6.1.1}{\376\377\0004\000.\0006\000.\0001\000.\0001\000\040\000s\000t\000f\000\137\000w\000e\000a\000k\000r\000e\000f\000\050\000\051}{subsection.4.6.1}% 70
\BOOKMARK [2][-]{subsection.4.6.2}{\376\377\0004\000.\0006\000.\0002\000\040\274\300\302\030\000\040\273\070\301\034\326\124}{section.4.6}% 71
\BOOKMARK [3][-]{subsubsection.4.6.2.1}{\376\377\0004\000.\0006\000.\0002\000.\0001\000\040\000p\000\137\000f\000u\000n\000c}{subsection.4.6.2}% 72
\BOOKMARK [1][-]{section.4.7}{\376\377\0004\000.\0007\000\040\000s\000r\000c\000/\000f\000u\000n\000c\000t\000i\000o\000n\000/\000m\000a\000i\000n\000.\000c\000\040\323\014\307\174\000\040\314\070\310\160}{chapter.4}% 73
\BOOKMARK [2][-]{subsection.4.7.1}{\376\377\0004\000.\0007\000.\0001\000\040\300\301\301\070\325\134\000\040\301\044\272\205}{section.4.7}% 74
\BOOKMARK [2][-]{subsection.4.7.2}{\376\377\0004\000.\0007\000.\0002\000\040\271\344\320\154\270\134\000\040\273\070\301\034\326\124}{section.4.7}% 75
\BOOKMARK [3][-]{subsubsection.4.7.2.1}{\376\377\0004\000.\0007\000.\0002\000.\0001\000\040\000A\000R\000R\000A\000Y\000\137\000S\000I\000Z\000E}{subsection.4.7.2}% 76
\BOOKMARK [3][-]{subsubsection.4.7.2.2}{\376\377\0004\000.\0007\000.\0002\000.\0002\000\040\000B\000U\000F\000F\000\137\000S\000I\000Z\000E}{subsection.4.7.2}% 77
\BOOKMARK [2][-]{subsection.4.7.3}{\376\377\0004\000.\0007\000.\0003\000\040\320\300\307\205\310\025\307\130\000\040\273\070\301\034\326\124}{section.4.7}% 78
\BOOKMARK [3][-]{subsubsection.4.7.3.1}{\376\377\0004\000.\0007\000.\0003\000.\0001\000\040\000I\000N\000V\000E\000N\000T\000O\000R\000Y}{subsection.4.7.3}% 79
\BOOKMARK [2][-]{subsection.4.7.4}{\376\377\0004\000.\0007\000.\0004\000\040\325\150\302\030\000\040\273\070\301\034\326\124}{section.4.7}% 80
\BOOKMARK [3][-]{subsubsection.4.7.4.1}{\376\377\0004\000.\0007\000.\0004\000.\0001\000\040\000d\000i\000s\000p\000I\000n\000v\000e\000n\000t\000o\000r\000y\000\050\000\051}{subsection.4.7.4}% 81
\BOOKMARK [3][-]{subsubsection.4.7.4.2}{\376\377\0004\000.\0007\000.\0004\000.\0002\000\040\000m\000a\000i\000n\000\050\000\051}{subsection.4.7.4}% 82
\BOOKMARK [3][-]{subsubsection.4.7.4.3}{\376\377\0004\000.\0007\000.\0004\000.\0003\000\040\000o\000p\000e\000r\000a\000t\000i\000o\000n\000E\000r\000r\000o\000r\000\050\000\051}{subsection.4.7.4}% 83
\BOOKMARK [3][-]{subsubsection.4.7.4.4}{\376\377\0004\000.\0007\000.\0004\000.\0004\000\040\000s\000l\000e\000e\000p\000\050\000\051}{subsection.4.7.4}% 84
\BOOKMARK [1][-]{section.4.8}{\376\377\0004\000.\0008\000\040\000s\000r\000c\000/\000p\000o\000i\000n\000t\000e\000r\000/\000m\000a\000i\000n\000.\000c\000\040\323\014\307\174\000\040\314\070\310\160}{chapter.4}% 85
\BOOKMARK [2][-]{subsection.4.8.1}{\376\377\0004\000.\0008\000.\0001\000\040\271\344\320\154\270\134\000\040\273\070\301\034\326\124}{section.4.8}% 86
\BOOKMARK [3][-]{subsubsection.4.8.1.1}{\376\377\0004\000.\0008\000.\0001\000.\0001\000\040\000C\000O\000L\000\137\000M\000A\000X}{subsection.4.8.1}% 87
\BOOKMARK [3][-]{subsubsection.4.8.1.2}{\376\377\0004\000.\0008\000.\0001\000.\0002\000\040\000R\000O\000W\000\137\000M\000A\000X}{subsection.4.8.1}% 88
\BOOKMARK [2][-]{subsection.4.8.2}{\376\377\0004\000.\0008\000.\0002\000\040\325\150\302\030\000\040\273\070\301\034\326\124}{section.4.8}% 89
\BOOKMARK [3][-]{subsubsection.4.8.2.1}{\376\377\0004\000.\0008\000.\0002\000.\0001\000\040\000m\000a\000i\000n\000\050\000\051}{subsection.4.8.2}% 90
\BOOKMARK [3][-]{subsubsection.4.8.2.2}{\376\377\0004\000.\0008\000.\0002\000.\0002\000\040\000v\000a\000P\000r\000i\000n\000t\000f\000\050\000\051}{subsection.4.8.2}% 91
\BOOKMARK [2][-]{subsection.4.8.3}{\376\377\0004\000.\0008\000.\0003\000\040\274\300\302\030\000\040\273\070\301\034\326\124}{section.4.8}% 92
\BOOKMARK [3][-]{subsubsection.4.8.3.1}{\376\377\0004\000.\0008\000.\0003\000.\0001\000\040\000a}{subsection.4.8.3}% 93
\BOOKMARK [1][-]{section.4.9}{\376\377\0004\000.\0009\000\040\000s\000r\000c\000/\000k\000e\000y\000w\000o\000r\000d\000/\000s\000t\000r\000u\000c\000t\000u\000r\000e\000.\000c\000\040\323\014\307\174\000\040\314\070\310\160}{chapter.4}% 94
\BOOKMARK [2][-]{subsection.4.9.1}{\376\377\0004\000.\0009\000.\0001\000\040\300\301\301\070\325\134\000\040\301\044\272\205}{section.4.9}% 95
\BOOKMARK [2][-]{subsection.4.9.2}{\376\377\0004\000.\0009\000.\0002\000\040\271\344\320\154\270\134\000\040\273\070\301\034\326\124}{section.4.9}% 96
\BOOKMARK [3][-]{subsubsection.4.9.2.1}{\376\377\0004\000.\0009\000.\0002\000.\0001\000\040\000B\000U\000F\000F\000\137\000S\000I\000Z\000E}{subsection.4.9.2}% 97
\BOOKMARK [2][-]{subsection.4.9.3}{\376\377\0004\000.\0009\000.\0003\000\040\320\300\307\205\310\025\307\130\000\040\273\070\301\034\326\124}{section.4.9}% 98
\BOOKMARK [3][-]{subsubsection.4.9.3.1}{\376\377\0004\000.\0009\000.\0003\000.\0001\000\040\000S\000T\000R\000U\000C\000T}{subsection.4.9.3}% 99
\BOOKMARK [2][-]{subsection.4.9.4}{\376\377\0004\000.\0009\000.\0004\000\040\325\150\302\030\000\040\273\070\301\034\326\124}{section.4.9}% 100
\BOOKMARK [3][-]{subsubsection.4.9.4.1}{\376\377\0004\000.\0009\000.\0004\000.\0001\000\040\000m\000a\000i\000n\000\050\000\051}{subsection.4.9.4}% 101
\BOOKMARK [1][-]{section.4.10}{\376\377\0004\000.\0001\0000\000\040\000s\000r\000c\000/\000l\000i\000b\000s\000t\000d\000/\000a\000b\000o\000r\000t\000.\000c\000\040\323\014\307\174\000\040\314\070\310\160}{chapter.4}% 102
\BOOKMARK [2][-]{subsection.4.10.1}{\376\377\0004\000.\0001\0000\000.\0001\000\040\300\301\301\070\325\134\000\040\301\044\272\205}{section.4.10}% 103
\BOOKMARK [2][-]{subsection.4.10.2}{\376\377\0004\000.\0001\0000\000.\0002\000\040\271\344\320\154\270\134\000\040\273\070\301\034\326\124}{section.4.10}% 104
\BOOKMARK [3][-]{subsubsection.4.10.2.1}{\376\377\0004\000.\0001\0000\000.\0002\000.\0001\000\040\000B\000U\000F\000F\000\137\000S\000I\000Z\000E}{subsection.4.10.2}% 105
\BOOKMARK [2][-]{subsection.4.10.3}{\376\377\0004\000.\0001\0000\000.\0003\000\040\320\300\307\205\310\025\307\130\000\040\273\070\301\034\326\124}{section.4.10}% 106
\BOOKMARK [3][-]{subsubsection.4.10.3.1}{\376\377\0004\000.\0001\0000\000.\0003\000.\0001\000\040\000S\000T\000R\000U\000C\000T}{subsection.4.10.3}% 107
\BOOKMARK [2][-]{subsection.4.10.4}{\376\377\0004\000.\0001\0000\000.\0004\000\040\325\150\302\030\000\040\273\070\301\034\326\124}{section.4.10}% 108
\BOOKMARK [3][-]{subsubsection.4.10.4.1}{\376\377\0004\000.\0001\0000\000.\0004\000.\0001\000\040\000m\000y\000A\000b\000o\000r\000t\000\050\000\051}{subsection.4.10.4}% 109
\BOOKMARK [1][-]{section.4.11}{\376\377\0004\000.\0001\0001\000\040\000s\000r\000c\000/\000l\000i\000b\000s\000t\000d\000/\000c\000l\000o\000c\000k\000.\000c\000\040\323\014\307\174\000\040\314\070\310\160}{chapter.4}% 110
\BOOKMARK [2][-]{subsection.4.11.1}{\376\377\0004\000.\0001\0001\000.\0001\000\040\300\301\301\070\325\134\000\040\301\044\272\205}{section.4.11}% 111
\BOOKMARK [2][-]{subsection.4.11.2}{\376\377\0004\000.\0001\0001\000.\0002\000\040\271\344\320\154\270\134\000\040\273\070\301\034\326\124}{section.4.11}% 112
\BOOKMARK [3][-]{subsubsection.4.11.2.1}{\376\377\0004\000.\0001\0001\000.\0002\000.\0001\000\040\000B\000U\000F\000F\000\137\000S\000I\000Z\000E}{subsection.4.11.2}% 113
\BOOKMARK [2][-]{subsection.4.11.3}{\376\377\0004\000.\0001\0001\000.\0003\000\040\320\300\307\205\310\025\307\130\000\040\273\070\301\034\326\124}{section.4.11}% 114
\BOOKMARK [3][-]{subsubsection.4.11.3.1}{\376\377\0004\000.\0001\0001\000.\0003\000.\0001\000\040\000D\000A\000T\000A}{subsection.4.11.3}% 115
\BOOKMARK [2][-]{subsection.4.11.4}{\376\377\0004\000.\0001\0001\000.\0004\000\040\325\150\302\030\000\040\273\070\301\034\326\124}{section.4.11}% 116
\BOOKMARK [3][-]{subsubsection.4.11.4.1}{\376\377\0004\000.\0001\0001\000.\0004\000.\0001\000\040\000m\000y\000M\000e\000m\000c\000p\000y\000\050\000\051}{subsection.4.11.4}% 117
\BOOKMARK [1][-]{section.4.12}{\376\377\0004\000.\0001\0002\000\040\000s\000r\000c\000/\000l\000i\000b\000s\000t\000d\000/\000c\000o\000m\000m\000o\000n\000.\000h\000\040\323\014\307\174\000\040\314\070\310\160}{chapter.4}% 118
\BOOKMARK [1][-]{section.4.13}{\376\377\0004\000.\0001\0003\000\040\000s\000r\000c\000/\000p\000o\000i\000n\000t\000e\000r\000/\000p\000t\000r\000.\000c\000\040\323\014\307\174\000\040\314\070\310\160}{chapter.4}% 119
\BOOKMARK [2][-]{subsection.4.13.1}{\376\377\0004\000.\0001\0003\000.\0001\000\040\271\344\320\154\270\134\000\040\273\070\301\034\326\124}{section.4.13}% 120
\BOOKMARK [3][-]{subsubsection.4.13.1.1}{\376\377\0004\000.\0001\0003\000.\0001\000.\0001\000\040\000S\000T\000A\000C\000K\000\137\000S\000I\000Z\000E}{subsection.4.13.1}% 121
\BOOKMARK [2][-]{subsection.4.13.2}{\376\377\0004\000.\0001\0003\000.\0002\000\040\320\300\307\205\310\025\307\130\000\040\273\070\301\034\326\124}{section.4.13}% 122
\BOOKMARK [3][-]{subsubsection.4.13.2.1}{\376\377\0004\000.\0001\0003\000.\0002\000.\0001\000\040\000s\000t\000a\000c\000k\000\137\000t}{subsection.4.13.2}% 123
\BOOKMARK [2][-]{subsection.4.13.3}{\376\377\0004\000.\0001\0003\000.\0003\000\040\325\150\302\030\000\040\273\070\301\034\326\124}{section.4.13}% 124
\BOOKMARK [3][-]{subsubsection.4.13.3.1}{\376\377\0004\000.\0001\0003\000.\0003\000.\0001\000\040\000p\000o\000p\000\050\000\051}{subsection.4.13.3}% 125
\BOOKMARK [3][-]{subsubsection.4.13.3.2}{\376\377\0004\000.\0001\0003\000.\0003\000.\0002\000\040\000p\000u\000s\000h\000\050\000\051}{subsection.4.13.3}% 126
\BOOKMARK [2][-]{subsection.4.13.4}{\376\377\0004\000.\0001\0003\000.\0004\000\040\274\300\302\030\000\040\273\070\301\034\326\124}{section.4.13}% 127
\BOOKMARK [3][-]{subsubsection.4.13.4.1}{\376\377\0004\000.\0001\0003\000.\0004\000.\0001\000\040\000s\000t\000a\000c\000k}{subsection.4.13.4}% 128
\BOOKMARK [3][-]{subsubsection.4.13.4.2}{\376\377\0004\000.\0001\0003\000.\0004\000.\0002\000\040\000t\000o\000p}{subsection.4.13.4}% 129
\BOOKMARK [1][-]{section.4.14}{\376\377\0004\000.\0001\0004\000\040\000s\000r\000c\000/\000p\000o\000i\000n\000t\000e\000r\000/\000p\000t\000r\000.\000h\000\040\323\014\307\174\000\040\314\070\310\160}{chapter.4}% 130
\BOOKMARK [0][-]{section*.64}{\376\377\300\311\307\170}{}% 131
