This file contains any messages produced by compilers while
running configure, to aid debugging if configure makes a mistake.

It was created by HarfBuzz configure 1.7.6, which was
generated by GNU Autoconf 2.69.  Invocation command line was

  $ ./configure 

## --------- ##
## Platform. ##
## --------- ##

hostname = iamjy1005-iMac
uname -m = x86_64
uname -r = 4.13.0-39-generic
uname -s = Linux
uname -v = #44~16.04.1-Ubuntu SMP Thu Apr 5 16:43:10 UTC 2018

/usr/bin/uname -p = unknown
/bin/uname -X     = unknown

/bin/arch              = unknown
/usr/bin/arch -k       = unknown
/usr/convex/getsysinfo = unknown
/usr/bin/hostinfo      = unknown
/bin/machine           = unknown
/usr/bin/oslevel       = unknown
/bin/universe          = unknown

PATH: /home/iamjy1005/bin
PATH: /home/iamjy1005/.local/bin
PATH: /home/iamjy1005/work/software/web/apache-maven-3.5.2/bin
PATH: /home/iamjy1005/bin
PATH: /home/iamjy1005/.local/bin
PATH: /home/iamjy1005/work/software/web/apache-maven-3.5.2/bin
PATH: /home/iamjy1005/bin
PATH: /home/iamjy1005/.local/bin
PATH: /home/iamjy1005/work/software/web/apache-maven-3.5.2/bin
PATH: /home/iamjy1005/bin
PATH: /home/iamjy1005/.local/bin
PATH: /home/iamjy1005/work/software/web/apache-maven-3.5.2/bin
PATH: /home/iamjy1005/work/software/web/apache-maven-3.5.2/bin
PATH: /home/iamjy1005/bin
PATH: /home/iamjy1005/.local/bin
PATH: /home/iamjy1005/work/software/web/apache-maven-3.5.2/bin
PATH: /home/iamjy1005/bin
PATH: /home/iamjy1005/.local/bin
PATH: /home/iamjy1005/work/software/web/apache-maven-3.5.2/bin
PATH: /home/iamjy1005/work/software/web/apache-maven-3.5.2/bin
PATH: /usr/local/sbin
PATH: /usr/local/bin
PATH: /usr/sbin
PATH: /usr/bin
PATH: /sbin
PATH: /bin
PATH: /usr/games
PATH: /usr/local/games
PATH: /snap/bin
PATH: /opt/toolchain/arm/linux/arm-2009q3-67/bin
PATH: /opt/t32/bin/pc_linux64
PATH: /opt/t32
PATH: /opt/toolchain/arm/linux/arm-2009q3-67/bin
PATH: /opt/t32/bin/pc_linux64
PATH: /opt/t32
PATH: /opt/toolchain/arm/linux/arm-2009q3-67/bin
PATH: /opt/t32/bin/pc_linux64
PATH: /opt/t32
PATH: /opt/toolchain/arm/linux/arm-2009q3-67/bin
PATH: /opt/t32/bin/pc_linux64
PATH: /opt/t32
PATH: /opt/toolchain/arm/linux/arm-2009q3-67/bin
PATH: /opt/toolchain/arm/linux/linaro/host
PATH: /opt/t32/bin/pc_linux64
PATH: /opt/t32
PATH: /opt/toolchain/arm/linux/arm-2009q3-67/bin
PATH: /opt/toolchain/arm/linux/linaro/host
PATH: /opt/t32/bin/pc_linux64
PATH: /opt/t32
PATH: /opt/toolchain/arm/linux/arm-2009q3-67/bin
PATH: /opt/toolchain/arm/linux/linaro/host
PATH: /opt/t32/bin/pc_linux64
PATH: /opt/t32
PATH: /opt/toolchain/arm/linux/arm-2009q3-67/bin
PATH: /opt/toolchain/arm/linux/linaro/host
PATH: /opt/t32/bin/pc_linux64
PATH: /opt/t32


## ----------- ##
## Core tests. ##
## ----------- ##

configure:2952: checking for a BSD-compatible install
configure:3020: result: /usr/bin/install -c
configure:3031: checking whether build environment is sane
configure:3086: result: yes
configure:3237: checking for a thread-safe mkdir -p
configure:3276: result: /bin/mkdir -p
configure:3283: checking for gawk
configure:3313: result: no
configure:3283: checking for mawk
configure:3299: found /usr/bin/mawk
configure:3310: result: mawk
configure:3321: checking whether make sets $(MAKE)
configure:3343: result: yes
configure:3372: checking whether make supports nested variables
configure:3389: result: yes
configure:3469: checking whether UID '1000' is supported by ustar format
configure:3472: result: yes
configure:3479: checking whether GID '1000' is supported by ustar format
configure:3482: result: yes
configure:3490: checking how to create a ustar tar archive
configure:3501: tar --version
tar (GNU tar) 1.28
Copyright (C) 2014 Free Software Foundation, Inc.
License GPLv3+: GNU GPL version 3 or later <http://gnu.org/licenses/gpl.html>.
This is free software: you are free to change and redistribute it.
There is NO WARRANTY, to the extent permitted by law.

Written by John Gilmore and Jay Fenlason.
configure:3504: $? = 0
configure:3544: tardir=conftest.dir && eval tar --format=ustar -chf - "$tardir" >conftest.tar
configure:3547: $? = 0
configure:3551: tar -xf - <conftest.tar
configure:3554: $? = 0
configure:3556: cat conftest.dir/file
GrepMe
configure:3559: $? = 0
configure:3572: result: gnutar
configure:3633: checking whether make supports nested variables
configure:3650: result: yes
configure:3661: checking for a sed that does not truncate output
configure:3725: result: /bin/sed
configure:3743: checking whether to build with code coverage support
configure:3763: result: no
configure:4114: checking for style of include used by make
configure:4142: result: GNU
configure:4213: checking for gcc
configure:4229: found /usr/bin/gcc
configure:4240: result: gcc
configure:4469: checking for C compiler version
configure:4478: gcc --version >&5
gcc (Ubuntu 5.4.0-6ubuntu1~16.04.9) 5.4.0 20160609
Copyright (C) 2015 Free Software Foundation, Inc.
This is free software; see the source for copying conditions.  There is NO
warranty; not even for MERCHANTABILITY or FITNESS FOR A PARTICULAR PURPOSE.

configure:4489: $? = 0
configure:4478: gcc -v >&5
Using built-in specs.
COLLECT_GCC=gcc
COLLECT_LTO_WRAPPER=/usr/lib/gcc/x86_64-linux-gnu/5/lto-wrapper
Target: x86_64-linux-gnu
Configured with: ../src/configure -v --with-pkgversion='Ubuntu 5.4.0-6ubuntu1~16.04.9' --with-bugurl=file:///usr/share/doc/gcc-5/README.Bugs --enable-languages=c,ada,c++,java,go,d,fortran,objc,obj-c++ --prefix=/usr --program-suffix=-5 --enable-shared --enable-linker-build-id --libexecdir=/usr/lib --without-included-gettext --enable-threads=posix --libdir=/usr/lib --enable-nls --with-sysroot=/ --enable-clocale=gnu --enable-libstdcxx-debug --enable-libstdcxx-time=yes --with-default-libstdcxx-abi=new --enable-gnu-unique-object --disable-vtable-verify --enable-libmpx --enable-plugin --with-system-zlib --disable-browser-plugin --enable-java-awt=gtk --enable-gtk-cairo --with-java-home=/usr/lib/jvm/java-1.5.0-gcj-5-amd64/jre --enable-java-home --with-jvm-root-dir=/usr/lib/jvm/java-1.5.0-gcj-5-amd64 --with-jvm-jar-dir=/usr/lib/jvm-exports/java-1.5.0-gcj-5-amd64 --with-arch-directory=amd64 --with-ecj-jar=/usr/share/java/eclipse-ecj.jar --enable-objc-gc --enable-multiarch --disable-werror --with-arch-32=i686 --with-abi=m64 --with-multilib-list=m32,m64,mx32 --enable-multilib --with-tune=generic --enable-checking=release --build=x86_64-linux-gnu --host=x86_64-linux-gnu --target=x86_64-linux-gnu
Thread model: posix
gcc version 5.4.0 20160609 (Ubuntu 5.4.0-6ubuntu1~16.04.9) 
configure:4489: $? = 0
configure:4478: gcc -V >&5
gcc: error: unrecognized command line option '-V'
gcc: fatal error: no input files
compilation terminated.
configure:4489: $? = 1
configure:4478: gcc -qversion >&5
gcc: error: unrecognized command line option '-qversion'
gcc: fatal error: no input files
compilation terminated.
configure:4489: $? = 1
configure:4509: checking whether the C compiler works
configure:4531: gcc    conftest.c  >&5
configure:4535: $? = 0
configure:4583: result: yes
configure:4586: checking for C compiler default output file name
configure:4588: result: a.out
configure:4594: checking for suffix of executables
configure:4601: gcc -o conftest    conftest.c  >&5
configure:4605: $? = 0
configure:4627: result: 
configure:4649: checking whether we are cross compiling
configure:4657: gcc -o conftest    conftest.c  >&5
configure:4661: $? = 0
configure:4668: ./conftest
configure:4672: $? = 0
configure:4687: result: no
configure:4692: checking for suffix of object files
configure:4714: gcc -c   conftest.c >&5
configure:4718: $? = 0
configure:4739: result: o
configure:4743: checking whether we are using the GNU C compiler
configure:4762: gcc -c   conftest.c >&5
configure:4762: $? = 0
configure:4771: result: yes
configure:4780: checking whether gcc accepts -g
configure:4800: gcc -c -g  conftest.c >&5
configure:4800: $? = 0
configure:4841: result: yes
configure:4858: checking for gcc option to accept ISO C89
configure:4921: gcc  -c -g -O2  conftest.c >&5
configure:4921: $? = 0
configure:4934: result: none needed
configure:4959: checking whether gcc understands -c and -o together
configure:4981: gcc -c conftest.c -o conftest2.o
configure:4984: $? = 0
configure:4981: gcc -c conftest.c -o conftest2.o
configure:4984: $? = 0
configure:4996: result: yes
configure:5015: checking dependency style of gcc
configure:5126: result: gcc3
configure:5191: checking for ar
configure:5207: found /usr/bin/ar
configure:5218: result: ar
configure:5244: checking the archiver (ar) interface
configure:5260: gcc -c -g -O2  conftest.c >&5
configure:5260: $? = 0
configure:5262: ar cru libconftest.a conftest.o >&5
ar: `u' modifier ignored since `D' is the default (see `U')
configure:5265: $? = 0
configure:5293: result: ar
configure:5343: checking build system type
configure:5357: result: x86_64-pc-linux-gnu
configure:5377: checking host system type
configure:5390: result: x86_64-pc-linux-gnu
configure:5431: checking how to print strings
configure:5458: result: printf
configure:5479: checking for a sed that does not truncate output
configure:5543: result: /bin/sed
configure:5561: checking for grep that handles long lines and -e
configure:5619: result: /bin/grep
configure:5624: checking for egrep
configure:5686: result: /bin/grep -E
configure:5691: checking for fgrep
configure:5753: result: /bin/grep -F
configure:5788: checking for ld used by gcc
configure:5855: result: /usr/bin/ld
configure:5862: checking if the linker (/usr/bin/ld) is GNU ld
configure:5877: result: yes
configure:5889: checking for BSD- or MS-compatible name lister (nm)
configure:5943: result: /usr/bin/nm -B
configure:6073: checking the name lister (/usr/bin/nm -B) interface
configure:6080: gcc -c -g -O2  conftest.c >&5
configure:6083: /usr/bin/nm -B "conftest.o"
configure:6086: output
0000000000000000 B some_variable
configure:6093: result: BSD nm
configure:6096: checking whether ln -s works
configure:6100: result: yes
configure:6108: checking the maximum length of command line arguments
configure:6239: result: 1572864
configure:6287: checking how to convert x86_64-pc-linux-gnu file names to x86_64-pc-linux-gnu format
configure:6327: result: func_convert_file_noop
configure:6334: checking how to convert x86_64-pc-linux-gnu file names to toolchain format
configure:6354: result: func_convert_file_noop
configure:6361: checking for /usr/bin/ld option to reload object files
configure:6368: result: -r
configure:6442: checking for objdump
configure:6458: found /usr/bin/objdump
configure:6469: result: objdump
configure:6501: checking how to recognize dependent libraries
configure:6701: result: pass_all
configure:6786: checking for dlltool
configure:6816: result: no
configure:6846: checking how to associate runtime and link libraries
configure:6873: result: printf %s\n
configure:6997: checking for archiver @FILE support
configure:7014: gcc -c -g -O2  conftest.c >&5
configure:7014: $? = 0
configure:7017: ar cru libconftest.a @conftest.lst >&5
ar: `u' modifier ignored since `D' is the default (see `U')
configure:7020: $? = 0
configure:7025: ar cru libconftest.a @conftest.lst >&5
ar: `u' modifier ignored since `D' is the default (see `U')
ar: conftest.o: No such file or directory
configure:7028: $? = 1
configure:7040: result: @
configure:7098: checking for strip
configure:7114: found /usr/bin/strip
configure:7125: result: strip
configure:7197: checking for ranlib
configure:7213: found /usr/bin/ranlib
configure:7224: result: ranlib
configure:7326: checking command to parse /usr/bin/nm -B output from gcc object
configure:7479: gcc -c -g -O2  conftest.c >&5
configure:7482: $? = 0
configure:7486: /usr/bin/nm -B conftest.o \| sed -n -e 's/^.*[ ]\([ABCDGIRSTW][ABCDGIRSTW]*\)[ ][ ]*\([_A-Za-z][_A-Za-z0-9]*\)$/\1 \2 \2/p' | sed '/ __gnu_lto/d' \> conftest.nm
configure:7489: $? = 0
configure:7555: gcc -o conftest -g -O2   conftest.c conftstm.o >&5
configure:7558: $? = 0
configure:7596: result: ok
configure:7643: checking for sysroot
configure:7673: result: no
configure:7680: checking for a working dd
configure:7718: result: /bin/dd
configure:7722: checking how to truncate binary pipes
configure:7737: result: /bin/dd bs=4096 count=1
configure:7873: gcc -c -g -O2  conftest.c >&5
configure:7876: $? = 0
configure:8066: checking for mt
configure:8082: found /bin/mt
configure:8093: result: mt
configure:8116: checking if mt is a manifest tool
configure:8122: mt '-?'
configure:8130: result: no
configure:8807: checking how to run the C preprocessor
configure:8838: gcc -E  conftest.c
configure:8838: $? = 0
configure:8852: gcc -E  conftest.c
conftest.c:9:28: fatal error: ac_nonexistent.h: No such file or directory
compilation terminated.
configure:8852: $? = 1
configure: failed program was:
| /* confdefs.h */
| #define PACKAGE_NAME "HarfBuzz"
| #define PACKAGE_TARNAME "harfbuzz"
| #define PACKAGE_VERSION "1.7.6"
| #define PACKAGE_STRING "HarfBuzz 1.7.6"
| #define PACKAGE_BUGREPORT "https://github.com/harfbuzz/harfbuzz/issues/new"
| #define PACKAGE_URL "http://harfbuzz.org/"
| /* end confdefs.h.  */
| #include <ac_nonexistent.h>
configure:8877: result: gcc -E
configure:8897: gcc -E  conftest.c
configure:8897: $? = 0
configure:8911: gcc -E  conftest.c
conftest.c:9:28: fatal error: ac_nonexistent.h: No such file or directory
compilation terminated.
configure:8911: $? = 1
configure: failed program was:
| /* confdefs.h */
| #define PACKAGE_NAME "HarfBuzz"
| #define PACKAGE_TARNAME "harfbuzz"
| #define PACKAGE_VERSION "1.7.6"
| #define PACKAGE_STRING "HarfBuzz 1.7.6"
| #define PACKAGE_BUGREPORT "https://github.com/harfbuzz/harfbuzz/issues/new"
| #define PACKAGE_URL "http://harfbuzz.org/"
| /* end confdefs.h.  */
| #include <ac_nonexistent.h>
configure:8940: checking for ANSI C header files
configure:8960: gcc -c -g -O2  conftest.c >&5
configure:8960: $? = 0
configure:9033: gcc -o conftest -g -O2   conftest.c  >&5
configure:9033: $? = 0
configure:9033: ./conftest
configure:9033: $? = 0
configure:9044: result: yes
configure:9057: checking for sys/types.h
configure:9057: gcc -c -g -O2  conftest.c >&5
configure:9057: $? = 0
configure:9057: result: yes
configure:9057: checking for sys/stat.h
configure:9057: gcc -c -g -O2  conftest.c >&5
configure:9057: $? = 0
configure:9057: result: yes
configure:9057: checking for stdlib.h
configure:9057: gcc -c -g -O2  conftest.c >&5
configure:9057: $? = 0
configure:9057: result: yes
configure:9057: checking for string.h
configure:9057: gcc -c -g -O2  conftest.c >&5
configure:9057: $? = 0
configure:9057: result: yes
configure:9057: checking for memory.h
configure:9057: gcc -c -g -O2  conftest.c >&5
configure:9057: $? = 0
configure:9057: result: yes
configure:9057: checking for strings.h
configure:9057: gcc -c -g -O2  conftest.c >&5
configure:9057: $? = 0
configure:9057: result: yes
configure:9057: checking for inttypes.h
configure:9057: gcc -c -g -O2  conftest.c >&5
configure:9057: $? = 0
configure:9057: result: yes
configure:9057: checking for stdint.h
configure:9057: gcc -c -g -O2  conftest.c >&5
configure:9057: $? = 0
configure:9057: result: yes
configure:9057: checking for unistd.h
configure:9057: gcc -c -g -O2  conftest.c >&5
configure:9057: $? = 0
configure:9057: result: yes
configure:9071: checking for dlfcn.h
configure:9071: gcc -c -g -O2  conftest.c >&5
configure:9071: $? = 0
configure:9071: result: yes
configure:9326: checking for objdir
configure:9341: result: .libs
configure:9605: checking if gcc supports -fno-rtti -fno-exceptions
configure:9623: gcc -c -g -O2  -fno-rtti -fno-exceptions conftest.c >&5
cc1: warning: command line option '-fno-rtti' is valid for C++/ObjC++ but not for C
configure:9627: $? = 0
configure:9640: result: no
configure:9998: checking for gcc option to produce PIC
configure:10005: result: -fPIC -DPIC
configure:10013: checking if gcc PIC flag -fPIC -DPIC works
configure:10031: gcc -c -g -O2  -fPIC -DPIC -DPIC conftest.c >&5
configure:10035: $? = 0
configure:10048: result: yes
configure:10077: checking if gcc static flag -static works
configure:10105: result: yes
configure:10120: checking if gcc supports -c -o file.o
configure:10141: gcc -c -g -O2  -o out/conftest2.o conftest.c >&5
configure:10145: $? = 0
configure:10167: result: yes
configure:10175: checking if gcc supports -c -o file.o
configure:10222: result: yes
configure:10255: checking whether the gcc linker (/usr/bin/ld -m elf_x86_64) supports shared libraries
configure:11518: result: yes
configure:11555: checking whether -lc should be explicitly linked in
configure:11563: gcc -c -g -O2  conftest.c >&5
configure:11566: $? = 0
configure:11581: gcc -shared  -fPIC -DPIC conftest.o  -v -Wl,-soname -Wl,conftest -o conftest 2\>\&1 \| /bin/grep  -lc  \>/dev/null 2\>\&1
configure:11584: $? = 0
configure:11598: result: no
configure:11758: checking dynamic linker characteristics
configure:12339: gcc -o conftest -g -O2   -Wl,-rpath -Wl,/foo conftest.c  >&5
configure:12339: $? = 0
configure:12588: result: GNU/Linux ld.so
configure:12710: checking how to hardcode library paths into programs
configure:12735: result: immediate
configure:13283: checking whether stripping libraries is possible
configure:13288: result: yes
configure:13323: checking if libtool supports shared libraries
configure:13325: result: yes
configure:13328: checking whether to build shared libraries
configure:13353: result: yes
configure:13356: checking whether to build static libraries
configure:13360: result: no
configure:13400: checking minix/config.h usability
configure:13400: gcc -c -g -O2  conftest.c >&5
conftest.c:54:26: fatal error: minix/config.h: No such file or directory
compilation terminated.
configure:13400: $? = 1
configure: failed program was:
| /* confdefs.h */
| #define PACKAGE_NAME "HarfBuzz"
| #define PACKAGE_TARNAME "harfbuzz"
| #define PACKAGE_VERSION "1.7.6"
| #define PACKAGE_STRING "HarfBuzz 1.7.6"
| #define PACKAGE_BUGREPORT "https://github.com/harfbuzz/harfbuzz/issues/new"
| #define PACKAGE_URL "http://harfbuzz.org/"
| #define STDC_HEADERS 1
| #define HAVE_SYS_TYPES_H 1
| #define HAVE_SYS_STAT_H 1
| #define HAVE_STDLIB_H 1
| #define HAVE_STRING_H 1
| #define HAVE_MEMORY_H 1
| #define HAVE_STRINGS_H 1
| #define HAVE_INTTYPES_H 1
| #define HAVE_STDINT_H 1
| #define HAVE_UNISTD_H 1
| #define HAVE_DLFCN_H 1
| #define LT_OBJDIR ".libs/"
| /* end confdefs.h.  */
| #include <stdio.h>
| #ifdef HAVE_SYS_TYPES_H
| # include <sys/types.h>
| #endif
| #ifdef HAVE_SYS_STAT_H
| # include <sys/stat.h>
| #endif
| #ifdef STDC_HEADERS
| # include <stdlib.h>
| # include <stddef.h>
| #else
| # ifdef HAVE_STDLIB_H
| #  include <stdlib.h>
| # endif
| #endif
| #ifdef HAVE_STRING_H
| # if !defined STDC_HEADERS && defined HAVE_MEMORY_H
| #  include <memory.h>
| # endif
| # include <string.h>
| #endif
| #ifdef HAVE_STRINGS_H
| # include <strings.h>
| #endif
| #ifdef HAVE_INTTYPES_H
| # include <inttypes.h>
| #endif
| #ifdef HAVE_STDINT_H
| # include <stdint.h>
| #endif
| #ifdef HAVE_UNISTD_H
| # include <unistd.h>
| #endif
| #include <minix/config.h>
configure:13400: result: no
configure:13400: checking minix/config.h presence
configure:13400: gcc -E  conftest.c
conftest.c:21:26: fatal error: minix/config.h: No such file or directory
compilation terminated.
configure:13400: $? = 1
configure: failed program was:
| /* confdefs.h */
| #define PACKAGE_NAME "HarfBuzz"
| #define PACKAGE_TARNAME "harfbuzz"
| #define PACKAGE_VERSION "1.7.6"
| #define PACKAGE_STRING "HarfBuzz 1.7.6"
| #define PACKAGE_BUGREPORT "https://github.com/harfbuzz/harfbuzz/issues/new"
| #define PACKAGE_URL "http://harfbuzz.org/"
| #define STDC_HEADERS 1
| #define HAVE_SYS_TYPES_H 1
| #define HAVE_SYS_STAT_H 1
| #define HAVE_STDLIB_H 1
| #define HAVE_STRING_H 1
| #define HAVE_MEMORY_H 1
| #define HAVE_STRINGS_H 1
| #define HAVE_INTTYPES_H 1
| #define HAVE_STDINT_H 1
| #define HAVE_UNISTD_H 1
| #define HAVE_DLFCN_H 1
| #define LT_OBJDIR ".libs/"
| /* end confdefs.h.  */
| #include <minix/config.h>
configure:13400: result: no
configure:13400: checking for minix/config.h
configure:13400: result: no
configure:13421: checking whether it is safe to define __EXTENSIONS__
configure:13439: gcc -c -g -O2  conftest.c >&5
configure:13439: $? = 0
configure:13446: result: yes
configure:13508: checking for gcc
configure:13535: result: gcc
configure:13764: checking for C compiler version
configure:13773: gcc --version >&5
gcc (Ubuntu 5.4.0-6ubuntu1~16.04.9) 5.4.0 20160609
Copyright (C) 2015 Free Software Foundation, Inc.
This is free software; see the source for copying conditions.  There is NO
warranty; not even for MERCHANTABILITY or FITNESS FOR A PARTICULAR PURPOSE.

configure:13784: $? = 0
configure:13773: gcc -v >&5
Using built-in specs.
COLLECT_GCC=gcc
COLLECT_LTO_WRAPPER=/usr/lib/gcc/x86_64-linux-gnu/5/lto-wrapper
Target: x86_64-linux-gnu
Configured with: ../src/configure -v --with-pkgversion='Ubuntu 5.4.0-6ubuntu1~16.04.9' --with-bugurl=file:///usr/share/doc/gcc-5/README.Bugs --enable-languages=c,ada,c++,java,go,d,fortran,objc,obj-c++ --prefix=/usr --program-suffix=-5 --enable-shared --enable-linker-build-id --libexecdir=/usr/lib --without-included-gettext --enable-threads=posix --libdir=/usr/lib --enable-nls --with-sysroot=/ --enable-clocale=gnu --enable-libstdcxx-debug --enable-libstdcxx-time=yes --with-default-libstdcxx-abi=new --enable-gnu-unique-object --disable-vtable-verify --enable-libmpx --enable-plugin --with-system-zlib --disable-browser-plugin --enable-java-awt=gtk --enable-gtk-cairo --with-java-home=/usr/lib/jvm/java-1.5.0-gcj-5-amd64/jre --enable-java-home --with-jvm-root-dir=/usr/lib/jvm/java-1.5.0-gcj-5-amd64 --with-jvm-jar-dir=/usr/lib/jvm-exports/java-1.5.0-gcj-5-amd64 --with-arch-directory=amd64 --with-ecj-jar=/usr/share/java/eclipse-ecj.jar --enable-objc-gc --enable-multiarch --disable-werror --with-arch-32=i686 --with-abi=m64 --with-multilib-list=m32,m64,mx32 --enable-multilib --with-tune=generic --enable-checking=release --build=x86_64-linux-gnu --host=x86_64-linux-gnu --target=x86_64-linux-gnu
Thread model: posix
gcc version 5.4.0 20160609 (Ubuntu 5.4.0-6ubuntu1~16.04.9) 
configure:13784: $? = 0
configure:13773: gcc -V >&5
gcc: error: unrecognized command line option '-V'
gcc: fatal error: no input files
compilation terminated.
configure:13784: $? = 1
configure:13773: gcc -qversion >&5
gcc: error: unrecognized command line option '-qversion'
gcc: fatal error: no input files
compilation terminated.
configure:13784: $? = 1
configure:13788: checking whether we are using the GNU C compiler
configure:13816: result: yes
configure:13825: checking whether gcc accepts -g
configure:13886: result: yes
configure:13903: checking for gcc option to accept ISO C89
configure:13979: result: none needed
configure:14004: checking whether gcc understands -c and -o together
configure:14041: result: yes
configure:14060: checking dependency style of gcc
configure:14171: result: gcc3
configure:14186: checking for gcc option to accept ISO C99
configure:14335: gcc  -c -g -O2  conftest.c >&5
configure:14335: $? = 0
configure:14348: result: none needed
configure:14422: checking for g++
configure:14438: found /usr/bin/g++
configure:14449: result: g++
configure:14476: checking for C++ compiler version
configure:14485: g++ --version >&5
g++ (Ubuntu 5.4.0-6ubuntu1~16.04.9) 5.4.0 20160609
Copyright (C) 2015 Free Software Foundation, Inc.
This is free software; see the source for copying conditions.  There is NO
warranty; not even for MERCHANTABILITY or FITNESS FOR A PARTICULAR PURPOSE.

configure:14496: $? = 0
configure:14485: g++ -v >&5
Using built-in specs.
COLLECT_GCC=g++
COLLECT_LTO_WRAPPER=/usr/lib/gcc/x86_64-linux-gnu/5/lto-wrapper
Target: x86_64-linux-gnu
Configured with: ../src/configure -v --with-pkgversion='Ubuntu 5.4.0-6ubuntu1~16.04.9' --with-bugurl=file:///usr/share/doc/gcc-5/README.Bugs --enable-languages=c,ada,c++,java,go,d,fortran,objc,obj-c++ --prefix=/usr --program-suffix=-5 --enable-shared --enable-linker-build-id --libexecdir=/usr/lib --without-included-gettext --enable-threads=posix --libdir=/usr/lib --enable-nls --with-sysroot=/ --enable-clocale=gnu --enable-libstdcxx-debug --enable-libstdcxx-time=yes --with-default-libstdcxx-abi=new --enable-gnu-unique-object --disable-vtable-verify --enable-libmpx --enable-plugin --with-system-zlib --disable-browser-plugin --enable-java-awt=gtk --enable-gtk-cairo --with-java-home=/usr/lib/jvm/java-1.5.0-gcj-5-amd64/jre --enable-java-home --with-jvm-root-dir=/usr/lib/jvm/java-1.5.0-gcj-5-amd64 --with-jvm-jar-dir=/usr/lib/jvm-exports/java-1.5.0-gcj-5-amd64 --with-arch-directory=amd64 --with-ecj-jar=/usr/share/java/eclipse-ecj.jar --enable-objc-gc --enable-multiarch --disable-werror --with-arch-32=i686 --with-abi=m64 --with-multilib-list=m32,m64,mx32 --enable-multilib --with-tune=generic --enable-checking=release --build=x86_64-linux-gnu --host=x86_64-linux-gnu --target=x86_64-linux-gnu
Thread model: posix
gcc version 5.4.0 20160609 (Ubuntu 5.4.0-6ubuntu1~16.04.9) 
configure:14496: $? = 0
configure:14485: g++ -V >&5
g++: error: unrecognized command line option '-V'
g++: fatal error: no input files
compilation terminated.
configure:14496: $? = 1
configure:14485: g++ -qversion >&5
g++: error: unrecognized command line option '-qversion'
g++: fatal error: no input files
compilation terminated.
configure:14496: $? = 1
configure:14500: checking whether we are using the GNU C++ compiler
configure:14519: g++ -c   conftest.cpp >&5
configure:14519: $? = 0
configure:14528: result: yes
configure:14537: checking whether g++ accepts -g
configure:14557: g++ -c -g  conftest.cpp >&5
configure:14557: $? = 0
configure:14598: result: yes
configure:14623: checking dependency style of g++
configure:14734: result: gcc3
configure:14767: checking how to run the C++ preprocessor
configure:14794: g++ -E  conftest.cpp
configure:14794: $? = 0
configure:14808: g++ -E  conftest.cpp
conftest.cpp:26:28: fatal error: ac_nonexistent.h: No such file or directory
compilation terminated.
configure:14808: $? = 1
configure: failed program was:
| /* confdefs.h */
| #define PACKAGE_NAME "HarfBuzz"
| #define PACKAGE_TARNAME "harfbuzz"
| #define PACKAGE_VERSION "1.7.6"
| #define PACKAGE_STRING "HarfBuzz 1.7.6"
| #define PACKAGE_BUGREPORT "https://github.com/harfbuzz/harfbuzz/issues/new"
| #define PACKAGE_URL "http://harfbuzz.org/"
| #define STDC_HEADERS 1
| #define HAVE_SYS_TYPES_H 1
| #define HAVE_SYS_STAT_H 1
| #define HAVE_STDLIB_H 1
| #define HAVE_STRING_H 1
| #define HAVE_MEMORY_H 1
| #define HAVE_STRINGS_H 1
| #define HAVE_INTTYPES_H 1
| #define HAVE_STDINT_H 1
| #define HAVE_UNISTD_H 1
| #define HAVE_DLFCN_H 1
| #define LT_OBJDIR ".libs/"
| #define __EXTENSIONS__ 1
| #define _ALL_SOURCE 1
| #define _GNU_SOURCE 1
| #define _POSIX_PTHREAD_SEMANTICS 1
| #define _TANDEM_SOURCE 1
| /* end confdefs.h.  */
| #include <ac_nonexistent.h>
configure:14833: result: g++ -E
configure:14853: g++ -E  conftest.cpp
configure:14853: $? = 0
configure:14867: g++ -E  conftest.cpp
conftest.cpp:26:28: fatal error: ac_nonexistent.h: No such file or directory
compilation terminated.
configure:14867: $? = 1
configure: failed program was:
| /* confdefs.h */
| #define PACKAGE_NAME "HarfBuzz"
| #define PACKAGE_TARNAME "harfbuzz"
| #define PACKAGE_VERSION "1.7.6"
| #define PACKAGE_STRING "HarfBuzz 1.7.6"
| #define PACKAGE_BUGREPORT "https://github.com/harfbuzz/harfbuzz/issues/new"
| #define PACKAGE_URL "http://harfbuzz.org/"
| #define STDC_HEADERS 1
| #define HAVE_SYS_TYPES_H 1
| #define HAVE_SYS_STAT_H 1
| #define HAVE_STDLIB_H 1
| #define HAVE_STRING_H 1
| #define HAVE_MEMORY_H 1
| #define HAVE_STRINGS_H 1
| #define HAVE_INTTYPES_H 1
| #define HAVE_STDINT_H 1
| #define HAVE_UNISTD_H 1
| #define HAVE_DLFCN_H 1
| #define LT_OBJDIR ".libs/"
| #define __EXTENSIONS__ 1
| #define _ALL_SOURCE 1
| #define _GNU_SOURCE 1
| #define _POSIX_PTHREAD_SEMANTICS 1
| #define _TANDEM_SOURCE 1
| /* end confdefs.h.  */
| #include <ac_nonexistent.h>
configure:15029: checking for ld used by g++
configure:15096: result: /usr/bin/ld -m elf_x86_64
configure:15103: checking if the linker (/usr/bin/ld -m elf_x86_64) is GNU ld
configure:15118: result: yes
configure:15173: checking whether the g++ linker (/usr/bin/ld -m elf_x86_64) supports shared libraries
configure:16246: result: yes
configure:16282: g++ -c -g -O2  conftest.cpp >&5
configure:16285: $? = 0
configure:16766: checking for g++ option to produce PIC
configure:16773: result: -fPIC -DPIC
configure:16781: checking if g++ PIC flag -fPIC -DPIC works
configure:16799: g++ -c -g -O2  -fPIC -DPIC -DPIC conftest.cpp >&5
configure:16803: $? = 0
configure:16816: result: yes
configure:16839: checking if g++ static flag -static works
configure:16867: result: yes
configure:16879: checking if g++ supports -c -o file.o
configure:16900: g++ -c -g -O2  -o out/conftest2.o conftest.cpp >&5
configure:16904: $? = 0
configure:16926: result: yes
configure:16931: checking if g++ supports -c -o file.o
configure:16978: result: yes
configure:17008: checking whether the g++ linker (/usr/bin/ld -m elf_x86_64) supports shared libraries
configure:17051: result: yes
configure:17192: checking dynamic linker characteristics
configure:17949: result: GNU/Linux ld.so
configure:18014: checking how to hardcode library paths into programs
configure:18039: result: immediate
configure:18086: checking for special C compiler options needed for large files
configure:18131: result: no
configure:18137: checking for _FILE_OFFSET_BITS value needed for large files
configure:18162: gcc -c -g -O2  conftest.c >&5
configure:18162: $? = 0
configure:18194: result: no
configure:18328: checking for pkg-config
configure:18346: found /usr/bin/pkg-config
configure:18358: result: /usr/bin/pkg-config
configure:18383: checking pkg-config is at least version 0.20
configure:18386: result: yes
configure:18448: checking for gtk-doc
configure:18451: $PKG_CONFIG --exists --print-errors "$gtk_doc_requires"
configure:18454: $? = 0
configure:18460: result: yes
configure:18474: checking for gtkdoc-check
configure:18490: found /usr/bin/gtkdoc-check
configure:18501: result: gtkdoc-check.test
configure:18511: checking for gtkdoc-check
configure:18529: found /usr/bin/gtkdoc-check
configure:18541: result: /usr/bin/gtkdoc-check
configure:18553: checking for gtkdoc-rebase
configure:18571: found /usr/bin/gtkdoc-rebase
configure:18583: result: /usr/bin/gtkdoc-rebase
configure:18597: checking for gtkdoc-mkpdf
configure:18615: found /usr/bin/gtkdoc-mkpdf
configure:18627: result: /usr/bin/gtkdoc-mkpdf
configure:18655: checking whether to build gtk-doc documentation
configure:18657: result: no
configure:18670: checking for GTKDOC_DEPS
configure:18678: $PKG_CONFIG --exists --print-errors "glib-2.0 >= 2.10.0 gobject-2.0  >= 2.10.0"
configure:18681: $? = 0
configure:18696: $PKG_CONFIG --exists --print-errors "glib-2.0 >= 2.10.0 gobject-2.0  >= 2.10.0"
configure:18699: $? = 0
configure:18735: result: yes
configure:18823: checking for atexit
configure:18823: gcc -o conftest -g -O2   conftest.c  >&5
configure:18823: $? = 0
configure:18823: result: yes
configure:18823: checking for mprotect
configure:18823: gcc -o conftest -g -O2   conftest.c  >&5
configure:18823: $? = 0
configure:18823: result: yes
configure:18823: checking for sysconf
configure:18823: gcc -o conftest -g -O2   conftest.c  >&5
configure:18823: $? = 0
configure:18823: result: yes
configure:18823: checking for getpagesize
configure:18823: gcc -o conftest -g -O2   conftest.c  >&5
configure:18823: $? = 0
configure:18823: result: yes
configure:18823: checking for mmap
configure:18823: gcc -o conftest -g -O2   conftest.c  >&5
configure:18823: $? = 0
configure:18823: result: yes
configure:18823: checking for isatty
configure:18823: gcc -o conftest -g -O2   conftest.c  >&5
configure:18823: $? = 0
configure:18823: result: yes
configure:18823: checking for newlocale
configure:18823: gcc -o conftest -g -O2   conftest.c  >&5
configure:18823: $? = 0
configure:18823: result: yes
configure:18823: checking for strtod_l
configure:18823: gcc -o conftest -g -O2   conftest.c  >&5
configure:18823: $? = 0
configure:18823: result: yes
configure:18823: checking for setlinebuf
configure:18823: gcc -o conftest -g -O2   conftest.c  >&5
configure:18823: $? = 0
configure:18823: result: yes
configure:18835: checking for unistd.h
configure:18835: result: yes
configure:18835: checking sys/mman.h usability
configure:18835: gcc -c -g -O2  conftest.c >&5
configure:18835: $? = 0
configure:18835: result: yes
configure:18835: checking sys/mman.h presence
configure:18835: gcc -E  conftest.c
configure:18835: $? = 0
configure:18835: result: yes
configure:18835: checking for sys/mman.h
configure:18835: result: yes
configure:18835: checking xlocale.h usability
configure:18835: gcc -c -g -O2  conftest.c >&5
configure:18835: $? = 0
configure:18835: result: yes
configure:18835: checking xlocale.h presence
configure:18835: gcc -E  conftest.c
configure:18835: $? = 0
configure:18835: result: yes
configure:18835: checking for xlocale.h
configure:18835: result: yes
configure:18850: checking alignment of struct{char;}
configure:18855: gcc -o conftest -g -O2   conftest.c  >&5
conftest.c:74:37: warning: declaration does not declare anything
 typedef struct { char x; struct{char;} y; } ac__type_alignof_;
                                     ^
configure:18855: $? = 0
configure:18855: ./conftest
configure:18855: $? = 0
configure:18873: result: 1
configure:18920: checking for native Win32
configure:18927: result: no
configure:19123: checking whether gcc is Clang
configure:19148: result: no
configure:19271: checking whether pthreads work with -pthread
configure:19365: gcc -o conftest -g -O2 -pthread   -Bsymbolic-functions conftest.c   >&5
configure:19365: $? = 0
configure:19374: result: yes
configure:19393: checking for joinable pthread attribute
configure:19411: gcc -o conftest -g -O2 -pthread   -Bsymbolic-functions conftest.c   >&5
configure:19411: $? = 0
configure:19419: result: PTHREAD_CREATE_JOINABLE
configure:19433: checking whether more special flags are required for pthreads
configure:19446: result: no
configure:19454: checking for PTHREAD_PRIO_INHERIT
configure:19470: gcc -o conftest -g -O2 -pthread   -Bsymbolic-functions conftest.c   >&5
configure:19470: $? = 0
configure:19479: result: yes
configure:19640: checking for GLIB
configure:19648: $PKG_CONFIG --exists --print-errors "$GLIB_DEPS"
configure:19651: $? = 0
configure:19666: $PKG_CONFIG --exists --print-errors "$GLIB_DEPS"
configure:19669: $? = 0
configure:19705: result: yes
configure:19858: checking for CAIRO
configure:19866: $PKG_CONFIG --exists --print-errors "cairo >= 1.8.0"
configure:19869: $? = 0
configure:19884: $PKG_CONFIG --exists --print-errors "cairo >= 1.8.0"
configure:19887: $? = 0
configure:19923: result: yes
configure:19949: checking for CAIRO_FT
configure:19957: $PKG_CONFIG --exists --print-errors "cairo-ft"
configure:19960: $? = 0
configure:19975: $PKG_CONFIG --exists --print-errors "cairo-ft"
configure:19978: $? = 0
configure:20014: result: yes
configure:20046: checking for FONTCONFIG
configure:20054: $PKG_CONFIG --exists --print-errors "fontconfig"
configure:20057: $? = 0
configure:20072: $PKG_CONFIG --exists --print-errors "fontconfig"
configure:20075: $? = 0
configure:20111: result: yes
configure:20146: checking for ICU
configure:20154: $PKG_CONFIG --exists --print-errors "icu-uc"
Package icu-uc was not found in the pkg-config search path.
Perhaps you should add the directory containing `icu-uc.pc'
to the PKG_CONFIG_PATH environment variable
No package 'icu-uc' found
configure:20157: $? = 1
configure:20172: $PKG_CONFIG --exists --print-errors "icu-uc"
Package icu-uc was not found in the pkg-config search path.
Perhaps you should add the directory containing `icu-uc.pc'
to the PKG_CONFIG_PATH environment variable
No package 'icu-uc' found
configure:20175: $? = 1
No package 'icu-uc' found
configure:20203: result: no
configure:20260: checking for icu-config
configure:20290: result: no
configure:20309: checking for ICU by using icu-config fallback
configure:20323: result: no
configure:20522: checking for FREETYPE
configure:20530: $PKG_CONFIG --exists --print-errors "$FREETYPE_DEPS"
configure:20533: $? = 0
configure:20548: $PKG_CONFIG --exists --print-errors "$FREETYPE_DEPS"
configure:20551: $? = 0
configure:20587: result: yes
configure:20604: checking for FT_Get_Var_Blend_Coordinates
configure:20604: gcc -o conftest -g -O2   -Bsymbolic-functions conftest.c  -lfreetype >&5
/tmp/ccAKXkyW.o: In function `main':
/home/iamjy1005/work/lab/practice/user-library/src/opsrc-harfbuzz-1.7.6/conftest.c:83: undefined reference to `FT_Get_Var_Blend_Coordinates'
collect2: error: ld returned 1 exit status
configure:20604: $? = 1
configure: failed program was:
| /* confdefs.h */
| #define PACKAGE_NAME "HarfBuzz"
| #define PACKAGE_TARNAME "harfbuzz"
| #define PACKAGE_VERSION "1.7.6"
| #define PACKAGE_STRING "HarfBuzz 1.7.6"
| #define PACKAGE_BUGREPORT "https://github.com/harfbuzz/harfbuzz/issues/new"
| #define PACKAGE_URL "http://harfbuzz.org/"
| #define STDC_HEADERS 1
| #define HAVE_SYS_TYPES_H 1
| #define HAVE_SYS_STAT_H 1
| #define HAVE_STDLIB_H 1
| #define HAVE_STRING_H 1
| #define HAVE_MEMORY_H 1
| #define HAVE_STRINGS_H 1
| #define HAVE_INTTYPES_H 1
| #define HAVE_STDINT_H 1
| #define HAVE_UNISTD_H 1
| #define HAVE_DLFCN_H 1
| #define LT_OBJDIR ".libs/"
| #define __EXTENSIONS__ 1
| #define _ALL_SOURCE 1
| #define _GNU_SOURCE 1
| #define _POSIX_PTHREAD_SEMANTICS 1
| #define _TANDEM_SOURCE 1
| #define HAVE_ATEXIT 1
| #define HAVE_MPROTECT 1
| #define HAVE_SYSCONF 1
| #define HAVE_GETPAGESIZE 1
| #define HAVE_MMAP 1
| #define HAVE_ISATTY 1
| #define HAVE_NEWLOCALE 1
| #define HAVE_STRTOD_L 1
| #define HAVE_SETLINEBUF 1
| #define HAVE_UNISTD_H 1
| #define HAVE_SYS_MMAN_H 1
| #define HAVE_XLOCALE_H 1
| #define ALIGNOF_STRUCT_CHAR__ 1
| #define HAVE_PTHREAD_PRIO_INHERIT 1
| #define HAVE_PTHREAD 1
| #define HAVE_OT 1
| #define HAVE_FALLBACK 1
| #define HAVE_GLIB 1
| #define HAVE_CAIRO 1
| #define HAVE_CAIRO_FT 1
| #define HAVE_FONTCONFIG 1
| #define HAVE_UCDN 1
| #define HAVE_FREETYPE 1
| /* end confdefs.h.  */
| /* Define FT_Get_Var_Blend_Coordinates to an innocuous variant, in case <limits.h> declares FT_Get_Var_Blend_Coordinates.
|    For example, HP-UX 11i <limits.h> declares gettimeofday.  */
| #define FT_Get_Var_Blend_Coordinates innocuous_FT_Get_Var_Blend_Coordinates
| 
| /* System header to define __stub macros and hopefully few prototypes,
|     which can conflict with char FT_Get_Var_Blend_Coordinates (); below.
|     Prefer <limits.h> to <assert.h> if __STDC__ is defined, since
|     <limits.h> exists even on freestanding compilers.  */
| 
| #ifdef __STDC__
| # include <limits.h>
| #else
| # include <assert.h>
| #endif
| 
| #undef FT_Get_Var_Blend_Coordinates
| 
| /* Override any GCC internal prototype to avoid an error.
|    Use char because int might match the return type of a GCC
|    builtin and then its argument prototype would still apply.  */
| #ifdef __cplusplus
| extern "C"
| #endif
| char FT_Get_Var_Blend_Coordinates ();
| /* The GNU C library defines this for functions which it implements
|     to always fail with ENOSYS.  Some functions are actually named
|     something starting with __ and the normal name is an alias.  */
| #if defined __stub_FT_Get_Var_Blend_Coordinates || defined __stub___FT_Get_Var_Blend_Coordinates
| choke me
| #endif
| 
| int
| main ()
| {
| return FT_Get_Var_Blend_Coordinates ();
|   ;
|   return 0;
| }
configure:20604: result: no
configure:20604: checking for FT_Set_Var_Blend_Coordinates
configure:20604: gcc -o conftest -g -O2   -Bsymbolic-functions conftest.c  -lfreetype >&5
configure:20604: $? = 0
configure:20604: result: yes
configure:20604: checking for FT_Done_MM_Var
configure:20604: gcc -o conftest -g -O2   -Bsymbolic-functions conftest.c  -lfreetype >&5
/tmp/cc0jEF34.o: In function `main':
/home/iamjy1005/work/lab/practice/user-library/src/opsrc-harfbuzz-1.7.6/conftest.c:84: undefined reference to `FT_Done_MM_Var'
collect2: error: ld returned 1 exit status
configure:20604: $? = 1
configure: failed program was:
| /* confdefs.h */
| #define PACKAGE_NAME "HarfBuzz"
| #define PACKAGE_TARNAME "harfbuzz"
| #define PACKAGE_VERSION "1.7.6"
| #define PACKAGE_STRING "HarfBuzz 1.7.6"
| #define PACKAGE_BUGREPORT "https://github.com/harfbuzz/harfbuzz/issues/new"
| #define PACKAGE_URL "http://harfbuzz.org/"
| #define STDC_HEADERS 1
| #define HAVE_SYS_TYPES_H 1
| #define HAVE_SYS_STAT_H 1
| #define HAVE_STDLIB_H 1
| #define HAVE_STRING_H 1
| #define HAVE_MEMORY_H 1
| #define HAVE_STRINGS_H 1
| #define HAVE_INTTYPES_H 1
| #define HAVE_STDINT_H 1
| #define HAVE_UNISTD_H 1
| #define HAVE_DLFCN_H 1
| #define LT_OBJDIR ".libs/"
| #define __EXTENSIONS__ 1
| #define _ALL_SOURCE 1
| #define _GNU_SOURCE 1
| #define _POSIX_PTHREAD_SEMANTICS 1
| #define _TANDEM_SOURCE 1
| #define HAVE_ATEXIT 1
| #define HAVE_MPROTECT 1
| #define HAVE_SYSCONF 1
| #define HAVE_GETPAGESIZE 1
| #define HAVE_MMAP 1
| #define HAVE_ISATTY 1
| #define HAVE_NEWLOCALE 1
| #define HAVE_STRTOD_L 1
| #define HAVE_SETLINEBUF 1
| #define HAVE_UNISTD_H 1
| #define HAVE_SYS_MMAN_H 1
| #define HAVE_XLOCALE_H 1
| #define ALIGNOF_STRUCT_CHAR__ 1
| #define HAVE_PTHREAD_PRIO_INHERIT 1
| #define HAVE_PTHREAD 1
| #define HAVE_OT 1
| #define HAVE_FALLBACK 1
| #define HAVE_GLIB 1
| #define HAVE_CAIRO 1
| #define HAVE_CAIRO_FT 1
| #define HAVE_FONTCONFIG 1
| #define HAVE_UCDN 1
| #define HAVE_FREETYPE 1
| #define HAVE_FT_SET_VAR_BLEND_COORDINATES 1
| /* end confdefs.h.  */
| /* Define FT_Done_MM_Var to an innocuous variant, in case <limits.h> declares FT_Done_MM_Var.
|    For example, HP-UX 11i <limits.h> declares gettimeofday.  */
| #define FT_Done_MM_Var innocuous_FT_Done_MM_Var
| 
| /* System header to define __stub macros and hopefully few prototypes,
|     which can conflict with char FT_Done_MM_Var (); below.
|     Prefer <limits.h> to <assert.h> if __STDC__ is defined, since
|     <limits.h> exists even on freestanding compilers.  */
| 
| #ifdef __STDC__
| # include <limits.h>
| #else
| # include <assert.h>
| #endif
| 
| #undef FT_Done_MM_Var
| 
| /* Override any GCC internal prototype to avoid an error.
|    Use char because int might match the return type of a GCC
|    builtin and then its argument prototype would still apply.  */
| #ifdef __cplusplus
| extern "C"
| #endif
| char FT_Done_MM_Var ();
| /* The GNU C library defines this for functions which it implements
|     to always fail with ENOSYS.  Some functions are actually named
|     something starting with __ and the normal name is an alias.  */
| #if defined __stub_FT_Done_MM_Var || defined __stub___FT_Done_MM_Var
| choke me
| #endif
| 
| int
| main ()
| {
| return FT_Done_MM_Var ();
|   ;
|   return 0;
| }
configure:20604: result: no
configure:20789: checking for Intel atomic primitives
configure:20812: gcc -o conftest -g -O2   -Bsymbolic-functions conftest.c  >&5
configure:20812: $? = 0
configure:20820: result: true
configure:20829: checking for Solaris atomic operations
configure:20854: gcc -o conftest -g -O2   -Bsymbolic-functions conftest.c  >&5
conftest.c:52:22: fatal error: atomic.h: No such file or directory
compilation terminated.
configure:20854: $? = 1
configure: failed program was:
| /* confdefs.h */
| #define PACKAGE_NAME "HarfBuzz"
| #define PACKAGE_TARNAME "harfbuzz"
| #define PACKAGE_VERSION "1.7.6"
| #define PACKAGE_STRING "HarfBuzz 1.7.6"
| #define PACKAGE_BUGREPORT "https://github.com/harfbuzz/harfbuzz/issues/new"
| #define PACKAGE_URL "http://harfbuzz.org/"
| #define STDC_HEADERS 1
| #define HAVE_SYS_TYPES_H 1
| #define HAVE_SYS_STAT_H 1
| #define HAVE_STDLIB_H 1
| #define HAVE_STRING_H 1
| #define HAVE_MEMORY_H 1
| #define HAVE_STRINGS_H 1
| #define HAVE_INTTYPES_H 1
| #define HAVE_STDINT_H 1
| #define HAVE_UNISTD_H 1
| #define HAVE_DLFCN_H 1
| #define LT_OBJDIR ".libs/"
| #define __EXTENSIONS__ 1
| #define _ALL_SOURCE 1
| #define _GNU_SOURCE 1
| #define _POSIX_PTHREAD_SEMANTICS 1
| #define _TANDEM_SOURCE 1
| #define HAVE_ATEXIT 1
| #define HAVE_MPROTECT 1
| #define HAVE_SYSCONF 1
| #define HAVE_GETPAGESIZE 1
| #define HAVE_MMAP 1
| #define HAVE_ISATTY 1
| #define HAVE_NEWLOCALE 1
| #define HAVE_STRTOD_L 1
| #define HAVE_SETLINEBUF 1
| #define HAVE_UNISTD_H 1
| #define HAVE_SYS_MMAN_H 1
| #define HAVE_XLOCALE_H 1
| #define ALIGNOF_STRUCT_CHAR__ 1
| #define HAVE_PTHREAD_PRIO_INHERIT 1
| #define HAVE_PTHREAD 1
| #define HAVE_OT 1
| #define HAVE_FALLBACK 1
| #define HAVE_GLIB 1
| #define HAVE_CAIRO 1
| #define HAVE_CAIRO_FT 1
| #define HAVE_FONTCONFIG 1
| #define HAVE_UCDN 1
| #define HAVE_FREETYPE 1
| #define HAVE_FT_SET_VAR_BLEND_COORDINATES 1
| #define HAVE_INTEL_ATOMIC_PRIMITIVES 1
| /* end confdefs.h.  */
| 
| 		#include <atomic.h>
| 		/* This requires Solaris Studio 12.2 or newer: */
| 		#include <mbarrier.h>
| 		void memory_barrier (void) { __machine_rw_barrier (); }
| 		int atomic_add (volatile unsigned *i) { return atomic_add_int_nv (i, 1); }
| 		void *atomic_ptr_cmpxchg (volatile void **target, void *cmp, void *newval) { return atomic_cas_ptr (target, cmp, newval); }
| 
| int
| main ()
| {
| 
|   ;
|   return 0;
| }
configure:20862: result: false
configure:21056: checking that generated files are newer than configure
configure:21062: result: done
configure:21201: creating ./config.status

## ---------------------- ##
## Running config.status. ##
## ---------------------- ##

This file was extended by HarfBuzz config.status 1.7.6, which was
generated by GNU Autoconf 2.69.  Invocation command line was

  CONFIG_FILES    = 
  CONFIG_HEADERS  = 
  CONFIG_LINKS    = 
  CONFIG_COMMANDS = 
  $ ./config.status 

on iamjy1005-iMac

config.status:1403: creating Makefile
config.status:1403: creating src/Makefile
config.status:1403: creating src/hb-version.h
config.status:1403: creating src/harfbuzz-config.cmake
config.status:1403: creating src/hb-ucdn/Makefile
config.status:1403: creating util/Makefile
config.status:1403: creating test/Makefile
config.status:1403: creating test/api/Makefile
config.status:1403: creating test/fuzzing/Makefile
config.status:1403: creating test/shaping/Makefile
config.status:1403: creating test/shaping/data/Makefile
config.status:1403: creating test/shaping/data/in-house/Makefile
config.status:1403: creating test/shaping/data/text-rendering-tests/Makefile
config.status:1403: creating test/subset/Makefile
config.status:1403: creating test/subset/data/Makefile
config.status:1403: creating docs/Makefile
config.status:1403: creating docs/version.xml
config.status:1403: creating config.h
config.status:1584: config.h is unchanged
config.status:1632: executing depfiles commands
config.status:1632: executing libtool commands
configure:23655:

Build configuration:

Unicode callbacks (you want at least one):
	Builtin (UCDN):		true
	Glib:			true
	ICU:			false

Font callbacks (the more the merrier):
	FreeType:		true

Tools used for command-line utilities:
	Cairo:			true
	Fontconfig:		true

Additional shapers (the more the merrier):
	Graphite2:		false

Platform shapers (not normally needed):
	CoreText:		false
	Uniscribe:		false
	DirectWrite:		false

Other features:
	Documentation:		no
	GObject bindings:	false
	Introspection:		false


## ---------------- ##
## Cache variables. ##
## ---------------- ##

ac_cv_alignof_struct_char__=1
ac_cv_build=x86_64-pc-linux-gnu
ac_cv_c_compiler_gnu=yes
ac_cv_cxx_compiler_gnu=yes
ac_cv_env_CAIRO_CFLAGS_set=
ac_cv_env_CAIRO_CFLAGS_value=
ac_cv_env_CAIRO_FT_CFLAGS_set=
ac_cv_env_CAIRO_FT_CFLAGS_value=
ac_cv_env_CAIRO_FT_LIBS_set=
ac_cv_env_CAIRO_FT_LIBS_value=
ac_cv_env_CAIRO_LIBS_set=
ac_cv_env_CAIRO_LIBS_value=
ac_cv_env_CCC_set=
ac_cv_env_CCC_value=
ac_cv_env_CC_set=
ac_cv_env_CC_value=
ac_cv_env_CFLAGS_set=
ac_cv_env_CFLAGS_value=
ac_cv_env_CPPFLAGS_set=
ac_cv_env_CPPFLAGS_value=
ac_cv_env_CPP_set=
ac_cv_env_CPP_value=
ac_cv_env_CXXCPP_set=
ac_cv_env_CXXCPP_value=
ac_cv_env_CXXFLAGS_set=
ac_cv_env_CXXFLAGS_value=
ac_cv_env_CXX_set=
ac_cv_env_CXX_value=
ac_cv_env_FONTCONFIG_CFLAGS_set=
ac_cv_env_FONTCONFIG_CFLAGS_value=
ac_cv_env_FONTCONFIG_LIBS_set=
ac_cv_env_FONTCONFIG_LIBS_value=
ac_cv_env_FREETYPE_CFLAGS_set=
ac_cv_env_FREETYPE_CFLAGS_value=
ac_cv_env_FREETYPE_LIBS_set=
ac_cv_env_FREETYPE_LIBS_value=
ac_cv_env_GLIB_CFLAGS_set=
ac_cv_env_GLIB_CFLAGS_value=
ac_cv_env_GLIB_LIBS_set=
ac_cv_env_GLIB_LIBS_value=
ac_cv_env_GOBJECT_CFLAGS_set=
ac_cv_env_GOBJECT_CFLAGS_value=
ac_cv_env_GOBJECT_LIBS_set=
ac_cv_env_GOBJECT_LIBS_value=
ac_cv_env_GRAPHITE2_CFLAGS_set=
ac_cv_env_GRAPHITE2_CFLAGS_value=
ac_cv_env_GRAPHITE2_LIBS_set=
ac_cv_env_GRAPHITE2_LIBS_value=
ac_cv_env_GTKDOC_DEPS_CFLAGS_set=
ac_cv_env_GTKDOC_DEPS_CFLAGS_value=
ac_cv_env_GTKDOC_DEPS_LIBS_set=
ac_cv_env_GTKDOC_DEPS_LIBS_value=
ac_cv_env_ICU_CFLAGS_set=
ac_cv_env_ICU_CFLAGS_value=
ac_cv_env_ICU_LIBS_set=
ac_cv_env_ICU_LIBS_value=
ac_cv_env_LDFLAGS_set=
ac_cv_env_LDFLAGS_value=
ac_cv_env_LIBS_set=
ac_cv_env_LIBS_value=
ac_cv_env_LT_SYS_LIBRARY_PATH_set=
ac_cv_env_LT_SYS_LIBRARY_PATH_value=
ac_cv_env_PKG_CONFIG_set=
ac_cv_env_PKG_CONFIG_value=
ac_cv_env_build_alias_set=
ac_cv_env_build_alias_value=
ac_cv_env_host_alias_set=
ac_cv_env_host_alias_value=
ac_cv_env_target_alias_set=
ac_cv_env_target_alias_value=
ac_cv_func_FT_Done_MM_Var=no
ac_cv_func_FT_Get_Var_Blend_Coordinates=no
ac_cv_func_FT_Set_Var_Blend_Coordinates=yes
ac_cv_func_atexit=yes
ac_cv_func_getpagesize=yes
ac_cv_func_isatty=yes
ac_cv_func_mmap=yes
ac_cv_func_mprotect=yes
ac_cv_func_newlocale=yes
ac_cv_func_setlinebuf=yes
ac_cv_func_strtod_l=yes
ac_cv_func_sysconf=yes
ac_cv_header_dlfcn_h=yes
ac_cv_header_inttypes_h=yes
ac_cv_header_memory_h=yes
ac_cv_header_minix_config_h=no
ac_cv_header_stdc=yes
ac_cv_header_stdint_h=yes
ac_cv_header_stdlib_h=yes
ac_cv_header_string_h=yes
ac_cv_header_strings_h=yes
ac_cv_header_sys_mman_h=yes
ac_cv_header_sys_stat_h=yes
ac_cv_header_sys_types_h=yes
ac_cv_header_unistd_h=yes
ac_cv_header_xlocale_h=yes
ac_cv_host=x86_64-pc-linux-gnu
ac_cv_objext=o
ac_cv_path_EGREP='/bin/grep -E'
ac_cv_path_FGREP='/bin/grep -F'
ac_cv_path_GREP=/bin/grep
ac_cv_path_GTKDOC_CHECK_PATH=/usr/bin/gtkdoc-check
ac_cv_path_GTKDOC_MKPDF=/usr/bin/gtkdoc-mkpdf
ac_cv_path_GTKDOC_REBASE=/usr/bin/gtkdoc-rebase
ac_cv_path_SED=/bin/sed
ac_cv_path_ac_pt_PKG_CONFIG=/usr/bin/pkg-config
ac_cv_path_install='/usr/bin/install -c'
ac_cv_path_lt_DD=/bin/dd
ac_cv_path_mkdir=/bin/mkdir
ac_cv_prog_AWK=mawk
ac_cv_prog_CPP='gcc -E'
ac_cv_prog_CXXCPP='g++ -E'
ac_cv_prog_GTKDOC_CHECK=gtkdoc-check.test
ac_cv_prog_ac_ct_AR=ar
ac_cv_prog_ac_ct_CC=gcc
ac_cv_prog_ac_ct_CXX=g++
ac_cv_prog_ac_ct_MANIFEST_TOOL=mt
ac_cv_prog_ac_ct_OBJDUMP=objdump
ac_cv_prog_ac_ct_RANLIB=ranlib
ac_cv_prog_ac_ct_STRIP=strip
ac_cv_prog_cc_c89=
ac_cv_prog_cc_c99=
ac_cv_prog_cc_g=yes
ac_cv_prog_cxx_g=yes
ac_cv_prog_make_make_set=yes
ac_cv_safe_to_define___extensions__=yes
ac_cv_sys_file_offset_bits=no
ac_cv_sys_largefile_CC=no
am_cv_CC_dependencies_compiler_type=gcc3
am_cv_CXX_dependencies_compiler_type=gcc3
am_cv_ar_interface=ar
am_cv_make_support_nested_variables=yes
am_cv_prog_cc_c_o=yes
am_cv_prog_tar_ustar=gnutar
ax_cv_PTHREAD_CLANG=no
ax_cv_PTHREAD_JOINABLE_ATTR=PTHREAD_CREATE_JOINABLE
ax_cv_PTHREAD_PRIO_INHERIT=yes
ax_cv_PTHREAD_SPECIAL_FLAGS=no
hb_cv_have_intel_atomic_primitives=true
hb_cv_have_solaris_atomic_ops=false
lt_cv_ar_at_file=@
lt_cv_archive_cmds_need_lc=no
lt_cv_deplibs_check_method=pass_all
lt_cv_file_magic_cmd='$MAGIC_CMD'
lt_cv_file_magic_test_file=
lt_cv_ld_reload_flag=-r
lt_cv_nm_interface='BSD nm'
lt_cv_objdir=.libs
lt_cv_path_LD=/usr/bin/ld
lt_cv_path_LDCXX='/usr/bin/ld -m elf_x86_64'
lt_cv_path_NM='/usr/bin/nm -B'
lt_cv_path_mainfest_tool=no
lt_cv_prog_compiler_c_o=yes
lt_cv_prog_compiler_c_o_CXX=yes
lt_cv_prog_compiler_pic='-fPIC -DPIC'
lt_cv_prog_compiler_pic_CXX='-fPIC -DPIC'
lt_cv_prog_compiler_pic_works=yes
lt_cv_prog_compiler_pic_works_CXX=yes
lt_cv_prog_compiler_rtti_exceptions=no
lt_cv_prog_compiler_static_works=yes
lt_cv_prog_compiler_static_works_CXX=yes
lt_cv_prog_gnu_ld=yes
lt_cv_prog_gnu_ldcxx=yes
lt_cv_sharedlib_from_linklib_cmd='printf %s\n'
lt_cv_shlibpath_overrides_runpath=no
lt_cv_sys_global_symbol_pipe='sed -n -e '\''s/^.*[	 ]\([ABCDGIRSTW][ABCDGIRSTW]*\)[	 ][	 ]*\([_A-Za-z][_A-Za-z0-9]*\)$/\1 \2 \2/p'\'' | sed '\''/ __gnu_lto/d'\'''
lt_cv_sys_global_symbol_to_c_name_address='sed -n -e '\''s/^: \(.*\) .*$/  {"\1", (void *) 0},/p'\'' -e '\''s/^[ABCDGIRSTW][ABCDGIRSTW]* .* \(.*\)$/  {"\1", (void *) \&\1},/p'\'''
lt_cv_sys_global_symbol_to_c_name_address_lib_prefix='sed -n -e '\''s/^: \(.*\) .*$/  {"\1", (void *) 0},/p'\'' -e '\''s/^[ABCDGIRSTW][ABCDGIRSTW]* .* \(lib.*\)$/  {"\1", (void *) \&\1},/p'\'' -e '\''s/^[ABCDGIRSTW][ABCDGIRSTW]* .* \(.*\)$/  {"lib\1", (void *) \&\1},/p'\'''
lt_cv_sys_global_symbol_to_cdecl='sed -n -e '\''s/^T .* \(.*\)$/extern int \1();/p'\'' -e '\''s/^[ABCDGIRSTW][ABCDGIRSTW]* .* \(.*\)$/extern char \1;/p'\'''
lt_cv_sys_global_symbol_to_import=
lt_cv_sys_max_cmd_len=1572864
lt_cv_to_host_file_cmd=func_convert_file_noop
lt_cv_to_tool_file_cmd=func_convert_file_noop
lt_cv_truncate_bin='/bin/dd bs=4096 count=1'
pkg_cv_CAIRO_CFLAGS='-I/usr/include/cairo -I/usr/include/glib-2.0 -I/usr/lib/x86_64-linux-gnu/glib-2.0/include -I/usr/include/pixman-1 -I/usr/include/freetype2 -I/usr/include/libpng12'
pkg_cv_CAIRO_FT_CFLAGS='-I/usr/include/cairo -I/usr/include/glib-2.0 -I/usr/lib/x86_64-linux-gnu/glib-2.0/include -I/usr/include/pixman-1 -I/usr/include/freetype2 -I/usr/include/libpng12 -I/usr/include/freetype2'
pkg_cv_CAIRO_FT_LIBS='-lcairo -lfreetype'
pkg_cv_CAIRO_LIBS=-lcairo
pkg_cv_FONTCONFIG_CFLAGS=-I/usr/include/freetype2
pkg_cv_FONTCONFIG_LIBS='-lfontconfig -lfreetype'
pkg_cv_FREETYPE_CFLAGS=-I/usr/include/freetype2
pkg_cv_FREETYPE_LIBS=-lfreetype
pkg_cv_GLIB_CFLAGS='-I/usr/include/glib-2.0 -I/usr/lib/x86_64-linux-gnu/glib-2.0/include'
pkg_cv_GLIB_LIBS=-lglib-2.0
pkg_cv_GTKDOC_DEPS_CFLAGS='-I/usr/include/glib-2.0 -I/usr/lib/x86_64-linux-gnu/glib-2.0/include'
pkg_cv_GTKDOC_DEPS_LIBS='-lgobject-2.0 -lglib-2.0'

## ----------------- ##
## Output variables. ##
## ----------------- ##














	@echo "Need to reconfigure with --enable-code-coverage"
	@echo "Need to reconfigure with --enable-code-coverage"
 $(CODE_COVERAGE_IGNORE_PATTERN);
 $(CODE_COVERAGE_OUTPUT_FILE);
#
#
#    $(PACKAGE_NAME)-$(PACKAGE_VERSION)-coverage)
#    $(PACKAGE_NAME)-$(PACKAGE_VERSION)-coverage.info)
#    (Default: $(top_builddir))
#    (Default: empty)
#    Multiple directories may be specified, separated by whitespace.
#    by lcov for code coverage. (Default:
#    collecting lcov instance. (Default: $CODE_COVERAGE_LCOV_OPTIONS_GCOVPATH)
#    genhtml instance. (Default: based on $CODE_COVERAGE_BRANCH_COVERAGE)
#    instance. (Default: $CODE_COVERAGE_GENHTML_OPTIONS_DEFAULT)
#    instance. (Default: $CODE_COVERAGE_LCOV_OPTIONS_DEFAULT)
#    instance. (Default: $CODE_COVERAGE_LCOV_RMOPTS_DEFAULT)
#    instances. (Default: $CODE_COVERAGE_LCOV_SHOPTS_DEFAULT)
#    instances. (Default: based on $CODE_COVERAGE_BRANCH_COVERAGE)
#    lcov instance. (Default: empty)
#    reports to be created. (Default:
#    set to 0 to disable it and leave empty to stay with the default.
#  - CODE_COVERAGE_BRANCH_COVERAGE: Set to 1 to enforce branch coverage,
#  - CODE_COVERAGE_DIRECTORY: Top-level directory for code coverage reporting.
#  - CODE_COVERAGE_GENHTML_OPTIONS: Extra options to pass to the genhtml
#  - CODE_COVERAGE_GENHTML_OPTIONS_DEFAULT: Extra options to pass to the
#  - CODE_COVERAGE_IGNORE_PATTERN: Extra glob pattern of files to ignore
#  - CODE_COVERAGE_LCOV_OPTIONS: Extra options to pass to the collecting lcov
#  - CODE_COVERAGE_LCOV_OPTIONS_DEFAULT: Extra options to pass to the
#  - CODE_COVERAGE_LCOV_OPTIONS_GCOVPATH: --gcov-tool pathtogcov
#  - CODE_COVERAGE_LCOV_RMOPTS: Extra options to pass to the filtering lcov
#  - CODE_COVERAGE_LCOV_RMOPTS_DEFAULT: Extra options to pass to the filtering
#  - CODE_COVERAGE_LCOV_SHOPTS: Extra options to shared between both lcov
#  - CODE_COVERAGE_LCOV_SHOPTS_DEFAULT: Extra options shared between both lcov
#  - CODE_COVERAGE_OUTPUT_DIRECTORY: Directory for generated code coverage
#  - CODE_COVERAGE_OUTPUT_FILE: Filename and path for the .info file generated
# $(PACKAGE_VERSION). In order to add the current git hash to the title,
# Capture code coverage data
# Code coverage
# Hook rule executed before code-coverage-capture, overridable by the user
# Optional variables
# Optional:
# The generated report will be titled using the $(PACKAGE_NAME) and
# Use recursive makes in order to ignore errors during check
# sanitizes the test-name: replaces with underscores: dashes and dots
# use the git-version-gen script, available online.
$(if $(CODE_COVERAGE_BRANCH_COVERAGE),\
'
--rc genhtml_branch_coverage=$(CODE_COVERAGE_BRANCH_COVERAGE))
--rc lcov_branch_coverage=$(CODE_COVERAGE_BRANCH_COVERAGE))
.PHONY: check-code-coverage code-coverage-capture code-coverage-capture-hook code-coverage-clean
ACLOCAL='${SHELL} /home/iamjy1005/work/lab/practice/user-library/src/opsrc-harfbuzz-1.7.6/missing aclocal-1.15'
AMDEPBACKSLASH='\'
AMDEP_FALSE='#'
AMDEP_TRUE=''
AMTAR='$${TAR-tar}'
AM_BACKSLASH='\'
AM_DEFAULT_V='$(AM_DEFAULT_VERBOSITY)'
AM_DEFAULT_VERBOSITY='0'
AM_DISTCHECK_CONFIGURE_FLAGS += --disable-code-coverage
AM_DISTCHECK_CONFIGURE_FLAGS ?=
AM_V='$(V)'
AR='ar'
AUTOCONF='${SHELL} /home/iamjy1005/work/lab/practice/user-library/src/opsrc-harfbuzz-1.7.6/missing autoconf'
AUTOHEADER='${SHELL} /home/iamjy1005/work/lab/practice/user-library/src/opsrc-harfbuzz-1.7.6/missing autoheader'
AUTOMAKE='${SHELL} /home/iamjy1005/work/lab/practice/user-library/src/opsrc-harfbuzz-1.7.6/missing automake-1.15'
AWK='mawk'
CAIRO_CFLAGS='-I/usr/include/cairo -I/usr/include/glib-2.0 -I/usr/lib/x86_64-linux-gnu/glib-2.0/include -I/usr/include/pixman-1 -I/usr/include/freetype2 -I/usr/include/libpng12'
CAIRO_FT_CFLAGS='-I/usr/include/cairo -I/usr/include/glib-2.0 -I/usr/lib/x86_64-linux-gnu/glib-2.0/include -I/usr/include/pixman-1 -I/usr/include/freetype2 -I/usr/include/libpng12 -I/usr/include/freetype2'
CAIRO_FT_LIBS='-lcairo -lfreetype'
CAIRO_LIBS='-lcairo'
CC='gcc'
CCDEPMODE='depmode=gcc3'
CFLAGS='-g -O2'
CODE_COVERAGE_BRANCH_COVERAGE ?=
CODE_COVERAGE_CFLAGS=''
CODE_COVERAGE_CPPFLAGS=''
CODE_COVERAGE_CXXFLAGS=''
CODE_COVERAGE_DIRECTORY ?= $(top_builddir)
CODE_COVERAGE_ENABLED='no'
CODE_COVERAGE_ENABLED_FALSE=''
CODE_COVERAGE_ENABLED_TRUE='#'
CODE_COVERAGE_GENHTML_OPTIONS ?= $(CODE_COVERAGE_GENHTML_OPTIONS_DEFAULT)
CODE_COVERAGE_GENHTML_OPTIONS_DEFAULT ?=\
CODE_COVERAGE_IGNORE_PATTERN ?=
CODE_COVERAGE_LCOV_OPTIONS ?= $(CODE_COVERAGE_LCOV_OPTIONS_DEFAULT)
CODE_COVERAGE_LCOV_OPTIONS_DEFAULT ?= $(CODE_COVERAGE_LCOV_OPTIONS_GCOVPATH)
CODE_COVERAGE_LCOV_OPTIONS_GCOVPATH ?= --gcov-tool "$(GCOV)"
CODE_COVERAGE_LCOV_RMOPTS ?= $(CODE_COVERAGE_LCOV_RMOPTS_DEFAULT)
CODE_COVERAGE_LCOV_RMOPTS_DEFAULT ?=
CODE_COVERAGE_LCOV_SHOPTS ?= $(CODE_COVERAGE_LCOV_SHOPTS_DEFAULT)
CODE_COVERAGE_LCOV_SHOPTS_DEFAULT ?= $(if $(CODE_COVERAGE_BRANCH_COVERAGE),\
CODE_COVERAGE_LDFLAGS=''
CODE_COVERAGE_LIBS=''
CODE_COVERAGE_OUTPUT_DIRECTORY ?= $(PACKAGE_NAME)-$(PACKAGE_VERSION)-coverage
CODE_COVERAGE_OUTPUT_FILE ?= $(PACKAGE_NAME)-$(PACKAGE_VERSION)-coverage.info
CODE_COVERAGE_RULES='
CORETEXT_CFLAGS=''
CORETEXT_LIBS=''
CPP='gcc -E'
CPPFLAGS=''
CXX='g++'
CXXCPP='g++ -E'
CXXDEPMODE='depmode=gcc3'
CXXFLAGS='-g -O2 -Wcast-align -fvisibility-inlines-hidden'
CYGPATH_W='echo'
DEFS='-DHAVE_CONFIG_H'
DEPDIR='.deps'
DIRECTWRITE_CXXFLAGS=''
DIRECTWRITE_LIBS=''
DLLTOOL='false'
DSYMUTIL=''
DUMPBIN=''
ECHO_C=''
ECHO_N='-n'
ECHO_T=''
EGREP='/bin/grep -E'
ENABLE_GTK_DOC_FALSE=''
ENABLE_GTK_DOC_TRUE='#'
EXEEXT=''
FGREP='/bin/grep -F'
FONTCONFIG_CFLAGS='-I/usr/include/freetype2'
FONTCONFIG_LIBS='-lfontconfig -lfreetype'
FREETYPE_CFLAGS='-I/usr/include/freetype2'
FREETYPE_DEPS='freetype2 >= 12.0.6'
FREETYPE_LIBS='-lfreetype'
GCOV=''
GENHTML=''
GIT='${SHELL} /home/iamjy1005/work/lab/practice/user-library/src/opsrc-harfbuzz-1.7.6/missing git'
GITIGNOREFILES += $(CODE_COVERAGE_OUTPUT_FILE) $(CODE_COVERAGE_OUTPUT_DIRECTORY)
GITIGNOREFILES ?=
GLIB_CFLAGS='-I/usr/include/glib-2.0 -I/usr/lib/x86_64-linux-gnu/glib-2.0/include'
GLIB_DEPS='glib-2.0 >= 2.19.1'
GLIB_LIBS='-lglib-2.0'
GLIB_MKENUMS=''
GOBJECT_CFLAGS=''
GOBJECT_LIBS=''
GRAPHITE2_CFLAGS=''
GRAPHITE2_DEPS='graphite2'
GRAPHITE2_LIBS=''
GREP='/bin/grep'
GTKDOC_CHECK='gtkdoc-check.test'
GTKDOC_CHECK_PATH='/usr/bin/gtkdoc-check'
GTKDOC_DEPS_CFLAGS='-I/usr/include/glib-2.0 -I/usr/lib/x86_64-linux-gnu/glib-2.0/include'
GTKDOC_DEPS_LIBS='-lgobject-2.0 -lglib-2.0'
GTKDOC_MKPDF='/usr/bin/gtkdoc-mkpdf'
GTKDOC_REBASE='/usr/bin/gtkdoc-rebase'
GTK_DOC_BUILD_HTML_FALSE='#'
GTK_DOC_BUILD_HTML_TRUE=''
GTK_DOC_BUILD_PDF_FALSE=''
GTK_DOC_BUILD_PDF_TRUE='#'
GTK_DOC_USE_LIBTOOL_FALSE='#'
GTK_DOC_USE_LIBTOOL_TRUE=''
GTK_DOC_USE_REBASE_FALSE='#'
GTK_DOC_USE_REBASE_TRUE=''
HAVE_CAIRO_FALSE='#'
HAVE_CAIRO_FT_FALSE='#'
HAVE_CAIRO_FT_TRUE=''
HAVE_CAIRO_TRUE=''
HAVE_CORETEXT_FALSE=''
HAVE_CORETEXT_TRUE='#'
HAVE_DIRECTWRITE_FALSE=''
HAVE_DIRECTWRITE_TRUE='#'
HAVE_FALLBACK_FALSE='#'
HAVE_FALLBACK_TRUE=''
HAVE_FONTCONFIG_FALSE='#'
HAVE_FONTCONFIG_TRUE=''
HAVE_FREETYPE_FALSE='#'
HAVE_FREETYPE_TRUE=''
HAVE_GCC_FALSE='#'
HAVE_GCC_TRUE=''
HAVE_GLIB_FALSE='#'
HAVE_GLIB_TRUE=''
HAVE_GOBJECT_FALSE=''
HAVE_GOBJECT_TRUE='#'
HAVE_GRAPHITE2_FALSE=''
HAVE_GRAPHITE2_TRUE='#'
HAVE_GTK_DOC_FALSE='#'
HAVE_GTK_DOC_TRUE=''
HAVE_ICU_BUILTIN_FALSE=''
HAVE_ICU_BUILTIN_TRUE='#'
HAVE_ICU_FALSE=''
HAVE_ICU_TRUE='#'
HAVE_INTROSPECTION_FALSE=''
HAVE_INTROSPECTION_TRUE='#'
HAVE_OT_FALSE='#'
HAVE_OT_TRUE=''
HAVE_PTHREAD_FALSE='#'
HAVE_PTHREAD_TRUE=''
HAVE_UCDN_FALSE='#'
HAVE_UCDN_TRUE=''
HAVE_UNISCRIBE_FALSE=''
HAVE_UNISCRIBE_TRUE='#'
HB_LIBTOOL_VERSION_INFO='10706:0:10706'
HB_VERSION='1.7.6'
HB_VERSION_MAJOR='1'
HB_VERSION_MICRO='6'
HB_VERSION_MINOR='7'
HTML_DIR='${datadir}/gtk-doc/html'
ICU_CFLAGS=''
ICU_CONFIG='no'
ICU_LIBS=''
INSTALL_DATA='${INSTALL} -m 644'
INSTALL_PROGRAM='${INSTALL}'
INSTALL_SCRIPT='${INSTALL}'
INSTALL_STRIP_PROGRAM='$(install_sh) -c -s'
LCOV=''
LD='/usr/bin/ld -m elf_x86_64'
LDFLAGS=' -Bsymbolic-functions'
LIBOBJS=''
LIBS=''
LIBTOOL='$(SHELL) $(top_builddir)/libtool'
LIPO=''
LN_S='ln -s'
LTLIBOBJS=''
LT_SYS_LIBRARY_PATH=''
MAKEINFO='${SHELL} /home/iamjy1005/work/lab/practice/user-library/src/opsrc-harfbuzz-1.7.6/missing makeinfo'
MANIFEST_TOOL=':'
MKDIR_P='/bin/mkdir -p'
NM='/usr/bin/nm -B'
NMEDIT=''
OBJDUMP='objdump'
OBJEXT='o'
OS_WIN32_FALSE=''
OS_WIN32_TRUE='#'
OTOOL64=''
OTOOL=''
PACKAGE='harfbuzz'
PACKAGE_BUGREPORT='https://github.com/harfbuzz/harfbuzz/issues/new'
PACKAGE_NAME='HarfBuzz'
PACKAGE_STRING='HarfBuzz 1.7.6'
PACKAGE_TARNAME='harfbuzz'
PACKAGE_URL='http://harfbuzz.org/'
PACKAGE_VERSION='1.7.6'
PATH_SEPARATOR=':'
PKG_CONFIG='/usr/bin/pkg-config'
PTHREAD_CC='gcc'
PTHREAD_CFLAGS='-pthread'
PTHREAD_LIBS=''
RAGEL='${SHELL} /home/iamjy1005/work/lab/practice/user-library/src/opsrc-harfbuzz-1.7.6/missing ragel'
RANLIB='ranlib'
SED='/bin/sed'
SET_MAKE=''
SHELL='/bin/bash'
STRIP='strip'
UNISCRIBE_CFLAGS=''
UNISCRIBE_LIBS=''
VERSION='1.7.6'
WITH_LIBSTDCXX_FALSE=''
WITH_LIBSTDCXX_TRUE='#'
ac_ct_AR='ar'
ac_ct_CC='gcc'
ac_ct_CXX='g++'
ac_ct_DUMPBIN=''
am__EXEEXT_FALSE=''
am__EXEEXT_TRUE='#'
am__fastdepCC_FALSE='#'
am__fastdepCC_TRUE=''
am__fastdepCXX_FALSE='#'
am__fastdepCXX_TRUE=''
am__include='include'
am__isrc=''
am__leading_dot='.'
am__nodep='_no'
am__quote=''
am__tar='tar --format=ustar -chf - "$$tardir"'
am__untar='tar -xf -'
ax_pthread_config=''
bindir='${exec_prefix}/bin'
build='x86_64-pc-linux-gnu'
build_alias=''
build_cpu='x86_64'
build_os='linux-gnu'
build_vendor='pc'
check-code-coverage:
code-coverage-capture-hook:
code-coverage-capture: code-coverage-capture-hook
code_coverage_quiet = $(code_coverage_quiet_$(V))
code_coverage_quiet_ = $(code_coverage_quiet_$(AM_DEFAULT_VERBOSITY))
code_coverage_quiet_0 = --quiet
code_coverage_sanitize = $(subst -,_,$(subst .,_,$(1)))
code_coverage_v_genhtml = $(code_coverage_v_genhtml_$(V))
code_coverage_v_genhtml_ = $(code_coverage_v_genhtml_$(AM_DEFAULT_VERBOSITY))
code_coverage_v_genhtml_0 = @echo "  GEN   " $(CODE_COVERAGE_OUTPUT_DIRECTORY);
code_coverage_v_lcov_cap = $(code_coverage_v_lcov_cap_$(V))
code_coverage_v_lcov_cap_ = $(code_coverage_v_lcov_cap_$(AM_DEFAULT_VERBOSITY))
code_coverage_v_lcov_cap_0 = @echo "  LCOV   --capture"\
code_coverage_v_lcov_ign = $(code_coverage_v_lcov_ign_$(V))
code_coverage_v_lcov_ign_ = $(code_coverage_v_lcov_ign_$(AM_DEFAULT_VERBOSITY))
code_coverage_v_lcov_ign_0 = @echo "  LCOV   --remove /tmp/*"\
datadir='${datarootdir}'
datarootdir='${prefix}/share'
docdir='${datarootdir}/doc/${PACKAGE_TARNAME}'
dvidir='${docdir}'
exec_prefix='${prefix}'
have_gobject='false'
host='x86_64-pc-linux-gnu'
host_alias=''
host_cpu='x86_64'
host_os='linux-gnu'
host_vendor='pc'
htmldir='${docdir}'
includedir='${prefix}/include'
infodir='${datarootdir}/info'
install_sh='${SHELL} /home/iamjy1005/work/lab/practice/user-library/src/opsrc-harfbuzz-1.7.6/install-sh'
libdir='${exec_prefix}/lib'
libexecdir='${exec_prefix}/libexec'
localedir='${datarootdir}/locale'
localstatedir='${prefix}/var'
mandir='${datarootdir}/man'
mkdir_p='$(MKDIR_P)'
oldincludedir='/usr/include'
pdfdir='${docdir}'
prefix='/usr/local'
program_transform_name='s,x,x,'
psdir='${docdir}'
runstatedir='${localstatedir}/run'
sbindir='${exec_prefix}/sbin'
sharedstatedir='${prefix}/com'
sysconfdir='${prefix}/etc'
target_alias=''

## ----------- ##
## confdefs.h. ##
## ----------- ##

/* confdefs.h */
#define PACKAGE_NAME "HarfBuzz"
#define PACKAGE_TARNAME "harfbuzz"
#define PACKAGE_VERSION "1.7.6"
#define PACKAGE_STRING "HarfBuzz 1.7.6"
#define PACKAGE_BUGREPORT "https://github.com/harfbuzz/harfbuzz/issues/new"
#define PACKAGE_URL "http://harfbuzz.org/"
#define STDC_HEADERS 1
#define HAVE_SYS_TYPES_H 1
#define HAVE_SYS_STAT_H 1
#define HAVE_STDLIB_H 1
#define HAVE_STRING_H 1
#define HAVE_MEMORY_H 1
#define HAVE_STRINGS_H 1
#define HAVE_INTTYPES_H 1
#define HAVE_STDINT_H 1
#define HAVE_UNISTD_H 1
#define HAVE_DLFCN_H 1
#define LT_OBJDIR ".libs/"
#define __EXTENSIONS__ 1
#define _ALL_SOURCE 1
#define _GNU_SOURCE 1
#define _POSIX_PTHREAD_SEMANTICS 1
#define _TANDEM_SOURCE 1
#define HAVE_ATEXIT 1
#define HAVE_MPROTECT 1
#define HAVE_SYSCONF 1
#define HAVE_GETPAGESIZE 1
#define HAVE_MMAP 1
#define HAVE_ISATTY 1
#define HAVE_NEWLOCALE 1
#define HAVE_STRTOD_L 1
#define HAVE_SETLINEBUF 1
#define HAVE_UNISTD_H 1
#define HAVE_SYS_MMAN_H 1
#define HAVE_XLOCALE_H 1
#define ALIGNOF_STRUCT_CHAR__ 1
#define HAVE_PTHREAD_PRIO_INHERIT 1
#define HAVE_PTHREAD 1
#define HAVE_OT 1
#define HAVE_FALLBACK 1
#define HAVE_GLIB 1
#define HAVE_CAIRO 1
#define HAVE_CAIRO_FT 1
#define HAVE_FONTCONFIG 1
#define HAVE_UCDN 1
#define HAVE_FREETYPE 1
#define HAVE_FT_SET_VAR_BLEND_COORDINATES 1
#define HAVE_INTEL_ATOMIC_PRIMITIVES 1

configure: exit 0
