This file contains any messages produced by compilers while
running configure, to aid debugging if configure makes a mistake.

It was created by the fast lexical analyser generator configure 2.6.4, which was
generated by GNU Autoconf 2.69.  Invocation command line was

  $ ./configure --prefix=/home/iamjy1005/work/lab/practice/user-library/src/opsrc-flex-2.6.4/output/arm-linux-gnueabi --host=arm-linux-gnueabi --target=arm-linux-gnueabi

## --------- ##
## Platform. ##
## --------- ##

hostname = iamjy1005-iMac
uname -m = x86_64
uname -r = 4.13.0-39-generic
uname -s = Linux
uname -v = #44~16.04.1-Ubuntu SMP Thu Apr 5 16:43:10 UTC 2018

/usr/bin/uname -p = unknown
/bin/uname -X     = unknown

/bin/arch              = unknown
/usr/bin/arch -k       = unknown
/usr/convex/getsysinfo = unknown
/usr/bin/hostinfo      = unknown
/bin/machine           = unknown
/usr/bin/oslevel       = unknown
/bin/universe          = unknown

PATH: /home/iamjy1005/bin
PATH: /home/iamjy1005/.local/bin
PATH: /home/iamjy1005/work/software/web/apache-maven-3.5.2/bin
PATH: /home/iamjy1005/bin
PATH: /home/iamjy1005/.local/bin
PATH: /home/iamjy1005/work/software/web/apache-maven-3.5.2/bin
PATH: /home/iamjy1005/bin
PATH: /home/iamjy1005/.local/bin
PATH: /home/iamjy1005/work/software/web/apache-maven-3.5.2/bin
PATH: /home/iamjy1005/bin
PATH: /home/iamjy1005/.local/bin
PATH: /home/iamjy1005/work/software/web/apache-maven-3.5.2/bin
PATH: /home/iamjy1005/work/software/web/apache-maven-3.5.2/bin
PATH: /home/iamjy1005/bin
PATH: /home/iamjy1005/.local/bin
PATH: /home/iamjy1005/work/software/web/apache-maven-3.5.2/bin
PATH: /home/iamjy1005/bin
PATH: /home/iamjy1005/.local/bin
PATH: /home/iamjy1005/work/software/web/apache-maven-3.5.2/bin
PATH: /home/iamjy1005/work/software/web/apache-maven-3.5.2/bin
PATH: /usr/local/sbin
PATH: /usr/local/bin
PATH: /usr/sbin
PATH: /usr/bin
PATH: /sbin
PATH: /bin
PATH: /usr/games
PATH: /usr/local/games
PATH: /snap/bin
PATH: /opt/toolchain/arm/linux/arm-2009q3-67/bin
PATH: /opt/t32/bin/pc_linux64
PATH: /opt/t32
PATH: /opt/toolchain/arm/linux/arm-2009q3-67/bin
PATH: /opt/t32/bin/pc_linux64
PATH: /opt/t32
PATH: /opt/toolchain/arm/linux/arm-2009q3-67/bin
PATH: /opt/t32/bin/pc_linux64
PATH: /opt/t32
PATH: /opt/toolchain/arm/linux/arm-2009q3-67/bin
PATH: /opt/t32/bin/pc_linux64
PATH: /opt/t32
PATH: /opt/toolchain/arm/linux/arm-2009q3-67/bin
PATH: /opt/toolchain/arm/linux/linaro/host
PATH: /opt/t32/bin/pc_linux64
PATH: /opt/t32
PATH: /opt/toolchain/arm/linux/arm-2009q3-67/bin
PATH: /opt/toolchain/arm/linux/linaro/host
PATH: /opt/t32/bin/pc_linux64
PATH: /opt/t32
PATH: /opt/toolchain/arm/linux/arm-2009q3-67/bin
PATH: /opt/toolchain/arm/linux/linaro/host
PATH: /opt/t32/bin/pc_linux64
PATH: /opt/t32
PATH: /opt/toolchain/arm/linux/arm-2009q3-67/bin
PATH: /opt/toolchain/arm/linux/linaro/host
PATH: /opt/t32/bin/pc_linux64
PATH: /opt/t32


## ----------- ##
## Core tests. ##
## ----------- ##

configure:2548: checking build system type
configure:2562: result: x86_64-pc-linux-gnu
configure:2582: checking host system type
configure:2595: result: arm-unknown-linux-gnueabi
configure:2636: checking how to print strings
configure:2663: result: printf
configure:2695: checking for arm-linux-gnueabi-gcc
configure:2711: found /opt/toolchain/arm/linux/linaro/host/arm-linux-gnueabi-gcc
configure:2722: result: arm-linux-gnueabi-gcc
configure:2991: checking for C compiler version
configure:3000: arm-linux-gnueabi-gcc --version >&5
arm-linux-gnueabi-gcc (Linaro GCC 7.2-2017.11) 7.2.1 20171011
Copyright (C) 2017 Free Software Foundation, Inc.
This is free software; see the source for copying conditions.  There is NO
warranty; not even for MERCHANTABILITY or FITNESS FOR A PARTICULAR PURPOSE.

configure:3011: $? = 0
configure:3000: arm-linux-gnueabi-gcc -v >&5
Using built-in specs.
COLLECT_GCC=arm-linux-gnueabi-gcc
COLLECT_LTO_WRAPPER=/media/iamjy1005/978ada6f-9596-4951-b412-6e8a78f4241d/backup/root/opt/toolchain/arm/linux/linaro/gcc-linaro-7.2.1-2017.11-x86_64_arm-linux-gnueabi/bin/../libexec/gcc/arm-linux-gnueabi/7.2.1/lto-wrapper
Target: arm-linux-gnueabi
Configured with: '/home/tcwg-buildslave/workspace/tcwg-make-release/builder_arch/amd64/label/tcwg-x86_64-build/target/arm-linux-gnueabi/snapshots/gcc.git~linaro-7.2-2017.11/configure' SHELL=/bin/bash --with-mpc=/home/tcwg-buildslave/workspace/tcwg-make-release/builder_arch/amd64/label/tcwg-x86_64-build/target/arm-linux-gnueabi/_build/builds/destdir/x86_64-unknown-linux-gnu --with-mpfr=/home/tcwg-buildslave/workspace/tcwg-make-release/builder_arch/amd64/label/tcwg-x86_64-build/target/arm-linux-gnueabi/_build/builds/destdir/x86_64-unknown-linux-gnu --with-gmp=/home/tcwg-buildslave/workspace/tcwg-make-release/builder_arch/amd64/label/tcwg-x86_64-build/target/arm-linux-gnueabi/_build/builds/destdir/x86_64-unknown-linux-gnu --with-gnu-as --with-gnu-ld --disable-libmudflap --enable-lto --enable-shared --without-included-gettext --enable-nls --disable-sjlj-exceptions --enable-gnu-unique-object --enable-linker-build-id --disable-libstdcxx-pch --enable-c99 --enable-clocale=gnu --enable-libstdcxx-debug --enable-long-long --with-cloog=no --with-ppl=no --with-isl=no --disable-multilib --with-float=soft --with-mode=thumb --with-tune=cortex-a9 --with-arch=armv7-a --enable-threads=posix --enable-multiarch --enable-libstdcxx-time=yes --enable-gnu-indirect-function --with-build-sysroot=/home/tcwg-buildslave/workspace/tcwg-make-release/builder_arch/amd64/label/tcwg-x86_64-build/target/arm-linux-gnueabi/_build/sysroots/arm-linux-gnueabi --with-sysroot=/home/tcwg-buildslave/workspace/tcwg-make-release/builder_arch/amd64/label/tcwg-x86_64-build/target/arm-linux-gnueabi/_build/builds/destdir/x86_64-unknown-linux-gnu/arm-linux-gnueabi/libc --enable-checking=release --disable-bootstrap --enable-languages=c,c++,fortran,lto --build=x86_64-unknown-linux-gnu --host=x86_64-unknown-linux-gnu --target=arm-linux-gnueabi --prefix=/home/tcwg-buildslave/workspace/tcwg-make-release/builder_arch/amd64/label/tcwg-x86_64-build/target/arm-linux-gnueabi/_build/builds/destdir/x86_64-unknown-linux-gnu
Thread model: posix
gcc version 7.2.1 20171011 (Linaro GCC 7.2-2017.11) 
configure:3011: $? = 0
configure:3000: arm-linux-gnueabi-gcc -V >&5
arm-linux-gnueabi-gcc: error: unrecognized command line option '-V'
arm-linux-gnueabi-gcc: fatal error: no input files
compilation terminated.
configure:3011: $? = 1
configure:3000: arm-linux-gnueabi-gcc -qversion >&5
arm-linux-gnueabi-gcc: error: unrecognized command line option '-qversion'; did you mean '--version'?
arm-linux-gnueabi-gcc: fatal error: no input files
compilation terminated.
configure:3011: $? = 1
configure:3031: checking whether the C compiler works
configure:3053: arm-linux-gnueabi-gcc    conftest.c  >&5
configure:3057: $? = 0
configure:3105: result: yes
configure:3108: checking for C compiler default output file name
configure:3110: result: a.out
configure:3116: checking for suffix of executables
configure:3123: arm-linux-gnueabi-gcc -o conftest    conftest.c  >&5
configure:3127: $? = 0
configure:3149: result: 
configure:3171: checking whether we are cross compiling
configure:3179: arm-linux-gnueabi-gcc -o conftest    conftest.c  >&5
configure:3183: $? = 0
configure:3190: ./conftest
./configure: line 3192: ./conftest: cannot execute binary file: Exec format error
configure:3194: $? = 126
configure:3209: result: yes
configure:3214: checking for suffix of object files
configure:3236: arm-linux-gnueabi-gcc -c   conftest.c >&5
configure:3240: $? = 0
configure:3261: result: o
configure:3265: checking whether we are using the GNU C compiler
configure:3284: arm-linux-gnueabi-gcc -c   conftest.c >&5
configure:3284: $? = 0
configure:3293: result: yes
configure:3302: checking whether arm-linux-gnueabi-gcc accepts -g
configure:3322: arm-linux-gnueabi-gcc -c -g  conftest.c >&5
configure:3322: $? = 0
configure:3363: result: yes
configure:3380: checking for arm-linux-gnueabi-gcc option to accept ISO C89
configure:3443: arm-linux-gnueabi-gcc  -c -g -O2  conftest.c >&5
configure:3443: $? = 0
configure:3456: result: none needed
configure:3481: checking whether arm-linux-gnueabi-gcc understands -c and -o together
configure:3503: arm-linux-gnueabi-gcc -c conftest.c -o conftest2.o
configure:3506: $? = 0
configure:3503: arm-linux-gnueabi-gcc -c conftest.c -o conftest2.o
configure:3506: $? = 0
configure:3518: result: yes
configure:3535: checking for a sed that does not truncate output
configure:3599: result: /bin/sed
configure:3617: checking for grep that handles long lines and -e
configure:3675: result: /bin/grep
configure:3680: checking for egrep
configure:3742: result: /bin/grep -E
configure:3747: checking for fgrep
configure:3809: result: /bin/grep -F
configure:3844: checking for ld used by arm-linux-gnueabi-gcc
configure:3911: result: /media/iamjy1005/978ada6f-9596-4951-b412-6e8a78f4241d/backup/root/opt/toolchain/arm/linux/linaro/gcc-linaro-7.2.1-2017.11-x86_64_arm-linux-gnueabi/arm-linux-gnueabi/bin/ld
configure:3918: checking if the linker (/media/iamjy1005/978ada6f-9596-4951-b412-6e8a78f4241d/backup/root/opt/toolchain/arm/linux/linaro/gcc-linaro-7.2.1-2017.11-x86_64_arm-linux-gnueabi/arm-linux-gnueabi/bin/ld) is GNU ld
configure:3933: result: yes
configure:3945: checking for BSD- or MS-compatible name lister (nm)
configure:3999: result: /opt/toolchain/arm/linux/linaro/host/arm-linux-gnueabi-nm -B
configure:4129: checking the name lister (/opt/toolchain/arm/linux/linaro/host/arm-linux-gnueabi-nm -B) interface
configure:4136: arm-linux-gnueabi-gcc -c -g -O2  conftest.c >&5
configure:4139: /opt/toolchain/arm/linux/linaro/host/arm-linux-gnueabi-nm -B "conftest.o"
configure:4142: output
00000000 B some_variable
configure:4149: result: BSD nm
configure:4152: checking whether ln -s works
configure:4156: result: yes
configure:4164: checking the maximum length of command line arguments
configure:4295: result: 1572864
configure:4343: checking how to convert x86_64-pc-linux-gnu file names to arm-unknown-linux-gnueabi format
configure:4383: result: func_convert_file_noop
configure:4390: checking how to convert x86_64-pc-linux-gnu file names to toolchain format
configure:4410: result: func_convert_file_noop
configure:4417: checking for /media/iamjy1005/978ada6f-9596-4951-b412-6e8a78f4241d/backup/root/opt/toolchain/arm/linux/linaro/gcc-linaro-7.2.1-2017.11-x86_64_arm-linux-gnueabi/arm-linux-gnueabi/bin/ld option to reload object files
configure:4424: result: -r
configure:4458: checking for arm-linux-gnueabi-objdump
configure:4474: found /opt/toolchain/arm/linux/linaro/host/arm-linux-gnueabi-objdump
configure:4485: result: arm-linux-gnueabi-objdump
configure:4557: checking how to recognize dependent libraries
configure:4757: result: pass_all
configure:4802: checking for arm-linux-gnueabi-dlltool
configure:4832: result: no
configure:4842: checking for dlltool
configure:4872: result: no
configure:4902: checking how to associate runtime and link libraries
configure:4929: result: printf %s\n
configure:4946: checking for arm-linux-gnueabi-ar
configure:4962: found /opt/toolchain/arm/linux/linaro/host/arm-linux-gnueabi-ar
configure:4973: result: arm-linux-gnueabi-ar
configure:5054: checking for archiver @FILE support
configure:5071: arm-linux-gnueabi-gcc -c -g -O2  conftest.c >&5
configure:5071: $? = 0
configure:5074: arm-linux-gnueabi-ar cru libconftest.a @conftest.lst >&5
configure:5077: $? = 0
configure:5082: arm-linux-gnueabi-ar cru libconftest.a @conftest.lst >&5
arm-linux-gnueabi-ar: conftest.o: No such file or directory
configure:5085: $? = 1
configure:5097: result: @
configure:5115: checking for arm-linux-gnueabi-strip
configure:5131: found /opt/toolchain/arm/linux/linaro/host/arm-linux-gnueabi-strip
configure:5142: result: arm-linux-gnueabi-strip
configure:5214: checking for arm-linux-gnueabi-ranlib
configure:5230: found /opt/toolchain/arm/linux/linaro/host/arm-linux-gnueabi-ranlib
configure:5241: result: arm-linux-gnueabi-ranlib
configure:5358: checking for gawk
configure:5388: result: no
configure:5358: checking for mawk
configure:5374: found /usr/bin/mawk
configure:5385: result: mawk
configure:5425: checking command to parse /opt/toolchain/arm/linux/linaro/host/arm-linux-gnueabi-nm -B output from arm-linux-gnueabi-gcc object
configure:5578: arm-linux-gnueabi-gcc -c -g -O2  conftest.c >&5
configure:5581: $? = 0
configure:5585: /opt/toolchain/arm/linux/linaro/host/arm-linux-gnueabi-nm -B conftest.o \| sed -n -e 's/^.*[ ]\([ABCDGIRSTW][ABCDGIRSTW]*\)[ ][ ]*\([_A-Za-z][_A-Za-z0-9]*\)$/\1 \2 \2/p' | sed '/ __gnu_lto/d' \> conftest.nm
configure:5588: $? = 0
configure:5654: arm-linux-gnueabi-gcc -o conftest -g -O2   conftest.c conftstm.o >&5
configure:5657: $? = 0
configure:5695: result: ok
configure:5742: checking for sysroot
configure:5772: result: no
configure:5779: checking for a working dd
configure:5817: result: /bin/dd
configure:5821: checking how to truncate binary pipes
configure:5836: result: /bin/dd bs=4096 count=1
configure:6125: checking for arm-linux-gnueabi-mt
configure:6155: result: no
configure:6165: checking for mt
configure:6181: found /bin/mt
configure:6192: result: mt
configure:6204: WARNING: using cross tools not prefixed with host triplet
configure:6215: checking if mt is a manifest tool
configure:6221: mt '-?'
configure:6229: result: no
configure:6906: checking how to run the C preprocessor
configure:6937: arm-linux-gnueabi-gcc -E  conftest.c
configure:6937: $? = 0
configure:6951: arm-linux-gnueabi-gcc -E  conftest.c
conftest.c:9:10: fatal error: ac_nonexistent.h: No such file or directory
 #include <ac_nonexistent.h>
          ^~~~~~~~~~~~~~~~~~
compilation terminated.
configure:6951: $? = 1
configure: failed program was:
| /* confdefs.h */
| #define PACKAGE_NAME "the fast lexical analyser generator"
| #define PACKAGE_TARNAME "flex"
| #define PACKAGE_VERSION "2.6.4"
| #define PACKAGE_STRING "the fast lexical analyser generator 2.6.4"
| #define PACKAGE_BUGREPORT "flex-help@lists.sourceforge.net"
| #define PACKAGE_URL ""
| /* end confdefs.h.  */
| #include <ac_nonexistent.h>
configure:6976: result: arm-linux-gnueabi-gcc -E
configure:6996: arm-linux-gnueabi-gcc -E  conftest.c
configure:6996: $? = 0
configure:7010: arm-linux-gnueabi-gcc -E  conftest.c
conftest.c:9:10: fatal error: ac_nonexistent.h: No such file or directory
 #include <ac_nonexistent.h>
          ^~~~~~~~~~~~~~~~~~
compilation terminated.
configure:7010: $? = 1
configure: failed program was:
| /* confdefs.h */
| #define PACKAGE_NAME "the fast lexical analyser generator"
| #define PACKAGE_TARNAME "flex"
| #define PACKAGE_VERSION "2.6.4"
| #define PACKAGE_STRING "the fast lexical analyser generator 2.6.4"
| #define PACKAGE_BUGREPORT "flex-help@lists.sourceforge.net"
| #define PACKAGE_URL ""
| /* end confdefs.h.  */
| #include <ac_nonexistent.h>
configure:7039: checking for ANSI C header files
configure:7059: arm-linux-gnueabi-gcc -c -g -O2  conftest.c >&5
configure:7059: $? = 0
configure:7143: result: yes
configure:7156: checking for sys/types.h
configure:7156: arm-linux-gnueabi-gcc -c -g -O2  conftest.c >&5
configure:7156: $? = 0
configure:7156: result: yes
configure:7156: checking for sys/stat.h
configure:7156: arm-linux-gnueabi-gcc -c -g -O2  conftest.c >&5
configure:7156: $? = 0
configure:7156: result: yes
configure:7156: checking for stdlib.h
configure:7156: arm-linux-gnueabi-gcc -c -g -O2  conftest.c >&5
configure:7156: $? = 0
configure:7156: result: yes
configure:7156: checking for string.h
configure:7156: arm-linux-gnueabi-gcc -c -g -O2  conftest.c >&5
configure:7156: $? = 0
configure:7156: result: yes
configure:7156: checking for memory.h
configure:7156: arm-linux-gnueabi-gcc -c -g -O2  conftest.c >&5
configure:7156: $? = 0
configure:7156: result: yes
configure:7156: checking for strings.h
configure:7156: arm-linux-gnueabi-gcc -c -g -O2  conftest.c >&5
configure:7156: $? = 0
configure:7156: result: yes
configure:7156: checking for inttypes.h
configure:7156: arm-linux-gnueabi-gcc -c -g -O2  conftest.c >&5
configure:7156: $? = 0
configure:7156: result: yes
configure:7156: checking for stdint.h
configure:7156: arm-linux-gnueabi-gcc -c -g -O2  conftest.c >&5
configure:7156: $? = 0
configure:7156: result: yes
configure:7156: checking for unistd.h
configure:7156: arm-linux-gnueabi-gcc -c -g -O2  conftest.c >&5
configure:7156: $? = 0
configure:7156: result: yes
configure:7170: checking for dlfcn.h
configure:7170: arm-linux-gnueabi-gcc -c -g -O2  conftest.c >&5
configure:7170: $? = 0
configure:7170: result: yes
configure:7426: checking for objdir
configure:7441: result: .libs
configure:7705: checking if arm-linux-gnueabi-gcc supports -fno-rtti -fno-exceptions
configure:7723: arm-linux-gnueabi-gcc -c -g -O2  -fno-rtti -fno-exceptions conftest.c >&5
cc1: warning: command line option '-fno-rtti' is valid for C++/ObjC++ but not for C
configure:7727: $? = 0
configure:7740: result: no
configure:8098: checking for arm-linux-gnueabi-gcc option to produce PIC
configure:8105: result: -fPIC -DPIC
configure:8113: checking if arm-linux-gnueabi-gcc PIC flag -fPIC -DPIC works
configure:8131: arm-linux-gnueabi-gcc -c -g -O2  -fPIC -DPIC -DPIC conftest.c >&5
configure:8135: $? = 0
configure:8148: result: yes
configure:8177: checking if arm-linux-gnueabi-gcc static flag -static works
configure:8205: result: yes
configure:8220: checking if arm-linux-gnueabi-gcc supports -c -o file.o
configure:8241: arm-linux-gnueabi-gcc -c -g -O2  -o out/conftest2.o conftest.c >&5
configure:8245: $? = 0
configure:8267: result: yes
configure:8275: checking if arm-linux-gnueabi-gcc supports -c -o file.o
configure:8322: result: yes
configure:8355: checking whether the arm-linux-gnueabi-gcc linker (/media/iamjy1005/978ada6f-9596-4951-b412-6e8a78f4241d/backup/root/opt/toolchain/arm/linux/linaro/gcc-linaro-7.2.1-2017.11-x86_64_arm-linux-gnueabi/arm-linux-gnueabi/bin/ld) supports shared libraries
configure:9618: result: yes
configure:9655: checking whether -lc should be explicitly linked in
configure:9663: arm-linux-gnueabi-gcc -c -g -O2  conftest.c >&5
configure:9666: $? = 0
configure:9681: arm-linux-gnueabi-gcc -shared  -fPIC -DPIC conftest.o  -v -Wl,-soname -Wl,conftest -o conftest 2\>\&1 \| /bin/grep  -lc  \>/dev/null 2\>\&1
configure:9684: $? = 0
configure:9698: result: no
configure:9858: checking dynamic linker characteristics
configure:10439: arm-linux-gnueabi-gcc -o conftest -g -O2   -Wl,-rpath -Wl,/foo conftest.c  >&5
configure:10439: $? = 0
configure:10688: result: GNU/Linux ld.so
configure:10810: checking how to hardcode library paths into programs
configure:10835: result: immediate
configure:11383: checking whether stripping libraries is possible
configure:11388: result: yes
configure:11423: checking if libtool supports shared libraries
configure:11425: result: yes
configure:11428: checking whether to build shared libraries
configure:11453: result: yes
configure:11456: checking whether to build static libraries
configure:11460: result: yes
configure:11513: checking for a BSD-compatible install
configure:11581: result: /usr/bin/install -c
configure:11592: checking whether build environment is sane
configure:11647: result: yes
configure:11703: checking for arm-linux-gnueabi-strip
configure:11730: result: arm-linux-gnueabi-strip
configure:11795: checking for a thread-safe mkdir -p
configure:11834: result: /bin/mkdir -p
configure:11837: checking whether make sets $(MAKE)
configure:11859: result: yes
configure:11889: checking for style of include used by make
configure:11917: result: GNU
configure:11951: checking whether make supports nested variables
configure:11968: result: yes
configure:12053: checking dependency style of arm-linux-gnueabi-gcc
configure:12164: result: gcc3
configure:12239: checking whether NLS is requested
configure:12248: result: yes
configure:12289: checking for msgfmt
configure: trying /usr/bin/msgfmt...
0 translated messages.
configure:12321: result: /usr/bin/msgfmt
configure:12330: checking for gmsgfmt
configure:12361: result: /usr/bin/msgfmt
configure:12412: checking for xgettext
configure: trying /usr/bin/xgettext...
/usr/bin/xgettext: warning: file '/dev/null' extension '' is unknown; will try C
configure:12444: result: /usr/bin/xgettext
configure:12490: checking for msgmerge
configure: trying /usr/bin/msgmerge...
configure:12521: result: /usr/bin/msgmerge
configure:12578: checking for ld used by GCC
configure:12642: result: /media/iamjy1005/978ada6f-9596-4951-b412-6e8a78f4241d/backup/root/opt/toolchain/arm/linux/linaro/gcc-linaro-7.2.1-2017.11-x86_64_arm-linux-gnueabi/arm-linux-gnueabi/bin/ld
configure:12649: checking if the linker (/media/iamjy1005/978ada6f-9596-4951-b412-6e8a78f4241d/backup/root/opt/toolchain/arm/linux/linaro/gcc-linaro-7.2.1-2017.11-x86_64_arm-linux-gnueabi/arm-linux-gnueabi/bin/ld) is GNU ld
configure:12662: result: yes
configure:12669: checking for shared library run path origin
configure:12682: result: done
configure:13254: checking for CFPreferencesCopyAppValue
configure:13272: arm-linux-gnueabi-gcc -o conftest -g -O2   conftest.c  -Wl,-framework -Wl,CoreFoundation >&5
conftest.c:23:10: fatal error: CoreFoundation/CFPreferences.h: No such file or directory
 #include <CoreFoundation/CFPreferences.h>
          ^~~~~~~~~~~~~~~~~~~~~~~~~~~~~~~~
compilation terminated.
configure:13272: $? = 1
configure: failed program was:
| /* confdefs.h */
| #define PACKAGE_NAME "the fast lexical analyser generator"
| #define PACKAGE_TARNAME "flex"
| #define PACKAGE_VERSION "2.6.4"
| #define PACKAGE_STRING "the fast lexical analyser generator 2.6.4"
| #define PACKAGE_BUGREPORT "flex-help@lists.sourceforge.net"
| #define PACKAGE_URL ""
| #define STDC_HEADERS 1
| #define HAVE_SYS_TYPES_H 1
| #define HAVE_SYS_STAT_H 1
| #define HAVE_STDLIB_H 1
| #define HAVE_STRING_H 1
| #define HAVE_MEMORY_H 1
| #define HAVE_STRINGS_H 1
| #define HAVE_INTTYPES_H 1
| #define HAVE_STDINT_H 1
| #define HAVE_UNISTD_H 1
| #define HAVE_DLFCN_H 1
| #define LT_OBJDIR ".libs/"
| #define PACKAGE "flex"
| #define VERSION "2.6.4"
| /* end confdefs.h.  */
| #include <CoreFoundation/CFPreferences.h>
| int
| main ()
| {
| CFPreferencesCopyAppValue(NULL, NULL)
|   ;
|   return 0;
| }
configure:13281: result: no
configure:13288: checking for CFLocaleCopyCurrent
configure:13306: arm-linux-gnueabi-gcc -o conftest -g -O2   conftest.c  -Wl,-framework -Wl,CoreFoundation >&5
conftest.c:23:10: fatal error: CoreFoundation/CFLocale.h: No such file or directory
 #include <CoreFoundation/CFLocale.h>
          ^~~~~~~~~~~~~~~~~~~~~~~~~~~
compilation terminated.
configure:13306: $? = 1
configure: failed program was:
| /* confdefs.h */
| #define PACKAGE_NAME "the fast lexical analyser generator"
| #define PACKAGE_TARNAME "flex"
| #define PACKAGE_VERSION "2.6.4"
| #define PACKAGE_STRING "the fast lexical analyser generator 2.6.4"
| #define PACKAGE_BUGREPORT "flex-help@lists.sourceforge.net"
| #define PACKAGE_URL ""
| #define STDC_HEADERS 1
| #define HAVE_SYS_TYPES_H 1
| #define HAVE_SYS_STAT_H 1
| #define HAVE_STDLIB_H 1
| #define HAVE_STRING_H 1
| #define HAVE_MEMORY_H 1
| #define HAVE_STRINGS_H 1
| #define HAVE_INTTYPES_H 1
| #define HAVE_STDINT_H 1
| #define HAVE_UNISTD_H 1
| #define HAVE_DLFCN_H 1
| #define LT_OBJDIR ".libs/"
| #define PACKAGE "flex"
| #define VERSION "2.6.4"
| /* end confdefs.h.  */
| #include <CoreFoundation/CFLocale.h>
| int
| main ()
| {
| CFLocaleCopyCurrent();
|   ;
|   return 0;
| }
configure:13315: result: no
configure:13364: checking for GNU gettext in libc
configure:13384: arm-linux-gnueabi-gcc -o conftest -g -O2   conftest.c  >&5
configure:13384: $? = 0
configure:13393: result: yes
configure:14184: checking whether to use NLS
configure:14186: result: yes
configure:14189: checking where the gettext function comes from
configure:14200: result: libc
configure:14262: checking for bison
configure:14292: result: no
configure:14262: checking for byacc
configure:14292: result: no
configure:14304: no bison program found: only required for maintainers
configure:14320: checking for flex
configure:14350: result: no
configure:14320: checking for lex
configure:14350: result: no
configure:14486: checking for arm-linux-gnueabi-gcc
configure:14513: result: arm-linux-gnueabi-gcc
configure:14782: checking for C compiler version
configure:14791: arm-linux-gnueabi-gcc --version >&5
arm-linux-gnueabi-gcc (Linaro GCC 7.2-2017.11) 7.2.1 20171011
Copyright (C) 2017 Free Software Foundation, Inc.
This is free software; see the source for copying conditions.  There is NO
warranty; not even for MERCHANTABILITY or FITNESS FOR A PARTICULAR PURPOSE.

configure:14802: $? = 0
configure:14791: arm-linux-gnueabi-gcc -v >&5
Using built-in specs.
COLLECT_GCC=arm-linux-gnueabi-gcc
COLLECT_LTO_WRAPPER=/media/iamjy1005/978ada6f-9596-4951-b412-6e8a78f4241d/backup/root/opt/toolchain/arm/linux/linaro/gcc-linaro-7.2.1-2017.11-x86_64_arm-linux-gnueabi/bin/../libexec/gcc/arm-linux-gnueabi/7.2.1/lto-wrapper
Target: arm-linux-gnueabi
Configured with: '/home/tcwg-buildslave/workspace/tcwg-make-release/builder_arch/amd64/label/tcwg-x86_64-build/target/arm-linux-gnueabi/snapshots/gcc.git~linaro-7.2-2017.11/configure' SHELL=/bin/bash --with-mpc=/home/tcwg-buildslave/workspace/tcwg-make-release/builder_arch/amd64/label/tcwg-x86_64-build/target/arm-linux-gnueabi/_build/builds/destdir/x86_64-unknown-linux-gnu --with-mpfr=/home/tcwg-buildslave/workspace/tcwg-make-release/builder_arch/amd64/label/tcwg-x86_64-build/target/arm-linux-gnueabi/_build/builds/destdir/x86_64-unknown-linux-gnu --with-gmp=/home/tcwg-buildslave/workspace/tcwg-make-release/builder_arch/amd64/label/tcwg-x86_64-build/target/arm-linux-gnueabi/_build/builds/destdir/x86_64-unknown-linux-gnu --with-gnu-as --with-gnu-ld --disable-libmudflap --enable-lto --enable-shared --without-included-gettext --enable-nls --disable-sjlj-exceptions --enable-gnu-unique-object --enable-linker-build-id --disable-libstdcxx-pch --enable-c99 --enable-clocale=gnu --enable-libstdcxx-debug --enable-long-long --with-cloog=no --with-ppl=no --with-isl=no --disable-multilib --with-float=soft --with-mode=thumb --with-tune=cortex-a9 --with-arch=armv7-a --enable-threads=posix --enable-multiarch --enable-libstdcxx-time=yes --enable-gnu-indirect-function --with-build-sysroot=/home/tcwg-buildslave/workspace/tcwg-make-release/builder_arch/amd64/label/tcwg-x86_64-build/target/arm-linux-gnueabi/_build/sysroots/arm-linux-gnueabi --with-sysroot=/home/tcwg-buildslave/workspace/tcwg-make-release/builder_arch/amd64/label/tcwg-x86_64-build/target/arm-linux-gnueabi/_build/builds/destdir/x86_64-unknown-linux-gnu/arm-linux-gnueabi/libc --enable-checking=release --disable-bootstrap --enable-languages=c,c++,fortran,lto --build=x86_64-unknown-linux-gnu --host=x86_64-unknown-linux-gnu --target=arm-linux-gnueabi --prefix=/home/tcwg-buildslave/workspace/tcwg-make-release/builder_arch/amd64/label/tcwg-x86_64-build/target/arm-linux-gnueabi/_build/builds/destdir/x86_64-unknown-linux-gnu
Thread model: posix
gcc version 7.2.1 20171011 (Linaro GCC 7.2-2017.11) 
configure:14802: $? = 0
configure:14791: arm-linux-gnueabi-gcc -V >&5
arm-linux-gnueabi-gcc: error: unrecognized command line option '-V'
arm-linux-gnueabi-gcc: fatal error: no input files
compilation terminated.
configure:14802: $? = 1
configure:14791: arm-linux-gnueabi-gcc -qversion >&5
arm-linux-gnueabi-gcc: error: unrecognized command line option '-qversion'; did you mean '--version'?
arm-linux-gnueabi-gcc: fatal error: no input files
compilation terminated.
configure:14802: $? = 1
configure:14806: checking whether we are using the GNU C compiler
configure:14834: result: yes
configure:14843: checking whether arm-linux-gnueabi-gcc accepts -g
configure:14904: result: yes
configure:14921: checking for arm-linux-gnueabi-gcc option to accept ISO C89
configure:14997: result: none needed
configure:15022: checking whether arm-linux-gnueabi-gcc understands -c and -o together
configure:15059: result: yes
configure:15132: checking for gcc
configure:15148: found /usr/bin/gcc
configure:15159: result: gcc
configure:15388: checking for C compiler version
configure:15397: gcc --version >&5
gcc (Ubuntu 5.4.0-6ubuntu1~16.04.9) 5.4.0 20160609
Copyright (C) 2015 Free Software Foundation, Inc.
This is free software; see the source for copying conditions.  There is NO
warranty; not even for MERCHANTABILITY or FITNESS FOR A PARTICULAR PURPOSE.

configure:15408: $? = 0
configure:15397: gcc -v >&5
Using built-in specs.
COLLECT_GCC=gcc
COLLECT_LTO_WRAPPER=/usr/lib/gcc/x86_64-linux-gnu/5/lto-wrapper
Target: x86_64-linux-gnu
Configured with: ../src/configure -v --with-pkgversion='Ubuntu 5.4.0-6ubuntu1~16.04.9' --with-bugurl=file:///usr/share/doc/gcc-5/README.Bugs --enable-languages=c,ada,c++,java,go,d,fortran,objc,obj-c++ --prefix=/usr --program-suffix=-5 --enable-shared --enable-linker-build-id --libexecdir=/usr/lib --without-included-gettext --enable-threads=posix --libdir=/usr/lib --enable-nls --with-sysroot=/ --enable-clocale=gnu --enable-libstdcxx-debug --enable-libstdcxx-time=yes --with-default-libstdcxx-abi=new --enable-gnu-unique-object --disable-vtable-verify --enable-libmpx --enable-plugin --with-system-zlib --disable-browser-plugin --enable-java-awt=gtk --enable-gtk-cairo --with-java-home=/usr/lib/jvm/java-1.5.0-gcj-5-amd64/jre --enable-java-home --with-jvm-root-dir=/usr/lib/jvm/java-1.5.0-gcj-5-amd64 --with-jvm-jar-dir=/usr/lib/jvm-exports/java-1.5.0-gcj-5-amd64 --with-arch-directory=amd64 --with-ecj-jar=/usr/share/java/eclipse-ecj.jar --enable-objc-gc --enable-multiarch --disable-werror --with-arch-32=i686 --with-abi=m64 --with-multilib-list=m32,m64,mx32 --enable-multilib --with-tune=generic --enable-checking=release --build=x86_64-linux-gnu --host=x86_64-linux-gnu --target=x86_64-linux-gnu
Thread model: posix
gcc version 5.4.0 20160609 (Ubuntu 5.4.0-6ubuntu1~16.04.9) 
configure:15408: $? = 0
configure:15397: gcc -V >&5
gcc: error: unrecognized command line option '-V'
gcc: fatal error: no input files
compilation terminated.
configure:15408: $? = 1
configure:15397: gcc -qversion >&5
gcc: error: unrecognized command line option '-qversion'
gcc: fatal error: no input files
compilation terminated.
configure:15408: $? = 1
configure:15412: checking whether we are using the GNU C compiler
configure:15440: result: yes
configure:15449: checking whether gcc accepts -g
configure:15469: arm-linux-gnueabi-gcc -c -g -O2  conftest.c >&5
configure:15469: $? = 0
configure:15510: result: yes
configure:15527: checking for gcc option to accept ISO C89
configure:15603: result: none needed
configure:15628: checking whether gcc understands -c and -o together
configure:15665: result: yes
configure:15687: checking how to run the C preprocessor
configure:15718: arm-linux-gnueabi-gcc -E  conftest.c
configure:15718: $? = 0
configure:15732: arm-linux-gnueabi-gcc -E  conftest.c
conftest.c:26:10: fatal error: ac_nonexistent.h: No such file or directory
 #include <ac_nonexistent.h>
          ^~~~~~~~~~~~~~~~~~
compilation terminated.
configure:15732: $? = 1
configure: failed program was:
| /* confdefs.h */
| #define PACKAGE_NAME "the fast lexical analyser generator"
| #define PACKAGE_TARNAME "flex"
| #define PACKAGE_VERSION "2.6.4"
| #define PACKAGE_STRING "the fast lexical analyser generator 2.6.4"
| #define PACKAGE_BUGREPORT "flex-help@lists.sourceforge.net"
| #define PACKAGE_URL ""
| #define STDC_HEADERS 1
| #define HAVE_SYS_TYPES_H 1
| #define HAVE_SYS_STAT_H 1
| #define HAVE_STDLIB_H 1
| #define HAVE_STRING_H 1
| #define HAVE_MEMORY_H 1
| #define HAVE_STRINGS_H 1
| #define HAVE_INTTYPES_H 1
| #define HAVE_STDINT_H 1
| #define HAVE_UNISTD_H 1
| #define HAVE_DLFCN_H 1
| #define LT_OBJDIR ".libs/"
| #define PACKAGE "flex"
| #define VERSION "2.6.4"
| #define ENABLE_NLS 1
| #define HAVE_GETTEXT 1
| #define HAVE_DCGETTEXT 1
| /* end confdefs.h.  */
| #include <ac_nonexistent.h>
configure:15757: result: gcc -E
configure:15777: arm-linux-gnueabi-gcc -E  conftest.c
configure:15777: $? = 0
configure:15791: arm-linux-gnueabi-gcc -E  conftest.c
conftest.c:26:10: fatal error: ac_nonexistent.h: No such file or directory
 #include <ac_nonexistent.h>
          ^~~~~~~~~~~~~~~~~~
compilation terminated.
configure:15791: $? = 1
configure: failed program was:
| /* confdefs.h */
| #define PACKAGE_NAME "the fast lexical analyser generator"
| #define PACKAGE_TARNAME "flex"
| #define PACKAGE_VERSION "2.6.4"
| #define PACKAGE_STRING "the fast lexical analyser generator 2.6.4"
| #define PACKAGE_BUGREPORT "flex-help@lists.sourceforge.net"
| #define PACKAGE_URL ""
| #define STDC_HEADERS 1
| #define HAVE_SYS_TYPES_H 1
| #define HAVE_SYS_STAT_H 1
| #define HAVE_STDLIB_H 1
| #define HAVE_STRING_H 1
| #define HAVE_MEMORY_H 1
| #define HAVE_STRINGS_H 1
| #define HAVE_INTTYPES_H 1
| #define HAVE_STDINT_H 1
| #define HAVE_UNISTD_H 1
| #define HAVE_DLFCN_H 1
| #define LT_OBJDIR ".libs/"
| #define PACKAGE "flex"
| #define VERSION "2.6.4"
| #define ENABLE_NLS 1
| #define HAVE_GETTEXT 1
| #define HAVE_DCGETTEXT 1
| /* end confdefs.h.  */
| #include <ac_nonexistent.h>
configure:15842: checking for arm-linux-gnueabi-g++
configure:15858: found /opt/toolchain/arm/linux/linaro/host/arm-linux-gnueabi-g++
configure:15869: result: arm-linux-gnueabi-g++
configure:15940: checking for C++ compiler version
configure:15949: arm-linux-gnueabi-g++ --version >&5
arm-linux-gnueabi-g++ (Linaro GCC 7.2-2017.11) 7.2.1 20171011
Copyright (C) 2017 Free Software Foundation, Inc.
This is free software; see the source for copying conditions.  There is NO
warranty; not even for MERCHANTABILITY or FITNESS FOR A PARTICULAR PURPOSE.

configure:15960: $? = 0
configure:15949: arm-linux-gnueabi-g++ -v >&5
Using built-in specs.
COLLECT_GCC=arm-linux-gnueabi-g++
COLLECT_LTO_WRAPPER=/media/iamjy1005/978ada6f-9596-4951-b412-6e8a78f4241d/backup/root/opt/toolchain/arm/linux/linaro/gcc-linaro-7.2.1-2017.11-x86_64_arm-linux-gnueabi/bin/../libexec/gcc/arm-linux-gnueabi/7.2.1/lto-wrapper
Target: arm-linux-gnueabi
Configured with: '/home/tcwg-buildslave/workspace/tcwg-make-release/builder_arch/amd64/label/tcwg-x86_64-build/target/arm-linux-gnueabi/snapshots/gcc.git~linaro-7.2-2017.11/configure' SHELL=/bin/bash --with-mpc=/home/tcwg-buildslave/workspace/tcwg-make-release/builder_arch/amd64/label/tcwg-x86_64-build/target/arm-linux-gnueabi/_build/builds/destdir/x86_64-unknown-linux-gnu --with-mpfr=/home/tcwg-buildslave/workspace/tcwg-make-release/builder_arch/amd64/label/tcwg-x86_64-build/target/arm-linux-gnueabi/_build/builds/destdir/x86_64-unknown-linux-gnu --with-gmp=/home/tcwg-buildslave/workspace/tcwg-make-release/builder_arch/amd64/label/tcwg-x86_64-build/target/arm-linux-gnueabi/_build/builds/destdir/x86_64-unknown-linux-gnu --with-gnu-as --with-gnu-ld --disable-libmudflap --enable-lto --enable-shared --without-included-gettext --enable-nls --disable-sjlj-exceptions --enable-gnu-unique-object --enable-linker-build-id --disable-libstdcxx-pch --enable-c99 --enable-clocale=gnu --enable-libstdcxx-debug --enable-long-long --with-cloog=no --with-ppl=no --with-isl=no --disable-multilib --with-float=soft --with-mode=thumb --with-tune=cortex-a9 --with-arch=armv7-a --enable-threads=posix --enable-multiarch --enable-libstdcxx-time=yes --enable-gnu-indirect-function --with-build-sysroot=/home/tcwg-buildslave/workspace/tcwg-make-release/builder_arch/amd64/label/tcwg-x86_64-build/target/arm-linux-gnueabi/_build/sysroots/arm-linux-gnueabi --with-sysroot=/home/tcwg-buildslave/workspace/tcwg-make-release/builder_arch/amd64/label/tcwg-x86_64-build/target/arm-linux-gnueabi/_build/builds/destdir/x86_64-unknown-linux-gnu/arm-linux-gnueabi/libc --enable-checking=release --disable-bootstrap --enable-languages=c,c++,fortran,lto --build=x86_64-unknown-linux-gnu --host=x86_64-unknown-linux-gnu --target=arm-linux-gnueabi --prefix=/home/tcwg-buildslave/workspace/tcwg-make-release/builder_arch/amd64/label/tcwg-x86_64-build/target/arm-linux-gnueabi/_build/builds/destdir/x86_64-unknown-linux-gnu
Thread model: posix
gcc version 7.2.1 20171011 (Linaro GCC 7.2-2017.11) 
configure:15960: $? = 0
configure:15949: arm-linux-gnueabi-g++ -V >&5
arm-linux-gnueabi-g++: error: unrecognized command line option '-V'
arm-linux-gnueabi-g++: fatal error: no input files
compilation terminated.
configure:15960: $? = 1
configure:15949: arm-linux-gnueabi-g++ -qversion >&5
arm-linux-gnueabi-g++: error: unrecognized command line option '-qversion'; did you mean '--version'?
arm-linux-gnueabi-g++: fatal error: no input files
compilation terminated.
configure:15960: $? = 1
configure:15964: checking whether we are using the GNU C++ compiler
configure:15983: arm-linux-gnueabi-g++ -c   conftest.cpp >&5
configure:15983: $? = 0
configure:15992: result: yes
configure:16001: checking whether arm-linux-gnueabi-g++ accepts -g
configure:16021: arm-linux-gnueabi-g++ -c -g  conftest.cpp >&5
configure:16021: $? = 0
configure:16062: result: yes
configure:16103: checking how to run the C++ preprocessor
configure:16130: arm-linux-gnueabi-g++ -E  conftest.cpp
configure:16130: $? = 0
configure:16144: arm-linux-gnueabi-g++ -E  conftest.cpp
conftest.cpp:26:10: fatal error: ac_nonexistent.h: No such file or directory
 #include <ac_nonexistent.h>
          ^~~~~~~~~~~~~~~~~~
compilation terminated.
configure:16144: $? = 1
configure: failed program was:
| /* confdefs.h */
| #define PACKAGE_NAME "the fast lexical analyser generator"
| #define PACKAGE_TARNAME "flex"
| #define PACKAGE_VERSION "2.6.4"
| #define PACKAGE_STRING "the fast lexical analyser generator 2.6.4"
| #define PACKAGE_BUGREPORT "flex-help@lists.sourceforge.net"
| #define PACKAGE_URL ""
| #define STDC_HEADERS 1
| #define HAVE_SYS_TYPES_H 1
| #define HAVE_SYS_STAT_H 1
| #define HAVE_STDLIB_H 1
| #define HAVE_STRING_H 1
| #define HAVE_MEMORY_H 1
| #define HAVE_STRINGS_H 1
| #define HAVE_INTTYPES_H 1
| #define HAVE_STDINT_H 1
| #define HAVE_UNISTD_H 1
| #define HAVE_DLFCN_H 1
| #define LT_OBJDIR ".libs/"
| #define PACKAGE "flex"
| #define VERSION "2.6.4"
| #define ENABLE_NLS 1
| #define HAVE_GETTEXT 1
| #define HAVE_DCGETTEXT 1
| /* end confdefs.h.  */
| #include <ac_nonexistent.h>
configure:16169: result: arm-linux-gnueabi-g++ -E
configure:16189: arm-linux-gnueabi-g++ -E  conftest.cpp
configure:16189: $? = 0
configure:16203: arm-linux-gnueabi-g++ -E  conftest.cpp
conftest.cpp:26:10: fatal error: ac_nonexistent.h: No such file or directory
 #include <ac_nonexistent.h>
          ^~~~~~~~~~~~~~~~~~
compilation terminated.
configure:16203: $? = 1
configure: failed program was:
| /* confdefs.h */
| #define PACKAGE_NAME "the fast lexical analyser generator"
| #define PACKAGE_TARNAME "flex"
| #define PACKAGE_VERSION "2.6.4"
| #define PACKAGE_STRING "the fast lexical analyser generator 2.6.4"
| #define PACKAGE_BUGREPORT "flex-help@lists.sourceforge.net"
| #define PACKAGE_URL ""
| #define STDC_HEADERS 1
| #define HAVE_SYS_TYPES_H 1
| #define HAVE_SYS_STAT_H 1
| #define HAVE_STDLIB_H 1
| #define HAVE_STRING_H 1
| #define HAVE_MEMORY_H 1
| #define HAVE_STRINGS_H 1
| #define HAVE_INTTYPES_H 1
| #define HAVE_STDINT_H 1
| #define HAVE_UNISTD_H 1
| #define HAVE_DLFCN_H 1
| #define LT_OBJDIR ".libs/"
| #define PACKAGE "flex"
| #define VERSION "2.6.4"
| #define ENABLE_NLS 1
| #define HAVE_GETTEXT 1
| #define HAVE_DCGETTEXT 1
| /* end confdefs.h.  */
| #include <ac_nonexistent.h>
configure:16365: checking for ld used by arm-linux-gnueabi-g++
configure:16432: result: /media/iamjy1005/978ada6f-9596-4951-b412-6e8a78f4241d/backup/root/opt/toolchain/arm/linux/linaro/gcc-linaro-7.2.1-2017.11-x86_64_arm-linux-gnueabi/arm-linux-gnueabi/bin/ld
configure:16439: checking if the linker (/media/iamjy1005/978ada6f-9596-4951-b412-6e8a78f4241d/backup/root/opt/toolchain/arm/linux/linaro/gcc-linaro-7.2.1-2017.11-x86_64_arm-linux-gnueabi/arm-linux-gnueabi/bin/ld) is GNU ld
configure:16454: result: yes
configure:16509: checking whether the arm-linux-gnueabi-g++ linker (/media/iamjy1005/978ada6f-9596-4951-b412-6e8a78f4241d/backup/root/opt/toolchain/arm/linux/linaro/gcc-linaro-7.2.1-2017.11-x86_64_arm-linux-gnueabi/arm-linux-gnueabi/bin/ld) supports shared libraries
configure:17582: result: yes
configure:17618: arm-linux-gnueabi-g++ -c -g -O2  conftest.cpp >&5
configure:17621: $? = 0
configure:18102: checking for arm-linux-gnueabi-g++ option to produce PIC
configure:18109: result: -fPIC -DPIC
configure:18117: checking if arm-linux-gnueabi-g++ PIC flag -fPIC -DPIC works
configure:18135: arm-linux-gnueabi-g++ -c -g -O2  -fPIC -DPIC -DPIC conftest.cpp >&5
configure:18139: $? = 0
configure:18152: result: yes
configure:18175: checking if arm-linux-gnueabi-g++ static flag -static works
configure:18203: result: yes
configure:18215: checking if arm-linux-gnueabi-g++ supports -c -o file.o
configure:18236: arm-linux-gnueabi-g++ -c -g -O2  -o out/conftest2.o conftest.cpp >&5
configure:18240: $? = 0
configure:18262: result: yes
configure:18267: checking if arm-linux-gnueabi-g++ supports -c -o file.o
configure:18314: result: yes
configure:18344: checking whether the arm-linux-gnueabi-g++ linker (/media/iamjy1005/978ada6f-9596-4951-b412-6e8a78f4241d/backup/root/opt/toolchain/arm/linux/linaro/gcc-linaro-7.2.1-2017.11-x86_64_arm-linux-gnueabi/arm-linux-gnueabi/bin/ld) supports shared libraries
configure:18387: result: yes
configure:18528: checking dynamic linker characteristics
configure:19285: result: GNU/Linux ld.so
configure:19350: checking how to hardcode library paths into programs
configure:19375: result: immediate
configure:19417: checking dependency style of arm-linux-gnueabi-g++
configure:19528: result: gcc3
configure:19544: checking whether ln -s works
configure:19548: result: yes
configure:19559: checking for gawk
configure:19586: result: mawk
configure:19659: checking for help2man
configure:19690: result: ${top_srcdir}/build-aux/missing help2man
configure:19699: WARNING: help2man: program not found: building man page will not work
configure:19708: checking for gtexi2dvi
configure:19741: result: no
configure:19708: checking for texi2dvi
configure:19741: result: no
configure:19751: WARNING: texi2dvi: program not found: building pdf version of manual will not work
configure:19758: checking for m4 that supports -P
configure:19791: result: /usr/bin/m4
configure:19803: checking for indent
configure:19834: result: ${top_srcdir}/build-aux/missing indent
configure:19842: checking if ${top_srcdir}/build-aux/missing indent is GNU indent
configure:19848: result: no
configure:19850: WARNING: ${top_srcdir}/build-aux/missing indent does not appear to be GNU indent; 'make indent' may not function properly
configure:19860: checking regex.h usability
configure:19860: arm-linux-gnueabi-gcc -c -g -O2  conftest.c >&5
configure:19860: $? = 0
configure:19860: result: yes
configure:19860: checking regex.h presence
configure:19860: arm-linux-gnueabi-gcc -E  conftest.c
configure:19860: $? = 0
configure:19860: result: yes
configure:19860: checking for regex.h
configure:19860: result: yes
configure:19860: checking for strings.h
configure:19860: result: yes
configure:19860: checking for sys/stat.h
configure:19860: result: yes
configure:19860: checking sys/wait.h usability
configure:19860: arm-linux-gnueabi-gcc -c -g -O2  conftest.c >&5
configure:19860: $? = 0
configure:19860: result: yes
configure:19860: checking sys/wait.h presence
configure:19860: arm-linux-gnueabi-gcc -E  conftest.c
configure:19860: $? = 0
configure:19860: result: yes
configure:19860: checking for sys/wait.h
configure:19860: result: yes
configure:19860: checking for unistd.h
configure:19860: result: yes
configure:19876: checking for inttypes.h
configure:19876: result: yes
configure:19876: checking libintl.h usability
configure:19876: arm-linux-gnueabi-gcc -c -g -O2  conftest.c >&5
configure:19876: $? = 0
configure:19876: result: yes
configure:19876: checking libintl.h presence
configure:19876: arm-linux-gnueabi-gcc -E  conftest.c
configure:19876: $? = 0
configure:19876: result: yes
configure:19876: checking for libintl.h
configure:19876: result: yes
configure:19876: checking limits.h usability
configure:19876: arm-linux-gnueabi-gcc -c -g -O2  conftest.c >&5
configure:19876: $? = 0
configure:19876: result: yes
configure:19876: checking limits.h presence
configure:19876: arm-linux-gnueabi-gcc -E  conftest.c
configure:19876: $? = 0
configure:19876: result: yes
configure:19876: checking for limits.h
configure:19876: result: yes
configure:19876: checking locale.h usability
configure:19876: arm-linux-gnueabi-gcc -c -g -O2  conftest.c >&5
configure:19876: $? = 0
configure:19876: result: yes
configure:19876: checking locale.h presence
configure:19876: arm-linux-gnueabi-gcc -E  conftest.c
configure:19876: $? = 0
configure:19876: result: yes
configure:19876: checking for locale.h
configure:19876: result: yes
configure:19876: checking malloc.h usability
configure:19876: arm-linux-gnueabi-gcc -c -g -O2  conftest.c >&5
configure:19876: $? = 0
configure:19876: result: yes
configure:19876: checking malloc.h presence
configure:19876: arm-linux-gnueabi-gcc -E  conftest.c
configure:19876: $? = 0
configure:19876: result: yes
configure:19876: checking for malloc.h
configure:19876: result: yes
configure:19876: checking netinet/in.h usability
configure:19876: arm-linux-gnueabi-gcc -c -g -O2  conftest.c >&5
configure:19876: $? = 0
configure:19876: result: yes
configure:19876: checking netinet/in.h presence
configure:19876: arm-linux-gnueabi-gcc -E  conftest.c
configure:19876: $? = 0
configure:19876: result: yes
configure:19876: checking for netinet/in.h
configure:19876: result: yes
configure:19894: checking for pthread_mutex_lock in -lpthread
configure:19919: arm-linux-gnueabi-gcc -o conftest -g -O2   conftest.c -lpthread   >&5
configure:19919: $? = 0
configure:19928: result: yes
configure:19933: checking pthread.h usability
configure:19933: arm-linux-gnueabi-gcc -c -g -O2  conftest.c >&5
configure:19933: $? = 0
configure:19933: result: yes
configure:19933: checking pthread.h presence
configure:19933: arm-linux-gnueabi-gcc -E  conftest.c
configure:19933: $? = 0
configure:19933: result: yes
configure:19933: checking for pthread.h
configure:19933: result: yes
configure:19953: checking for log10 in -lm
configure:19978: arm-linux-gnueabi-gcc -o conftest -g -O2   conftest.c -lm   >&5
conftest.c:46:6: warning: conflicting types for built-in function 'log10' [-Wbuiltin-declaration-mismatch]
 char log10 ();
      ^~~~~
configure:19978: $? = 0
configure:19987: result: yes
configure:20001: checking for stdbool.h that conforms to C99
configure:20068: arm-linux-gnueabi-gcc -c -g -O2  conftest.c >&5
configure:20068: $? = 0
configure:20075: result: yes
configure:20077: checking for _Bool
configure:20077: arm-linux-gnueabi-gcc -c -g -O2  conftest.c >&5
configure:20077: $? = 0
configure:20077: arm-linux-gnueabi-gcc -c -g -O2  conftest.c >&5
conftest.c: In function 'main':
conftest.c:76:20: error: expected expression before ')' token
 if (sizeof ((_Bool)))
                    ^
configure:20077: $? = 1
configure: failed program was:
| /* confdefs.h */
| #define PACKAGE_NAME "the fast lexical analyser generator"
| #define PACKAGE_TARNAME "flex"
| #define PACKAGE_VERSION "2.6.4"
| #define PACKAGE_STRING "the fast lexical analyser generator 2.6.4"
| #define PACKAGE_BUGREPORT "flex-help@lists.sourceforge.net"
| #define PACKAGE_URL ""
| #define STDC_HEADERS 1
| #define HAVE_SYS_TYPES_H 1
| #define HAVE_SYS_STAT_H 1
| #define HAVE_STDLIB_H 1
| #define HAVE_STRING_H 1
| #define HAVE_MEMORY_H 1
| #define HAVE_STRINGS_H 1
| #define HAVE_INTTYPES_H 1
| #define HAVE_STDINT_H 1
| #define HAVE_UNISTD_H 1
| #define HAVE_DLFCN_H 1
| #define LT_OBJDIR ".libs/"
| #define PACKAGE "flex"
| #define VERSION "2.6.4"
| #define ENABLE_NLS 1
| #define HAVE_GETTEXT 1
| #define HAVE_DCGETTEXT 1
| #define M4 "/usr/bin/m4"
| #define HAVE_REGEX_H 1
| #define HAVE_STRINGS_H 1
| #define HAVE_SYS_STAT_H 1
| #define HAVE_SYS_WAIT_H 1
| #define HAVE_UNISTD_H 1
| #define HAVE_INTTYPES_H 1
| #define HAVE_LIBINTL_H 1
| #define HAVE_LIMITS_H 1
| #define HAVE_LOCALE_H 1
| #define HAVE_MALLOC_H 1
| #define HAVE_NETINET_IN_H 1
| #define HAVE_PTHREAD_H 1
| #define HAVE_LIBM 1
| /* end confdefs.h.  */
| #include <stdio.h>
| #ifdef HAVE_SYS_TYPES_H
| # include <sys/types.h>
| #endif
| #ifdef HAVE_SYS_STAT_H
| # include <sys/stat.h>
| #endif
| #ifdef STDC_HEADERS
| # include <stdlib.h>
| # include <stddef.h>
| #else
| # ifdef HAVE_STDLIB_H
| #  include <stdlib.h>
| # endif
| #endif
| #ifdef HAVE_STRING_H
| # if !defined STDC_HEADERS && defined HAVE_MEMORY_H
| #  include <memory.h>
| # endif
| # include <string.h>
| #endif
| #ifdef HAVE_STRINGS_H
| # include <strings.h>
| #endif
| #ifdef HAVE_INTTYPES_H
| # include <inttypes.h>
| #endif
| #ifdef HAVE_STDINT_H
| # include <stdint.h>
| #endif
| #ifdef HAVE_UNISTD_H
| # include <unistd.h>
| #endif
| int
| main ()
| {
| if (sizeof ((_Bool)))
| 	    return 0;
|   ;
|   return 0;
| }
configure:20077: result: yes
configure:20094: checking for an ANSI C-conforming const
configure:20160: arm-linux-gnueabi-gcc -c -g -O2  conftest.c >&5
configure:20160: $? = 0
configure:20167: result: yes
configure:20175: checking for size_t
configure:20175: arm-linux-gnueabi-gcc -c -g -O2  conftest.c >&5
configure:20175: $? = 0
configure:20175: arm-linux-gnueabi-gcc -c -g -O2  conftest.c >&5
conftest.c: In function 'main':
conftest.c:78:21: error: expected expression before ')' token
 if (sizeof ((size_t)))
                     ^
configure:20175: $? = 1
configure: failed program was:
| /* confdefs.h */
| #define PACKAGE_NAME "the fast lexical analyser generator"
| #define PACKAGE_TARNAME "flex"
| #define PACKAGE_VERSION "2.6.4"
| #define PACKAGE_STRING "the fast lexical analyser generator 2.6.4"
| #define PACKAGE_BUGREPORT "flex-help@lists.sourceforge.net"
| #define PACKAGE_URL ""
| #define STDC_HEADERS 1
| #define HAVE_SYS_TYPES_H 1
| #define HAVE_SYS_STAT_H 1
| #define HAVE_STDLIB_H 1
| #define HAVE_STRING_H 1
| #define HAVE_MEMORY_H 1
| #define HAVE_STRINGS_H 1
| #define HAVE_INTTYPES_H 1
| #define HAVE_STDINT_H 1
| #define HAVE_UNISTD_H 1
| #define HAVE_DLFCN_H 1
| #define LT_OBJDIR ".libs/"
| #define PACKAGE "flex"
| #define VERSION "2.6.4"
| #define ENABLE_NLS 1
| #define HAVE_GETTEXT 1
| #define HAVE_DCGETTEXT 1
| #define M4 "/usr/bin/m4"
| #define HAVE_REGEX_H 1
| #define HAVE_STRINGS_H 1
| #define HAVE_SYS_STAT_H 1
| #define HAVE_SYS_WAIT_H 1
| #define HAVE_UNISTD_H 1
| #define HAVE_INTTYPES_H 1
| #define HAVE_LIBINTL_H 1
| #define HAVE_LIMITS_H 1
| #define HAVE_LOCALE_H 1
| #define HAVE_MALLOC_H 1
| #define HAVE_NETINET_IN_H 1
| #define HAVE_PTHREAD_H 1
| #define HAVE_LIBM 1
| #define HAVE__BOOL 1
| #define HAVE_STDBOOL_H 1
| /* end confdefs.h.  */
| #include <stdio.h>
| #ifdef HAVE_SYS_TYPES_H
| # include <sys/types.h>
| #endif
| #ifdef HAVE_SYS_STAT_H
| # include <sys/stat.h>
| #endif
| #ifdef STDC_HEADERS
| # include <stdlib.h>
| # include <stddef.h>
| #else
| # ifdef HAVE_STDLIB_H
| #  include <stdlib.h>
| # endif
| #endif
| #ifdef HAVE_STRING_H
| # if !defined STDC_HEADERS && defined HAVE_MEMORY_H
| #  include <memory.h>
| # endif
| # include <string.h>
| #endif
| #ifdef HAVE_STRINGS_H
| # include <strings.h>
| #endif
| #ifdef HAVE_INTTYPES_H
| # include <inttypes.h>
| #endif
| #ifdef HAVE_STDINT_H
| # include <stdint.h>
| #endif
| #ifdef HAVE_UNISTD_H
| # include <unistd.h>
| #endif
| int
| main ()
| {
| if (sizeof ((size_t)))
| 	    return 0;
|   ;
|   return 0;
| }
configure:20175: result: yes
configure:20191: checking for working alloca.h
configure:20208: arm-linux-gnueabi-gcc -o conftest -g -O2   conftest.c -lm  >&5
configure:20208: $? = 0
configure:20216: result: yes
configure:20224: checking for alloca
configure:20261: arm-linux-gnueabi-gcc -o conftest -g -O2   conftest.c -lm  >&5
configure:20261: $? = 0
configure:20269: result: yes
configure:20375: checking for pid_t
configure:20375: arm-linux-gnueabi-gcc -c -g -O2  conftest.c >&5
configure:20375: $? = 0
configure:20375: arm-linux-gnueabi-gcc -c -g -O2  conftest.c >&5
conftest.c: In function 'main':
conftest.c:80:20: error: expected expression before ')' token
 if (sizeof ((pid_t)))
                    ^
configure:20375: $? = 1
configure: failed program was:
| /* confdefs.h */
| #define PACKAGE_NAME "the fast lexical analyser generator"
| #define PACKAGE_TARNAME "flex"
| #define PACKAGE_VERSION "2.6.4"
| #define PACKAGE_STRING "the fast lexical analyser generator 2.6.4"
| #define PACKAGE_BUGREPORT "flex-help@lists.sourceforge.net"
| #define PACKAGE_URL ""
| #define STDC_HEADERS 1
| #define HAVE_SYS_TYPES_H 1
| #define HAVE_SYS_STAT_H 1
| #define HAVE_STDLIB_H 1
| #define HAVE_STRING_H 1
| #define HAVE_MEMORY_H 1
| #define HAVE_STRINGS_H 1
| #define HAVE_INTTYPES_H 1
| #define HAVE_STDINT_H 1
| #define HAVE_UNISTD_H 1
| #define HAVE_DLFCN_H 1
| #define LT_OBJDIR ".libs/"
| #define PACKAGE "flex"
| #define VERSION "2.6.4"
| #define ENABLE_NLS 1
| #define HAVE_GETTEXT 1
| #define HAVE_DCGETTEXT 1
| #define M4 "/usr/bin/m4"
| #define HAVE_REGEX_H 1
| #define HAVE_STRINGS_H 1
| #define HAVE_SYS_STAT_H 1
| #define HAVE_SYS_WAIT_H 1
| #define HAVE_UNISTD_H 1
| #define HAVE_INTTYPES_H 1
| #define HAVE_LIBINTL_H 1
| #define HAVE_LIMITS_H 1
| #define HAVE_LOCALE_H 1
| #define HAVE_MALLOC_H 1
| #define HAVE_NETINET_IN_H 1
| #define HAVE_PTHREAD_H 1
| #define HAVE_LIBM 1
| #define HAVE__BOOL 1
| #define HAVE_STDBOOL_H 1
| #define HAVE_ALLOCA_H 1
| #define HAVE_ALLOCA 1
| /* end confdefs.h.  */
| #include <stdio.h>
| #ifdef HAVE_SYS_TYPES_H
| # include <sys/types.h>
| #endif
| #ifdef HAVE_SYS_STAT_H
| # include <sys/stat.h>
| #endif
| #ifdef STDC_HEADERS
| # include <stdlib.h>
| # include <stddef.h>
| #else
| # ifdef HAVE_STDLIB_H
| #  include <stdlib.h>
| # endif
| #endif
| #ifdef HAVE_STRING_H
| # if !defined STDC_HEADERS && defined HAVE_MEMORY_H
| #  include <memory.h>
| # endif
| # include <string.h>
| #endif
| #ifdef HAVE_STRINGS_H
| # include <strings.h>
| #endif
| #ifdef HAVE_INTTYPES_H
| # include <inttypes.h>
| #endif
| #ifdef HAVE_STDINT_H
| # include <stdint.h>
| #endif
| #ifdef HAVE_UNISTD_H
| # include <unistd.h>
| #endif
| int
| main ()
| {
| if (sizeof ((pid_t)))
| 	    return 0;
|   ;
|   return 0;
| }
configure:20375: result: yes
configure:20388: checking vfork.h usability
configure:20388: arm-linux-gnueabi-gcc -c -g -O2  conftest.c >&5
conftest.c:77:10: fatal error: vfork.h: No such file or directory
 #include <vfork.h>
          ^~~~~~~~~
compilation terminated.
configure:20388: $? = 1
configure: failed program was:
| /* confdefs.h */
| #define PACKAGE_NAME "the fast lexical analyser generator"
| #define PACKAGE_TARNAME "flex"
| #define PACKAGE_VERSION "2.6.4"
| #define PACKAGE_STRING "the fast lexical analyser generator 2.6.4"
| #define PACKAGE_BUGREPORT "flex-help@lists.sourceforge.net"
| #define PACKAGE_URL ""
| #define STDC_HEADERS 1
| #define HAVE_SYS_TYPES_H 1
| #define HAVE_SYS_STAT_H 1
| #define HAVE_STDLIB_H 1
| #define HAVE_STRING_H 1
| #define HAVE_MEMORY_H 1
| #define HAVE_STRINGS_H 1
| #define HAVE_INTTYPES_H 1
| #define HAVE_STDINT_H 1
| #define HAVE_UNISTD_H 1
| #define HAVE_DLFCN_H 1
| #define LT_OBJDIR ".libs/"
| #define PACKAGE "flex"
| #define VERSION "2.6.4"
| #define ENABLE_NLS 1
| #define HAVE_GETTEXT 1
| #define HAVE_DCGETTEXT 1
| #define M4 "/usr/bin/m4"
| #define HAVE_REGEX_H 1
| #define HAVE_STRINGS_H 1
| #define HAVE_SYS_STAT_H 1
| #define HAVE_SYS_WAIT_H 1
| #define HAVE_UNISTD_H 1
| #define HAVE_INTTYPES_H 1
| #define HAVE_LIBINTL_H 1
| #define HAVE_LIMITS_H 1
| #define HAVE_LOCALE_H 1
| #define HAVE_MALLOC_H 1
| #define HAVE_NETINET_IN_H 1
| #define HAVE_PTHREAD_H 1
| #define HAVE_LIBM 1
| #define HAVE__BOOL 1
| #define HAVE_STDBOOL_H 1
| #define HAVE_ALLOCA_H 1
| #define HAVE_ALLOCA 1
| /* end confdefs.h.  */
| #include <stdio.h>
| #ifdef HAVE_SYS_TYPES_H
| # include <sys/types.h>
| #endif
| #ifdef HAVE_SYS_STAT_H
| # include <sys/stat.h>
| #endif
| #ifdef STDC_HEADERS
| # include <stdlib.h>
| # include <stddef.h>
| #else
| # ifdef HAVE_STDLIB_H
| #  include <stdlib.h>
| # endif
| #endif
| #ifdef HAVE_STRING_H
| # if !defined STDC_HEADERS && defined HAVE_MEMORY_H
| #  include <memory.h>
| # endif
| # include <string.h>
| #endif
| #ifdef HAVE_STRINGS_H
| # include <strings.h>
| #endif
| #ifdef HAVE_INTTYPES_H
| # include <inttypes.h>
| #endif
| #ifdef HAVE_STDINT_H
| # include <stdint.h>
| #endif
| #ifdef HAVE_UNISTD_H
| # include <unistd.h>
| #endif
| #include <vfork.h>
configure:20388: result: no
configure:20388: checking vfork.h presence
configure:20388: arm-linux-gnueabi-gcc -E  conftest.c
conftest.c:44:10: fatal error: vfork.h: No such file or directory
 #include <vfork.h>
          ^~~~~~~~~
compilation terminated.
configure:20388: $? = 1
configure: failed program was:
| /* confdefs.h */
| #define PACKAGE_NAME "the fast lexical analyser generator"
| #define PACKAGE_TARNAME "flex"
| #define PACKAGE_VERSION "2.6.4"
| #define PACKAGE_STRING "the fast lexical analyser generator 2.6.4"
| #define PACKAGE_BUGREPORT "flex-help@lists.sourceforge.net"
| #define PACKAGE_URL ""
| #define STDC_HEADERS 1
| #define HAVE_SYS_TYPES_H 1
| #define HAVE_SYS_STAT_H 1
| #define HAVE_STDLIB_H 1
| #define HAVE_STRING_H 1
| #define HAVE_MEMORY_H 1
| #define HAVE_STRINGS_H 1
| #define HAVE_INTTYPES_H 1
| #define HAVE_STDINT_H 1
| #define HAVE_UNISTD_H 1
| #define HAVE_DLFCN_H 1
| #define LT_OBJDIR ".libs/"
| #define PACKAGE "flex"
| #define VERSION "2.6.4"
| #define ENABLE_NLS 1
| #define HAVE_GETTEXT 1
| #define HAVE_DCGETTEXT 1
| #define M4 "/usr/bin/m4"
| #define HAVE_REGEX_H 1
| #define HAVE_STRINGS_H 1
| #define HAVE_SYS_STAT_H 1
| #define HAVE_SYS_WAIT_H 1
| #define HAVE_UNISTD_H 1
| #define HAVE_INTTYPES_H 1
| #define HAVE_LIBINTL_H 1
| #define HAVE_LIMITS_H 1
| #define HAVE_LOCALE_H 1
| #define HAVE_MALLOC_H 1
| #define HAVE_NETINET_IN_H 1
| #define HAVE_PTHREAD_H 1
| #define HAVE_LIBM 1
| #define HAVE__BOOL 1
| #define HAVE_STDBOOL_H 1
| #define HAVE_ALLOCA_H 1
| #define HAVE_ALLOCA 1
| /* end confdefs.h.  */
| #include <vfork.h>
configure:20388: result: no
configure:20388: checking for vfork.h
configure:20388: result: no
configure:20401: checking for fork
configure:20401: arm-linux-gnueabi-gcc -o conftest -g -O2   conftest.c -lm  >&5
conftest.c:67:6: warning: conflicting types for built-in function 'fork' [-Wbuiltin-declaration-mismatch]
 char fork ();
      ^~~~
configure:20401: $? = 0
configure:20401: result: yes
configure:20401: checking for vfork
configure:20401: arm-linux-gnueabi-gcc -o conftest -g -O2   conftest.c -lm  >&5
configure:20401: $? = 0
configure:20401: result: yes
configure:20411: checking for working fork
configure:20443: result: cross
configure:20459: WARNING: result yes guessed because of cross compilation
configure:20464: checking for working vfork
configure:20574: result: yes
configure:20601: checking for stdlib.h
configure:20601: result: yes
configure:20611: checking for GNU libc compatible malloc
configure:20645: result: no
configure:20667: WARNING: result no guessed because of cross compilation
configure:20672: checking for stdlib.h
configure:20672: result: yes
configure:20682: checking for GNU libc compatible realloc
configure:20716: result: no
configure:20738: WARNING: result no guessed because of cross compilation
configure:20745: checking for dup2
configure:20745: arm-linux-gnueabi-gcc -o conftest -g -O2   conftest.c -lm  >&5
configure:20745: $? = 0
configure:20745: result: yes
configure:20745: checking for memset
configure:20745: arm-linux-gnueabi-gcc -o conftest -g -O2   conftest.c -lm  >&5
conftest.c:78:6: warning: conflicting types for built-in function 'memset' [-Wbuiltin-declaration-mismatch]
 char memset ();
      ^~~~~~
configure:20745: $? = 0
configure:20745: result: yes
configure:20745: checking for regcomp
configure:20745: arm-linux-gnueabi-gcc -o conftest -g -O2   conftest.c -lm  >&5
configure:20745: $? = 0
configure:20745: result: yes
configure:20745: checking for strcasecmp
configure:20745: arm-linux-gnueabi-gcc -o conftest -g -O2   conftest.c -lm  >&5
conftest.c:80:6: warning: conflicting types for built-in function 'strcasecmp' [-Wbuiltin-declaration-mismatch]
 char strcasecmp ();
      ^~~~~~~~~~
configure:20745: $? = 0
configure:20745: result: yes
configure:20745: checking for strchr
configure:20745: arm-linux-gnueabi-gcc -o conftest -g -O2   conftest.c -lm  >&5
conftest.c:81:6: warning: conflicting types for built-in function 'strchr' [-Wbuiltin-declaration-mismatch]
 char strchr ();
      ^~~~~~
configure:20745: $? = 0
configure:20745: result: yes
configure:20745: checking for strdup
configure:20745: arm-linux-gnueabi-gcc -o conftest -g -O2   conftest.c -lm  >&5
conftest.c:82:6: warning: conflicting types for built-in function 'strdup' [-Wbuiltin-declaration-mismatch]
 char strdup ();
      ^~~~~~
configure:20745: $? = 0
configure:20745: result: yes
configure:20745: checking for strtol
configure:20745: arm-linux-gnueabi-gcc -o conftest -g -O2   conftest.c -lm  >&5
configure:20745: $? = 0
configure:20745: result: yes
configure:20761: checking for pow
configure:20761: arm-linux-gnueabi-gcc -o conftest -g -O2   conftest.c -lm  >&5
conftest.c:84:6: warning: conflicting types for built-in function 'pow' [-Wbuiltin-declaration-mismatch]
 char pow ();
      ^~~
configure:20761: $? = 0
configure:20761: result: yes
configure:20761: checking for setlocale
configure:20761: arm-linux-gnueabi-gcc -o conftest -g -O2   conftest.c -lm  >&5
configure:20761: $? = 0
configure:20761: result: yes
configure:20761: checking for reallocarray
configure:20761: arm-linux-gnueabi-gcc -o conftest -g -O2   conftest.c -lm  >&5
/tmp/cc71wJIC.o: In function `main':
/home/iamjy1005/work/lab/practice/user-library/src/opsrc-flex-2.6.4/conftest.c:97: undefined reference to `reallocarray'
collect2: error: ld returned 1 exit status
configure:20761: $? = 1
configure: failed program was:
| /* confdefs.h */
| #define PACKAGE_NAME "the fast lexical analyser generator"
| #define PACKAGE_TARNAME "flex"
| #define PACKAGE_VERSION "2.6.4"
| #define PACKAGE_STRING "the fast lexical analyser generator 2.6.4"
| #define PACKAGE_BUGREPORT "flex-help@lists.sourceforge.net"
| #define PACKAGE_URL ""
| #define STDC_HEADERS 1
| #define HAVE_SYS_TYPES_H 1
| #define HAVE_SYS_STAT_H 1
| #define HAVE_STDLIB_H 1
| #define HAVE_STRING_H 1
| #define HAVE_MEMORY_H 1
| #define HAVE_STRINGS_H 1
| #define HAVE_INTTYPES_H 1
| #define HAVE_STDINT_H 1
| #define HAVE_UNISTD_H 1
| #define HAVE_DLFCN_H 1
| #define LT_OBJDIR ".libs/"
| #define PACKAGE "flex"
| #define VERSION "2.6.4"
| #define ENABLE_NLS 1
| #define HAVE_GETTEXT 1
| #define HAVE_DCGETTEXT 1
| #define M4 "/usr/bin/m4"
| #define HAVE_REGEX_H 1
| #define HAVE_STRINGS_H 1
| #define HAVE_SYS_STAT_H 1
| #define HAVE_SYS_WAIT_H 1
| #define HAVE_UNISTD_H 1
| #define HAVE_INTTYPES_H 1
| #define HAVE_LIBINTL_H 1
| #define HAVE_LIMITS_H 1
| #define HAVE_LOCALE_H 1
| #define HAVE_MALLOC_H 1
| #define HAVE_NETINET_IN_H 1
| #define HAVE_PTHREAD_H 1
| #define HAVE_LIBM 1
| #define HAVE__BOOL 1
| #define HAVE_STDBOOL_H 1
| #define HAVE_ALLOCA_H 1
| #define HAVE_ALLOCA 1
| #define HAVE_FORK 1
| #define HAVE_VFORK 1
| #define HAVE_WORKING_VFORK 1
| #define HAVE_WORKING_FORK 1
| #define HAVE_STDLIB_H 1
| #define HAVE_MALLOC 0
| #define malloc rpl_malloc
| #define HAVE_STDLIB_H 1
| #define HAVE_REALLOC 0
| #define realloc rpl_realloc
| #define HAVE_DUP2 1
| #define HAVE_MEMSET 1
| #define HAVE_REGCOMP 1
| #define HAVE_STRCASECMP 1
| #define HAVE_STRCHR 1
| #define HAVE_STRDUP 1
| #define HAVE_STRTOL 1
| #define HAVE_POW 1
| #define HAVE_SETLOCALE 1
| /* end confdefs.h.  */
| /* Define reallocarray to an innocuous variant, in case <limits.h> declares reallocarray.
|    For example, HP-UX 11i <limits.h> declares gettimeofday.  */
| #define reallocarray innocuous_reallocarray
| 
| /* System header to define __stub macros and hopefully few prototypes,
|     which can conflict with char reallocarray (); below.
|     Prefer <limits.h> to <assert.h> if __STDC__ is defined, since
|     <limits.h> exists even on freestanding compilers.  */
| 
| #ifdef __STDC__
| # include <limits.h>
| #else
| # include <assert.h>
| #endif
| 
| #undef reallocarray
| 
| /* Override any GCC internal prototype to avoid an error.
|    Use char because int might match the return type of a GCC
|    builtin and then its argument prototype would still apply.  */
| #ifdef __cplusplus
| extern "C"
| #endif
| char reallocarray ();
| /* The GNU C library defines this for functions which it implements
|     to always fail with ENOSYS.  Some functions are actually named
|     something starting with __ and the normal name is an alias.  */
| #if defined __stub_reallocarray || defined __stub___reallocarray
| choke me
| #endif
| 
| int
| main ()
| {
| return reallocarray ();
|   ;
|   return 0;
| }
configure:20761: result: no
configure:20883: checking that generated files are newer than configure
configure:20889: result: done
configure:20932: creating ./config.status

## ---------------------- ##
## Running config.status. ##
## ---------------------- ##

This file was extended by the fast lexical analyser generator config.status 2.6.4, which was
generated by GNU Autoconf 2.69.  Invocation command line was

  CONFIG_FILES    = 
  CONFIG_HEADERS  = 
  CONFIG_LINKS    = 
  CONFIG_COMMANDS = 
  $ ./config.status 

on iamjy1005-iMac

config.status:1250: creating Makefile
config.status:1250: creating doc/Makefile
config.status:1250: creating examples/Makefile
config.status:1250: creating examples/fastwc/Makefile
config.status:1250: creating examples/manual/Makefile
config.status:1250: creating po/Makefile.in
config.status:1250: creating src/Makefile
config.status:1250: creating tools/Makefile
config.status:1250: creating tests/Makefile
config.status:1250: creating src/config.h
config.status:1479: executing libtool commands
config.status:1479: executing depfiles commands
config.status:1479: executing po-directories commands

## ---------------- ##
## Cache variables. ##
## ---------------- ##

ac_cv_build=x86_64-pc-linux-gnu
ac_cv_build_prog_CPP='gcc -E'
ac_cv_build_prog_cc_g=yes
ac_cv_c_compiler_gnu=yes
ac_cv_c_const=yes
ac_cv_cxx_compiler_gnu=yes
ac_cv_env_CCC_set=
ac_cv_env_CCC_value=
ac_cv_env_CC_set=
ac_cv_env_CC_value=
ac_cv_env_CFLAGS_set=
ac_cv_env_CFLAGS_value=
ac_cv_env_CPPFLAGS_set=
ac_cv_env_CPPFLAGS_value=
ac_cv_env_CPP_set=
ac_cv_env_CPP_value=
ac_cv_env_CXXCPP_set=
ac_cv_env_CXXCPP_value=
ac_cv_env_CXXFLAGS_set=
ac_cv_env_CXXFLAGS_value=
ac_cv_env_CXX_set=
ac_cv_env_CXX_value=
ac_cv_env_LDFLAGS_set=
ac_cv_env_LDFLAGS_value=
ac_cv_env_LIBS_set=
ac_cv_env_LIBS_value=
ac_cv_env_LT_SYS_LIBRARY_PATH_set=
ac_cv_env_LT_SYS_LIBRARY_PATH_value=
ac_cv_env_YACC_set=
ac_cv_env_YACC_value=
ac_cv_env_YFLAGS_set=
ac_cv_env_YFLAGS_value=
ac_cv_env_build_alias_set=
ac_cv_env_build_alias_value=
ac_cv_env_host_alias_set=set
ac_cv_env_host_alias_value=arm-linux-gnueabi
ac_cv_env_target_alias_set=set
ac_cv_env_target_alias_value=arm-linux-gnueabi
ac_cv_func_alloca_works=yes
ac_cv_func_dup2=yes
ac_cv_func_fork=yes
ac_cv_func_fork_works=yes
ac_cv_func_malloc_0_nonnull=no
ac_cv_func_memset=yes
ac_cv_func_pow=yes
ac_cv_func_realloc_0_nonnull=no
ac_cv_func_reallocarray=no
ac_cv_func_regcomp=yes
ac_cv_func_setlocale=yes
ac_cv_func_strcasecmp=yes
ac_cv_func_strchr=yes
ac_cv_func_strdup=yes
ac_cv_func_strtol=yes
ac_cv_func_vfork=yes
ac_cv_func_vfork_works=yes
ac_cv_header_dlfcn_h=yes
ac_cv_header_inttypes_h=yes
ac_cv_header_libintl_h=yes
ac_cv_header_limits_h=yes
ac_cv_header_locale_h=yes
ac_cv_header_malloc_h=yes
ac_cv_header_memory_h=yes
ac_cv_header_netinet_in_h=yes
ac_cv_header_pthread_h=yes
ac_cv_header_regex_h=yes
ac_cv_header_stdbool_h=yes
ac_cv_header_stdc=yes
ac_cv_header_stdint_h=yes
ac_cv_header_stdlib_h=yes
ac_cv_header_string_h=yes
ac_cv_header_strings_h=yes
ac_cv_header_sys_stat_h=yes
ac_cv_header_sys_types_h=yes
ac_cv_header_sys_wait_h=yes
ac_cv_header_unistd_h=yes
ac_cv_header_vfork_h=no
ac_cv_host=arm-unknown-linux-gnueabi
ac_cv_lib_m_log10=yes
ac_cv_lib_pthread_pthread_mutex_lock=yes
ac_cv_objext=o
ac_cv_path_EGREP='/bin/grep -E'
ac_cv_path_FGREP='/bin/grep -F'
ac_cv_path_GMSGFMT=/usr/bin/msgfmt
ac_cv_path_GREP=/bin/grep
ac_cv_path_HELP2MAN='${top_srcdir}/build-aux/missing help2man'
ac_cv_path_INDENT='${top_srcdir}/build-aux/missing indent'
ac_cv_path_M4=/usr/bin/m4
ac_cv_path_MSGFMT=/usr/bin/msgfmt
ac_cv_path_MSGMERGE=/usr/bin/msgmerge
ac_cv_path_SED=/bin/sed
ac_cv_path_XGETTEXT=/usr/bin/xgettext
ac_cv_path_install='/usr/bin/install -c'
ac_cv_path_lt_DD=/bin/dd
ac_cv_path_mkdir=/bin/mkdir
ac_cv_prog_AR=arm-linux-gnueabi-ar
ac_cv_prog_AWK=mawk
ac_cv_prog_CC=arm-linux-gnueabi-gcc
ac_cv_prog_CPP='arm-linux-gnueabi-gcc -E'
ac_cv_prog_CXX=arm-linux-gnueabi-g++
ac_cv_prog_CXXCPP='arm-linux-gnueabi-g++ -E'
ac_cv_prog_OBJDUMP=arm-linux-gnueabi-objdump
ac_cv_prog_RANLIB=arm-linux-gnueabi-ranlib
ac_cv_prog_STRIP=arm-linux-gnueabi-strip
ac_cv_prog_ac_ct_CC_FOR_BUILD=gcc
ac_cv_prog_ac_ct_MANIFEST_TOOL=mt
ac_cv_prog_cc_c89=
ac_cv_prog_cc_g=yes
ac_cv_prog_cxx_g=yes
ac_cv_prog_make_make_set=yes
ac_cv_type__Bool=yes
ac_cv_type_pid_t=yes
ac_cv_type_size_t=yes
ac_cv_working_alloca_h=yes
acl_cv_hardcode_direct=no
acl_cv_hardcode_libdir_flag_spec='${wl}-rpath ${wl}$libdir'
acl_cv_hardcode_libdir_separator=
acl_cv_hardcode_minus_L=no
acl_cv_libext=a
acl_cv_libname_spec='lib$name'
acl_cv_library_names_spec='$libname$shrext'
acl_cv_path_LD=/media/iamjy1005/978ada6f-9596-4951-b412-6e8a78f4241d/backup/root/opt/toolchain/arm/linux/linaro/gcc-linaro-7.2.1-2017.11-x86_64_arm-linux-gnueabi/arm-linux-gnueabi/bin/ld
acl_cv_prog_gnu_ld=yes
acl_cv_rpath=done
acl_cv_shlibext=so
acl_cv_wl=-Wl,
am_cv_CC_dependencies_compiler_type=gcc3
am_cv_CXX_dependencies_compiler_type=gcc3
am_cv_make_support_nested_variables=yes
am_cv_prog_cc_c_o=yes
gt_cv_func_CFLocaleCopyCurrent=no
gt_cv_func_CFPreferencesCopyAppValue=no
gt_cv_func_gnugettext1_libc=yes
lt_cv_ar_at_file=@
lt_cv_archive_cmds_need_lc=no
lt_cv_deplibs_check_method=pass_all
lt_cv_file_magic_cmd='$MAGIC_CMD'
lt_cv_file_magic_test_file=
lt_cv_ld_reload_flag=-r
lt_cv_nm_interface='BSD nm'
lt_cv_objdir=.libs
lt_cv_path_LD=/media/iamjy1005/978ada6f-9596-4951-b412-6e8a78f4241d/backup/root/opt/toolchain/arm/linux/linaro/gcc-linaro-7.2.1-2017.11-x86_64_arm-linux-gnueabi/arm-linux-gnueabi/bin/ld
lt_cv_path_LDCXX=/media/iamjy1005/978ada6f-9596-4951-b412-6e8a78f4241d/backup/root/opt/toolchain/arm/linux/linaro/gcc-linaro-7.2.1-2017.11-x86_64_arm-linux-gnueabi/arm-linux-gnueabi/bin/ld
lt_cv_path_NM='/opt/toolchain/arm/linux/linaro/host/arm-linux-gnueabi-nm -B'
lt_cv_path_mainfest_tool=no
lt_cv_prog_compiler_c_o=yes
lt_cv_prog_compiler_c_o_CXX=yes
lt_cv_prog_compiler_pic='-fPIC -DPIC'
lt_cv_prog_compiler_pic_CXX='-fPIC -DPIC'
lt_cv_prog_compiler_pic_works=yes
lt_cv_prog_compiler_pic_works_CXX=yes
lt_cv_prog_compiler_rtti_exceptions=no
lt_cv_prog_compiler_static_works=yes
lt_cv_prog_compiler_static_works_CXX=yes
lt_cv_prog_gnu_ld=yes
lt_cv_prog_gnu_ldcxx=yes
lt_cv_sharedlib_from_linklib_cmd='printf %s\n'
lt_cv_shlibpath_overrides_runpath=no
lt_cv_sys_global_symbol_pipe='sed -n -e '\''s/^.*[	 ]\([ABCDGIRSTW][ABCDGIRSTW]*\)[	 ][	 ]*\([_A-Za-z][_A-Za-z0-9]*\)$/\1 \2 \2/p'\'' | sed '\''/ __gnu_lto/d'\'''
lt_cv_sys_global_symbol_to_c_name_address='sed -n -e '\''s/^: \(.*\) .*$/  {"\1", (void *) 0},/p'\'' -e '\''s/^[ABCDGIRSTW][ABCDGIRSTW]* .* \(.*\)$/  {"\1", (void *) \&\1},/p'\'''
lt_cv_sys_global_symbol_to_c_name_address_lib_prefix='sed -n -e '\''s/^: \(.*\) .*$/  {"\1", (void *) 0},/p'\'' -e '\''s/^[ABCDGIRSTW][ABCDGIRSTW]* .* \(lib.*\)$/  {"\1", (void *) \&\1},/p'\'' -e '\''s/^[ABCDGIRSTW][ABCDGIRSTW]* .* \(.*\)$/  {"lib\1", (void *) \&\1},/p'\'''
lt_cv_sys_global_symbol_to_cdecl='sed -n -e '\''s/^T .* \(.*\)$/extern int \1();/p'\'' -e '\''s/^[ABCDGIRSTW][ABCDGIRSTW]* .* \(.*\)$/extern char \1;/p'\'''
lt_cv_sys_global_symbol_to_import=
lt_cv_sys_max_cmd_len=1572864
lt_cv_to_host_file_cmd=func_convert_file_noop
lt_cv_to_tool_file_cmd=func_convert_file_noop
lt_cv_truncate_bin='/bin/dd bs=4096 count=1'

## ----------------- ##
## Output variables. ##
## ----------------- ##

ACLOCAL='${SHELL} /home/iamjy1005/work/lab/practice/user-library/src/opsrc-flex-2.6.4/build-aux/missing aclocal-1.15'
ALLOCA=''
AMDEPBACKSLASH='\'
AMDEP_FALSE='#'
AMDEP_TRUE=''
AMTAR='$${TAR-tar}'
AM_BACKSLASH='\'
AM_DEFAULT_V='$(AM_DEFAULT_VERBOSITY)'
AM_DEFAULT_VERBOSITY='1'
AM_V='$(V)'
AR='arm-linux-gnueabi-ar'
AUTOCONF='${SHELL} /home/iamjy1005/work/lab/practice/user-library/src/opsrc-flex-2.6.4/build-aux/missing autoconf'
AUTOHEADER='${SHELL} /home/iamjy1005/work/lab/practice/user-library/src/opsrc-flex-2.6.4/build-aux/missing autoheader'
AUTOMAKE='${SHELL} /home/iamjy1005/work/lab/practice/user-library/src/opsrc-flex-2.6.4/build-aux/missing automake-1.15'
AWK='mawk'
BUILD_EXEEXT=''
BUILD_OBJEXT=''
CC='arm-linux-gnueabi-gcc'
CCDEPMODE='depmode=gcc3'
CC_FOR_BUILD='gcc'
CFLAGS='-g -O2'
CFLAGS_FOR_BUILD='-g -O2'
CPP='arm-linux-gnueabi-gcc -E'
CPPFLAGS=''
CPPFLAGS_FOR_BUILD=''
CPP_FOR_BUILD='gcc -E'
CROSS_FALSE='#'
CROSS_TRUE=''
CXX='arm-linux-gnueabi-g++'
CXXCPP='arm-linux-gnueabi-g++ -E'
CXXDEPMODE='depmode=gcc3'
CXXFLAGS='-g -O2'
CYGPATH_W='echo'
DEFS='-DHAVE_CONFIG_H'
DEPDIR='.deps'
DLLTOOL='false'
DSYMUTIL=''
DUMPBIN=''
ECHO_C=''
ECHO_N='-n'
ECHO_T=''
EGREP='/bin/grep -E'
ENABLE_BOOTSTRAP_FALSE='#'
ENABLE_BOOTSTRAP_TRUE=''
ENABLE_LIBFL_FALSE='#'
ENABLE_LIBFL_TRUE=''
EXEEXT=''
FGREP='/bin/grep -F'
GETTEXT_MACRO_VERSION='0.18'
GMSGFMT='/usr/bin/msgfmt'
GMSGFMT_015='/usr/bin/msgfmt'
GREP='/bin/grep'
HAVE_BISON_FALSE=''
HAVE_BISON_TRUE='#'
HELP2MAN='${top_srcdir}/build-aux/missing help2man'
INDENT='${top_srcdir}/build-aux/missing indent'
INSTALL_DATA='${INSTALL} -m 644'
INSTALL_PROGRAM='${INSTALL}'
INSTALL_SCRIPT='${INSTALL}'
INSTALL_STRIP_PROGRAM='$(install_sh) -c -s'
INTLLIBS=''
INTL_MACOSX_LIBS=''
LD='/media/iamjy1005/978ada6f-9596-4951-b412-6e8a78f4241d/backup/root/opt/toolchain/arm/linux/linaro/gcc-linaro-7.2.1-2017.11-x86_64_arm-linux-gnueabi/arm-linux-gnueabi/bin/ld'
LDFLAGS=''
LDFLAGS_FOR_BUILD=''
LEX='${SHELL} /home/iamjy1005/work/lab/practice/user-library/src/opsrc-flex-2.6.4/build-aux/missing flex'
LEXLIB=''
LEX_OUTPUT_ROOT=''
LIBICONV='-liconv'
LIBINTL=''
LIBOBJS=' ${LIBOBJDIR}malloc$U.o ${LIBOBJDIR}realloc$U.o'
LIBPTHREAD='-lpthread'
LIBS='-lm '
LIBTOOL='$(SHELL) $(top_builddir)/libtool'
LIPO=''
LN_S='ln -s'
LTLIBICONV='-liconv'
LTLIBINTL=''
LTLIBOBJS=' ${LIBOBJDIR}malloc$U.lo ${LIBOBJDIR}realloc$U.lo'
LT_SYS_LIBRARY_PATH=''
M4='/usr/bin/m4'
MAKEINFO='${SHELL} /home/iamjy1005/work/lab/practice/user-library/src/opsrc-flex-2.6.4/build-aux/missing makeinfo'
MANIFEST_TOOL=':'
MKDIR_P='/bin/mkdir -p'
MSGFMT='/usr/bin/msgfmt'
MSGFMT_015='/usr/bin/msgfmt'
MSGMERGE='/usr/bin/msgmerge'
NM='/opt/toolchain/arm/linux/linaro/host/arm-linux-gnueabi-nm -B'
NMEDIT=''
OBJDUMP='arm-linux-gnueabi-objdump'
OBJEXT='o'
OTOOL64=''
OTOOL=''
PACKAGE='flex'
PACKAGE_BUGREPORT='flex-help@lists.sourceforge.net'
PACKAGE_NAME='the fast lexical analyser generator'
PACKAGE_STRING='the fast lexical analyser generator 2.6.4'
PACKAGE_TARNAME='flex'
PACKAGE_URL=''
PACKAGE_VERSION='2.6.4'
PATH_SEPARATOR=':'
POSUB='po'
RANLIB='arm-linux-gnueabi-ranlib'
SED='/bin/sed'
SET_MAKE=''
SHARED_VERSION_INFO='2:0:0'
SHELL='/bin/bash'
STRIP='arm-linux-gnueabi-strip'
TEXI2DVI='${top_srcdir}/build-aux/missing texi2dvi'
USE_NLS='yes'
VERSION='2.6.4'
WARNINGFLAGS=''
XGETTEXT='/usr/bin/xgettext'
XGETTEXT_015='/usr/bin/xgettext'
XGETTEXT_EXTRA_OPTIONS=''
YACC='${top_srcdir}/build-aux/missing bison -y'
YFLAGS=''
ac_ct_AR=''
ac_ct_CC=''
ac_ct_CC_FOR_BUILD='gcc'
ac_ct_CXX=''
ac_ct_DUMPBIN=''
am__EXEEXT_FALSE=''
am__EXEEXT_TRUE='#'
am__fastdepCC_FALSE='#'
am__fastdepCC_TRUE=''
am__fastdepCXX_FALSE='#'
am__fastdepCXX_TRUE=''
am__include='include'
am__isrc=''
am__leading_dot='.'
am__nodep='_no'
am__quote=''
am__tar='$${TAR-tar} chof - "$$tardir"'
am__untar='$${TAR-tar} xf -'
bindir='${exec_prefix}/bin'
build='x86_64-pc-linux-gnu'
build_alias=''
build_cpu='x86_64'
build_os='linux-gnu'
build_vendor='pc'
datadir='${datarootdir}'
datarootdir='${prefix}/share'
docdir='${datarootdir}/doc/${PACKAGE_TARNAME}'
dvidir='${docdir}'
exec_prefix='${prefix}'
host='arm-unknown-linux-gnueabi'
host_alias='arm-linux-gnueabi'
host_cpu='arm'
host_os='linux-gnueabi'
host_vendor='unknown'
htmldir='${docdir}'
includedir='${prefix}/include'
infodir='${datarootdir}/info'
install_sh='${SHELL} /home/iamjy1005/work/lab/practice/user-library/src/opsrc-flex-2.6.4/build-aux/install-sh'
libdir='${exec_prefix}/lib'
libexecdir='${exec_prefix}/libexec'
localedir='${datarootdir}/locale'
localstatedir='${prefix}/var'
mandir='${datarootdir}/man'
mkdir_p='/bin/mkdir -p'
oldincludedir='/usr/include'
pdfdir='${docdir}'
prefix='/home/iamjy1005/work/lab/practice/user-library/src/opsrc-flex-2.6.4/output/arm-linux-gnueabi'
program_transform_name='s,x,x,'
psdir='${docdir}'
runstatedir='${localstatedir}/run'
sbindir='${exec_prefix}/sbin'
sharedstatedir='${prefix}/com'
sysconfdir='${prefix}/etc'
target_alias='arm-linux-gnueabi'

## ----------- ##
## confdefs.h. ##
## ----------- ##

/* confdefs.h */
#define PACKAGE_NAME "the fast lexical analyser generator"
#define PACKAGE_TARNAME "flex"
#define PACKAGE_VERSION "2.6.4"
#define PACKAGE_STRING "the fast lexical analyser generator 2.6.4"
#define PACKAGE_BUGREPORT "flex-help@lists.sourceforge.net"
#define PACKAGE_URL ""
#define STDC_HEADERS 1
#define HAVE_SYS_TYPES_H 1
#define HAVE_SYS_STAT_H 1
#define HAVE_STDLIB_H 1
#define HAVE_STRING_H 1
#define HAVE_MEMORY_H 1
#define HAVE_STRINGS_H 1
#define HAVE_INTTYPES_H 1
#define HAVE_STDINT_H 1
#define HAVE_UNISTD_H 1
#define HAVE_DLFCN_H 1
#define LT_OBJDIR ".libs/"
#define PACKAGE "flex"
#define VERSION "2.6.4"
#define ENABLE_NLS 1
#define HAVE_GETTEXT 1
#define HAVE_DCGETTEXT 1
#define M4 "/usr/bin/m4"
#define HAVE_REGEX_H 1
#define HAVE_STRINGS_H 1
#define HAVE_SYS_STAT_H 1
#define HAVE_SYS_WAIT_H 1
#define HAVE_UNISTD_H 1
#define HAVE_INTTYPES_H 1
#define HAVE_LIBINTL_H 1
#define HAVE_LIMITS_H 1
#define HAVE_LOCALE_H 1
#define HAVE_MALLOC_H 1
#define HAVE_NETINET_IN_H 1
#define HAVE_PTHREAD_H 1
#define HAVE_LIBM 1
#define HAVE__BOOL 1
#define HAVE_STDBOOL_H 1
#define HAVE_ALLOCA_H 1
#define HAVE_ALLOCA 1
#define HAVE_FORK 1
#define HAVE_VFORK 1
#define HAVE_WORKING_VFORK 1
#define HAVE_WORKING_FORK 1
#define HAVE_STDLIB_H 1
#define HAVE_MALLOC 0
#define malloc rpl_malloc
#define HAVE_STDLIB_H 1
#define HAVE_REALLOC 0
#define realloc rpl_realloc
#define HAVE_DUP2 1
#define HAVE_MEMSET 1
#define HAVE_REGCOMP 1
#define HAVE_STRCASECMP 1
#define HAVE_STRCHR 1
#define HAVE_STRDUP 1
#define HAVE_STRTOL 1
#define HAVE_POW 1
#define HAVE_SETLOCALE 1

configure: exit 0
