This file contains any messages produced by compilers while
running configure, to aid debugging if configure makes a mistake.

It was created by gdk-pixbuf configure 2.36.12, which was
generated by GNU Autoconf 2.69.  Invocation command line was

  $ ./configure --prefix=/home/iamjy1005/work/lab/practice/user-library/src/opsrc-gtk+/gdk-pixbuf-2.36.12/output/arm-linux-gnueabihf --host=arm-linux-gnueabihf --target=arm-linux-gnueabihf

## --------- ##
## Platform. ##
## --------- ##

hostname = iamjy1005-iMac
uname -m = x86_64
uname -r = 4.13.0-39-generic
uname -s = Linux
uname -v = #44~16.04.1-Ubuntu SMP Thu Apr 5 16:43:10 UTC 2018

/usr/bin/uname -p = unknown
/bin/uname -X     = unknown

/bin/arch              = unknown
/usr/bin/arch -k       = unknown
/usr/convex/getsysinfo = unknown
/usr/bin/hostinfo      = unknown
/bin/machine           = unknown
/usr/bin/oslevel       = unknown
/bin/universe          = unknown

PATH: /home/iamjy1005/work/software/web/apache-maven-3.5.2/bin
PATH: /home/iamjy1005/bin
PATH: /home/iamjy1005/.local/bin
PATH: /home/iamjy1005/work/software/web/apache-maven-3.5.2/bin
PATH: /usr/local/sbin
PATH: /usr/local/bin
PATH: /usr/sbin
PATH: /usr/bin
PATH: /sbin
PATH: /bin
PATH: /usr/games
PATH: /usr/local/games
PATH: /snap/bin
PATH: /opt/toolchain/arm/linux/arm-2009q3-67/bin
PATH: /opt/toolchain/arm/linux/linaro/host
PATH: /opt/t32/bin/pc_linux64
PATH: /opt/t32
PATH: /opt/toolchain/arm/linux/arm-2009q3-67/bin
PATH: /opt/toolchain/arm/linux/linaro/host
PATH: /opt/t32/bin/pc_linux64
PATH: /opt/t32


## ----------- ##
## Core tests. ##
## ----------- ##

configure:2569: checking for a BSD-compatible install
configure:2637: result: /usr/bin/install -c
configure:2648: checking whether build environment is sane
configure:2703: result: yes
configure:2762: checking for arm-linux-gnueabihf-strip
configure:2792: result: no
configure:2802: checking for strip
configure:2818: found /usr/bin/strip
configure:2829: result: strip
configure:2854: checking for a thread-safe mkdir -p
configure:2893: result: /bin/mkdir -p
configure:2900: checking for gawk
configure:2930: result: no
configure:2900: checking for mawk
configure:2916: found /usr/bin/mawk
configure:2927: result: mawk
configure:2938: checking whether make sets $(MAKE)
configure:2960: result: yes
configure:2989: checking whether make supports nested variables
configure:3006: result: yes
configure:3086: checking whether UID '1000' is supported by ustar format
configure:3089: result: yes
configure:3096: checking whether GID '1000' is supported by ustar format
configure:3099: result: yes
configure:3107: checking how to create a ustar tar archive
configure:3118: tar --version
tar (GNU tar) 1.28
Copyright (C) 2014 Free Software Foundation, Inc.
License GPLv3+: GNU GPL version 3 or later <http://gnu.org/licenses/gpl.html>.
This is free software: you are free to change and redistribute it.
There is NO WARRANTY, to the extent permitted by law.

Written by John Gilmore and Jay Fenlason.
configure:3121: $? = 0
configure:3161: tardir=conftest.dir && eval tar --format=ustar -chf - "$tardir" >conftest.tar
configure:3164: $? = 0
configure:3168: tar -xf - <conftest.tar
configure:3171: $? = 0
configure:3173: cat conftest.dir/file
GrepMe
configure:3176: $? = 0
configure:3189: result: gnutar
configure:3240: checking whether to enable maintainer-specific portions of Makefiles
configure:3249: result: yes
configure:3277: checking whether make supports nested variables
configure:3294: result: yes
configure:3353: checking for arm-linux-gnueabihf-gcc
configure:3383: result: no
configure:3393: checking for gcc
configure:3409: found /usr/bin/gcc
configure:3420: result: gcc
configure:3649: checking for C compiler version
configure:3658: gcc --version >&5
gcc (Ubuntu 5.4.0-6ubuntu1~16.04.9) 5.4.0 20160609
Copyright (C) 2015 Free Software Foundation, Inc.
This is free software; see the source for copying conditions.  There is NO
warranty; not even for MERCHANTABILITY or FITNESS FOR A PARTICULAR PURPOSE.

configure:3669: $? = 0
configure:3658: gcc -v >&5
Using built-in specs.
COLLECT_GCC=gcc
COLLECT_LTO_WRAPPER=/usr/lib/gcc/x86_64-linux-gnu/5/lto-wrapper
Target: x86_64-linux-gnu
Configured with: ../src/configure -v --with-pkgversion='Ubuntu 5.4.0-6ubuntu1~16.04.9' --with-bugurl=file:///usr/share/doc/gcc-5/README.Bugs --enable-languages=c,ada,c++,java,go,d,fortran,objc,obj-c++ --prefix=/usr --program-suffix=-5 --enable-shared --enable-linker-build-id --libexecdir=/usr/lib --without-included-gettext --enable-threads=posix --libdir=/usr/lib --enable-nls --with-sysroot=/ --enable-clocale=gnu --enable-libstdcxx-debug --enable-libstdcxx-time=yes --with-default-libstdcxx-abi=new --enable-gnu-unique-object --disable-vtable-verify --enable-libmpx --enable-plugin --with-system-zlib --disable-browser-plugin --enable-java-awt=gtk --enable-gtk-cairo --with-java-home=/usr/lib/jvm/java-1.5.0-gcj-5-amd64/jre --enable-java-home --with-jvm-root-dir=/usr/lib/jvm/java-1.5.0-gcj-5-amd64 --with-jvm-jar-dir=/usr/lib/jvm-exports/java-1.5.0-gcj-5-amd64 --with-arch-directory=amd64 --with-ecj-jar=/usr/share/java/eclipse-ecj.jar --enable-objc-gc --enable-multiarch --disable-werror --with-arch-32=i686 --with-abi=m64 --with-multilib-list=m32,m64,mx32 --enable-multilib --with-tune=generic --enable-checking=release --build=x86_64-linux-gnu --host=x86_64-linux-gnu --target=x86_64-linux-gnu
Thread model: posix
gcc version 5.4.0 20160609 (Ubuntu 5.4.0-6ubuntu1~16.04.9) 
configure:3669: $? = 0
configure:3658: gcc -V >&5
gcc: error: unrecognized command line option '-V'
gcc: fatal error: no input files
compilation terminated.
configure:3669: $? = 1
configure:3658: gcc -qversion >&5
gcc: error: unrecognized command line option '-qversion'
gcc: fatal error: no input files
compilation terminated.
configure:3669: $? = 1
configure:3689: checking whether the C compiler works
configure:3711: gcc    conftest.c  >&5
configure:3715: $? = 0
configure:3763: result: yes
configure:3766: checking for C compiler default output file name
configure:3768: result: a.out
configure:3774: checking for suffix of executables
configure:3781: gcc -o conftest    conftest.c  >&5
configure:3785: $? = 0
configure:3807: result: 
configure:3829: checking whether we are cross compiling
configure:3837: gcc -o conftest    conftest.c  >&5
configure:3841: $? = 0
configure:3848: ./conftest
configure:3852: $? = 0
configure:3867: result: no
configure:3872: checking for suffix of object files
configure:3894: gcc -c   conftest.c >&5
configure:3898: $? = 0
configure:3919: result: o
configure:3923: checking whether we are using the GNU C compiler
configure:3942: gcc -c   conftest.c >&5
configure:3942: $? = 0
configure:3951: result: yes
configure:3960: checking whether gcc accepts -g
configure:3980: gcc -c -g  conftest.c >&5
configure:3980: $? = 0
configure:4021: result: yes
configure:4038: checking for gcc option to accept ISO C89
configure:4101: gcc  -c -g -O2  conftest.c >&5
configure:4101: $? = 0
configure:4114: result: none needed
configure:4139: checking whether gcc understands -c and -o together
configure:4161: gcc -c conftest.c -o conftest2.o
configure:4164: $? = 0
configure:4161: gcc -c conftest.c -o conftest2.o
configure:4164: $? = 0
configure:4176: result: yes
configure:4204: checking for style of include used by make
configure:4232: result: GNU
configure:4258: checking dependency style of gcc
configure:4369: result: gcc3
configure:4385: checking whether gcc and cc understand -c and -o together
configure:4416: gcc -c conftest.c -o conftest2.o >&5
configure:4420: $? = 0
configure:4426: gcc -c conftest.c -o conftest2.o >&5
configure:4430: $? = 0
configure:4441: cc -c conftest.c >&5
configure:4445: $? = 0
configure:4453: cc -c conftest.c -o conftest2.o >&5
configure:4457: $? = 0
configure:4463: cc -c conftest.c -o conftest2.o >&5
configure:4467: $? = 0
configure:4485: result: yes
configure:4499: checking for gcc option to accept ISO C99
configure:4648: gcc  -c -g -O2  conftest.c >&5
configure:4648: $? = 0
configure:4661: result: none needed
configure:4769: checking for gcc option to accept ISO Standard C
configure:4780: result: none needed
configure:4788: checking whether make sets $(MAKE)
configure:4810: result: yes
configure:4823: checking for gawk
configure:4850: result: mawk
configure:4872: checking for arm-linux-gnueabihf-pkg-config
configure:4905: result: no
configure:4915: checking for pkg-config
configure:4933: found /usr/bin/pkg-config
configure:4945: result: /usr/bin/pkg-config
configure:4970: checking pkg-config is at least version 0.9.0
configure:4973: result: yes
configure:4986: checking build system type
configure:5000: result: x86_64-pc-linux-gnu
configure:5020: checking host system type
configure:5033: result: arm-unknown-linux-gnueabihf
configure:5144: checking for cos in -lm
configure:5169: gcc -o conftest -g -O2   conftest.c -lm   >&5
conftest.c:16:6: warning: conflicting types for built-in function 'cos'
 char cos ();
      ^
configure:5169: $? = 0
configure:5178: result: yes
configure:5189: checking for round in -lm
configure:5214: gcc -o conftest -g -O2   conftest.c -lm   >&5
conftest.c:16:6: warning: conflicting types for built-in function 'round'
 char round ();
      ^
configure:5214: $? = 0
configure:5223: result: yes
configure:5231: checking for lrint in -lm
configure:5256: gcc -o conftest -g -O2   conftest.c -lm   >&5
conftest.c:17:6: warning: conflicting types for built-in function 'lrint'
 char lrint ();
      ^
configure:5256: $? = 0
configure:5265: result: yes
configure:5274: checking for native Win32
configure:5297: result: no
configure:5364: checking how to print strings
configure:5391: result: printf
configure:5412: checking for a sed that does not truncate output
configure:5476: result: /bin/sed
configure:5494: checking for grep that handles long lines and -e
configure:5552: result: /bin/grep
configure:5557: checking for egrep
configure:5619: result: /bin/grep -E
configure:5624: checking for fgrep
configure:5686: result: /bin/grep -F
configure:5721: checking for ld used by gcc
configure:5788: result: /usr/bin/ld
configure:5795: checking if the linker (/usr/bin/ld) is GNU ld
configure:5810: result: yes
configure:5822: checking for BSD- or MS-compatible name lister (nm)
configure:5876: result: no
configure:5890: checking for arm-linux-gnueabihf-dumpbin
configure:5920: result: no
configure:5890: checking for arm-linux-gnueabihf-link
configure:5920: result: no
configure:5934: checking for dumpbin
configure:5964: result: no
configure:5934: checking for link
configure:5950: found /usr/bin/link
configure:5961: result: link -dump
configure:6006: checking the name lister (nm) interface
configure:6013: gcc -c -g -O2  conftest.c >&5
configure:6016: nm "conftest.o"
configure:6019: output
0000000000000000 B some_variable
configure:6026: result: BSD nm
configure:6029: checking whether ln -s works
configure:6033: result: yes
configure:6041: checking the maximum length of command line arguments
configure:6172: result: 1572864
configure:6220: checking how to convert x86_64-pc-linux-gnu file names to arm-unknown-linux-gnueabihf format
configure:6260: result: func_convert_file_noop
configure:6267: checking how to convert x86_64-pc-linux-gnu file names to toolchain format
configure:6287: result: func_convert_file_noop
configure:6294: checking for /usr/bin/ld option to reload object files
configure:6301: result: -r
configure:6335: checking for arm-linux-gnueabihf-objdump
configure:6365: result: no
configure:6375: checking for objdump
configure:6391: found /usr/bin/objdump
configure:6402: result: objdump
configure:6431: checking how to recognize dependent libraries
configure:6631: result: pass_all
configure:6676: checking for arm-linux-gnueabihf-dlltool
configure:6706: result: no
configure:6716: checking for dlltool
configure:6746: result: no
configure:6773: checking how to associate runtime and link libraries
configure:6800: result: printf %s\n
configure:6816: checking for arm-linux-gnueabihf-ar
configure:6846: result: no
configure:6860: checking for ar
configure:6876: found /usr/bin/ar
configure:6887: result: ar
configure:6924: checking for archiver @FILE support
configure:6941: gcc -c -g -O2  conftest.c >&5
configure:6941: $? = 0
configure:6944: ar cru libconftest.a @conftest.lst >&5
ar: `u' modifier ignored since `D' is the default (see `U')
configure:6947: $? = 0
configure:6952: ar cru libconftest.a @conftest.lst >&5
ar: `u' modifier ignored since `D' is the default (see `U')
ar: conftest.o: No such file or directory
configure:6955: $? = 1
configure:6967: result: @
configure:6985: checking for arm-linux-gnueabihf-strip
configure:7012: result: strip
configure:7084: checking for arm-linux-gnueabihf-ranlib
configure:7114: result: no
configure:7124: checking for ranlib
configure:7140: found /usr/bin/ranlib
configure:7151: result: ranlib
configure:7253: checking command to parse nm output from gcc object
configure:7406: gcc -c -g -O2  conftest.c >&5
configure:7409: $? = 0
configure:7413: nm conftest.o \| sed -n -e 's/^.*[ ]\([ABCDGIRSTW][ABCDGIRSTW]*\)[ ][ ]*\([_A-Za-z][_A-Za-z0-9]*\)$/\1 \2 \2/p' | sed '/ __gnu_lto/d' \> conftest.nm
configure:7416: $? = 0
configure:7482: gcc -o conftest -g -O2   conftest.c conftstm.o >&5
configure:7485: $? = 0
configure:7523: result: ok
configure:7570: checking for sysroot
configure:7600: result: no
configure:7607: checking for a working dd
configure:7645: result: /bin/dd
configure:7649: checking how to truncate binary pipes
configure:7664: result: /bin/dd bs=4096 count=1
configure:7953: checking for arm-linux-gnueabihf-mt
configure:7983: result: no
configure:7993: checking for mt
configure:8009: found /bin/mt
configure:8020: result: mt
configure:8043: checking if mt is a manifest tool
configure:8049: mt '-?'
configure:8057: result: no
configure:8734: checking how to run the C preprocessor
configure:8765: gcc -E  conftest.c
configure:8765: $? = 0
configure:8779: gcc -E  conftest.c
conftest.c:12:28: fatal error: ac_nonexistent.h: No such file or directory
compilation terminated.
configure:8779: $? = 1
configure: failed program was:
| /* confdefs.h */
| #define PACKAGE_NAME "gdk-pixbuf"
| #define PACKAGE_TARNAME "gdk-pixbuf"
| #define PACKAGE_VERSION "2.36.12"
| #define PACKAGE_STRING "gdk-pixbuf 2.36.12"
| #define PACKAGE_BUGREPORT "http://bugzilla.gnome.org/enter_bug.cgi?product=gdk-pixbuf"
| #define PACKAGE_URL ""
| #define HAVE_ROUND 1
| #define HAVE_LRINT 1
| #define OS_LINUX 1
| /* end confdefs.h.  */
| #include <ac_nonexistent.h>
configure:8804: result: gcc -E
configure:8824: gcc -E  conftest.c
configure:8824: $? = 0
configure:8838: gcc -E  conftest.c
conftest.c:12:28: fatal error: ac_nonexistent.h: No such file or directory
compilation terminated.
configure:8838: $? = 1
configure: failed program was:
| /* confdefs.h */
| #define PACKAGE_NAME "gdk-pixbuf"
| #define PACKAGE_TARNAME "gdk-pixbuf"
| #define PACKAGE_VERSION "2.36.12"
| #define PACKAGE_STRING "gdk-pixbuf 2.36.12"
| #define PACKAGE_BUGREPORT "http://bugzilla.gnome.org/enter_bug.cgi?product=gdk-pixbuf"
| #define PACKAGE_URL ""
| #define HAVE_ROUND 1
| #define HAVE_LRINT 1
| #define OS_LINUX 1
| /* end confdefs.h.  */
| #include <ac_nonexistent.h>
configure:8867: checking for ANSI C header files
configure:8887: gcc -c -g -O2  conftest.c >&5
configure:8887: $? = 0
configure:8960: gcc -o conftest -g -O2   conftest.c  >&5
configure:8960: $? = 0
configure:8960: ./conftest
configure:8960: $? = 0
configure:8971: result: yes
configure:8984: checking for sys/types.h
configure:8984: gcc -c -g -O2  conftest.c >&5
configure:8984: $? = 0
configure:8984: result: yes
configure:8984: checking for sys/stat.h
configure:8984: gcc -c -g -O2  conftest.c >&5
configure:8984: $? = 0
configure:8984: result: yes
configure:8984: checking for stdlib.h
configure:8984: gcc -c -g -O2  conftest.c >&5
configure:8984: $? = 0
configure:8984: result: yes
configure:8984: checking for string.h
configure:8984: gcc -c -g -O2  conftest.c >&5
configure:8984: $? = 0
configure:8984: result: yes
configure:8984: checking for memory.h
configure:8984: gcc -c -g -O2  conftest.c >&5
configure:8984: $? = 0
configure:8984: result: yes
configure:8984: checking for strings.h
configure:8984: gcc -c -g -O2  conftest.c >&5
configure:8984: $? = 0
configure:8984: result: yes
configure:8984: checking for inttypes.h
configure:8984: gcc -c -g -O2  conftest.c >&5
configure:8984: $? = 0
configure:8984: result: yes
configure:8984: checking for stdint.h
configure:8984: gcc -c -g -O2  conftest.c >&5
configure:8984: $? = 0
configure:8984: result: yes
configure:8984: checking for unistd.h
configure:8984: gcc -c -g -O2  conftest.c >&5
configure:8984: $? = 0
configure:8984: result: yes
configure:8998: checking for dlfcn.h
configure:8998: gcc -c -g -O2  conftest.c >&5
configure:8998: $? = 0
configure:8998: result: yes
configure:9551: checking for objdir
configure:9566: result: .libs
configure:9830: checking if gcc supports -fno-rtti -fno-exceptions
configure:9848: gcc -c -g -O2  -fno-rtti -fno-exceptions conftest.c >&5
cc1: warning: command line option '-fno-rtti' is valid for C++/ObjC++ but not for C
configure:9852: $? = 0
configure:9865: result: no
configure:10223: checking for gcc option to produce PIC
configure:10230: result: -fPIC -DPIC
configure:10238: checking if gcc PIC flag -fPIC -DPIC works
configure:10256: gcc -c -g -O2  -fPIC -DPIC -DPIC conftest.c >&5
configure:10260: $? = 0
configure:10273: result: yes
configure:10302: checking if gcc static flag -static works
configure:10330: result: yes
configure:10345: checking if gcc supports -c -o file.o
configure:10366: gcc -c -g -O2  -o out/conftest2.o conftest.c >&5
configure:10370: $? = 0
configure:10392: result: yes
configure:10400: checking if gcc supports -c -o file.o
configure:10447: result: yes
configure:10480: checking whether the gcc linker (/usr/bin/ld) supports shared libraries
configure:11739: result: yes
configure:11776: checking whether -lc should be explicitly linked in
configure:11784: gcc -c -g -O2  conftest.c >&5
configure:11787: $? = 0
configure:11802: gcc -shared  -fPIC -DPIC conftest.o  -v -Wl,-soname -Wl,conftest -o conftest 2\>\&1 \| /bin/grep  -lc  \>/dev/null 2\>\&1
configure:11805: $? = 0
configure:11819: result: no
configure:11979: checking dynamic linker characteristics
configure:12560: gcc -o conftest -g -O2   -Wl,-rpath -Wl,/foo conftest.c  >&5
configure:12560: $? = 0
configure:12800: result: GNU/Linux ld.so
configure:12922: checking how to hardcode library paths into programs
configure:12947: result: immediate
configure:13495: checking whether stripping libraries is possible
configure:13500: result: yes
configure:13535: checking if libtool supports shared libraries
configure:13537: result: yes
configure:13540: checking whether to build shared libraries
configure:13565: result: yes
configure:13568: checking whether to build static libraries
configure:13572: result: no
configure:13611: creating ./config.lt

## ------------------ ##
## Running config.lt. ##
## ------------------ ##
config.lt:628: creating libtool
configure:14911: checking for special C compiler options needed for large files
configure:14956: result: no
configure:14962: checking for _FILE_OFFSET_BITS value needed for large files
configure:14987: gcc -c -g -O2  conftest.c >&5
configure:14987: $? = 0
configure:15019: result: no
configure:15114: checking dependency style of gcc
configure:15223: result: gcc3
configure:15243: checking for arm-linux-gnueabihf-nm
configure:15270: result: nm
configure:15339: checking for some Win32 platform
configure:15348: result: no
configure:15561: checking whether build environment is sane
configure:15616: result: yes
configure:15697: checking for BASE_DEPENDENCIES
configure:15704: $PKG_CONFIG --exists --print-errors "glib-2.0 >= 2.48.0"
configure:15707: $? = 0
configure:15721: $PKG_CONFIG --exists --print-errors "glib-2.0 >= 2.48.0"
configure:15724: $? = 0
configure:15782: result: yes
configure:15806: checking Whether to write dependencies into .pc files
configure:15823: result: no
configure:15842: checking for perl5
configure:15875: result: no
configure:15842: checking for perl
configure:15860: found /usr/bin/perl
configure:15872: result: /usr/bin/perl
configure:15893: checking for sigsetjmp
configure:15909: gcc -o conftest -g -O2 -Wall  -DG_DISABLE_SINGLE_INCLUDES  conftest.c  >&5
configure:15909: $? = 0
configure:15916: result: yes
configure:15927: checking whether NLS is requested
configure:15936: result: yes
configure:15976: checking for msgfmt
configure: trying /usr/bin/msgfmt...
0 translated messages.
configure:16008: result: /usr/bin/msgfmt
configure:16017: checking for gmsgfmt
configure:16048: result: /usr/bin/msgfmt
configure:16098: checking for xgettext
configure: trying /usr/bin/xgettext...
/usr/bin/xgettext: warning: file '/dev/null' extension '' is unknown; will try C
configure:16130: result: /usr/bin/xgettext
configure:16175: checking for msgmerge
configure: trying /usr/bin/msgmerge...
configure:16206: result: /usr/bin/msgmerge
configure:16264: checking for ld used by gcc
configure:16331: result: /usr/bin/ld
configure:16338: checking if the linker (/usr/bin/ld) is GNU ld
configure:16353: result: yes
configure:16360: checking for shared library run path origin
configure:16373: result: done
configure:16945: checking for CFPreferencesCopyAppValue
configure:16963: gcc -o conftest -g -O2 -Wall  -DG_DISABLE_SINGLE_INCLUDES  conftest.c  -Wl,-framework -Wl,CoreFoundation >&5
conftest.c:25:42: fatal error: CoreFoundation/CFPreferences.h: No such file or directory
compilation terminated.
configure:16963: $? = 1
configure: failed program was:
| /* confdefs.h */
| #define PACKAGE_NAME "gdk-pixbuf"
| #define PACKAGE_TARNAME "gdk-pixbuf"
| #define PACKAGE_VERSION "2.36.12"
| #define PACKAGE_STRING "gdk-pixbuf 2.36.12"
| #define PACKAGE_BUGREPORT "http://bugzilla.gnome.org/enter_bug.cgi?product=gdk-pixbuf"
| #define PACKAGE_URL ""
| #define HAVE_ROUND 1
| #define HAVE_LRINT 1
| #define OS_LINUX 1
| #define STDC_HEADERS 1
| #define HAVE_SYS_TYPES_H 1
| #define HAVE_SYS_STAT_H 1
| #define HAVE_STDLIB_H 1
| #define HAVE_STRING_H 1
| #define HAVE_MEMORY_H 1
| #define HAVE_STRINGS_H 1
| #define HAVE_INTTYPES_H 1
| #define HAVE_STDINT_H 1
| #define HAVE_UNISTD_H 1
| #define HAVE_DLFCN_H 1
| #define LT_OBJDIR ".libs/"
| #define HAVE_SIGSETJMP 1
| /* end confdefs.h.  */
| #include <CoreFoundation/CFPreferences.h>
| int
| main ()
| {
| CFPreferencesCopyAppValue(NULL, NULL)
|   ;
|   return 0;
| }
configure:16972: result: no
configure:16979: checking for CFLocaleCopyCurrent
configure:16997: gcc -o conftest -g -O2 -Wall  -DG_DISABLE_SINGLE_INCLUDES  conftest.c  -Wl,-framework -Wl,CoreFoundation >&5
conftest.c:25:37: fatal error: CoreFoundation/CFLocale.h: No such file or directory
compilation terminated.
configure:16997: $? = 1
configure: failed program was:
| /* confdefs.h */
| #define PACKAGE_NAME "gdk-pixbuf"
| #define PACKAGE_TARNAME "gdk-pixbuf"
| #define PACKAGE_VERSION "2.36.12"
| #define PACKAGE_STRING "gdk-pixbuf 2.36.12"
| #define PACKAGE_BUGREPORT "http://bugzilla.gnome.org/enter_bug.cgi?product=gdk-pixbuf"
| #define PACKAGE_URL ""
| #define HAVE_ROUND 1
| #define HAVE_LRINT 1
| #define OS_LINUX 1
| #define STDC_HEADERS 1
| #define HAVE_SYS_TYPES_H 1
| #define HAVE_SYS_STAT_H 1
| #define HAVE_STDLIB_H 1
| #define HAVE_STRING_H 1
| #define HAVE_MEMORY_H 1
| #define HAVE_STRINGS_H 1
| #define HAVE_INTTYPES_H 1
| #define HAVE_STDINT_H 1
| #define HAVE_UNISTD_H 1
| #define HAVE_DLFCN_H 1
| #define LT_OBJDIR ".libs/"
| #define HAVE_SIGSETJMP 1
| /* end confdefs.h.  */
| #include <CoreFoundation/CFLocale.h>
| int
| main ()
| {
| CFLocaleCopyCurrent();
|   ;
|   return 0;
| }
configure:17006: result: no
configure:17055: checking for GNU gettext in libc
configure:17079: gcc -o conftest -g -O2 -Wall  -DG_DISABLE_SINGLE_INCLUDES  conftest.c  >&5
configure:17079: $? = 0
configure:17088: result: yes
configure:17916: checking whether to use NLS
configure:17918: result: yes
configure:17921: checking where the gettext function comes from
configure:17932: result: libc
configure:18045: checking for arm-linux-gnueabihf-pkg-config
configure:18075: result: /usr/bin/pkg-config
configure:18143: checking pkg-config is at least version 0.16
configure:18146: result: yes
configure:18163: checking for GLIB - version >= 2.48.0
configure:18275: gcc -o conftest -g -O2 -Wall -pthread -I/usr/include/glib-2.0 -I/usr/lib/x86_64-linux-gnu/glib-2.0/include  -DG_DISABLE_SINGLE_INCLUDES  conftest.c -lgobject-2.0 -lgmodule-2.0 -pthread -lgthread-2.0 -pthread -lglib-2.0  >&5
configure:18275: $? = 0
configure:18275: ./conftest
configure:18275: $? = 0
configure:18289: result: yes (version 2.48.2)
configure:18364: checking for bind_textdomain_codeset
configure:18364: gcc -o conftest -g -O2 -Wall  -DG_DISABLE_SINGLE_INCLUDES  conftest.c  -lgobject-2.0 -lgmodule-2.0 -pthread -lgthread-2.0 -pthread -lglib-2.0 >&5
configure:18364: $? = 0
configure:18364: result: yes
configure:18378: checking for unistd.h
configure:18378: result: yes
configure:18378: checking sys/resource.h usability
configure:18378: gcc -c -g -O2 -Wall  -DG_DISABLE_SINGLE_INCLUDES conftest.c >&5
configure:18378: $? = 0
configure:18378: result: yes
configure:18378: checking sys/resource.h presence
configure:18378: gcc -E  -DG_DISABLE_SINGLE_INCLUDES conftest.c
configure:18378: $? = 0
configure:18378: result: yes
configure:18378: checking for sys/resource.h
configure:18378: result: yes
configure:18378: checking sys/time.h usability
configure:18378: gcc -c -g -O2 -Wall  -DG_DISABLE_SINGLE_INCLUDES conftest.c >&5
configure:18378: $? = 0
configure:18378: result: yes
configure:18378: checking sys/time.h presence
configure:18378: gcc -E  -DG_DISABLE_SINGLE_INCLUDES conftest.c
configure:18378: $? = 0
configure:18378: result: yes
configure:18378: checking for sys/time.h
configure:18378: result: yes
configure:18390: checking for setrlimit
configure:18390: gcc -o conftest -g -O2 -Wall  -DG_DISABLE_SINGLE_INCLUDES  conftest.c  >&5
configure:18390: $? = 0
configure:18390: result: yes
configure:18404: checking for ANSI C header files
configure:18508: result: yes
configure:18518: checking for an ANSI C-conforming const
configure:18584: gcc -c -g -O2 -Wall  -DG_DISABLE_SINGLE_INCLUDES conftest.c >&5
configure:18584: $? = 0
configure:18591: result: yes
configure:18617: checking whether to build gmodulized gdk-pixbuf
configure:18632: result: yes
configure:18634: checking whether dynamic modules work
configure:18658: result: yes
configure:18712: checking for TIFF
configure:18719: $PKG_CONFIG --exists --print-errors "libtiff-4"
configure:18722: $? = 0
configure:18736: $PKG_CONFIG --exists --print-errors "libtiff-4"
configure:18739: $? = 0
configure:18797: result: yes
configure:18814: checking for jpeg_destroy_decompress in -ljpeg
configure:18839: gcc -o conftest -g -O2 -Wall  -DG_DISABLE_SINGLE_INCLUDES  conftest.c -ljpeg   >&5
configure:18839: $? = 0
configure:18848: result: yes
configure:18859: checking for jpeglib.h
configure:18869: gcc -E  -DG_DISABLE_SINGLE_INCLUDES conftest.c
configure:18869: $? = 0
configure:18875: result: yes
configure:18879: checking for jpeg_simple_progression in -ljpeg
configure:18904: gcc -o conftest -g -O2 -Wall  -DG_DISABLE_SINGLE_INCLUDES  conftest.c -ljpeg   >&5
configure:18904: $? = 0
configure:18913: result: yes
configure:18941: checking for libpng16
configure:18951: result: no
configure:18941: checking for libpng15
configure:18951: result: no
configure:18941: checking for libpng14
configure:18951: result: no
configure:18941: checking for libpng13
configure:18951: result: no
configure:18941: checking for libpng12
configure:18944: result: yes
configure:19116: checking pixbuf loaders to build
configure:19160: result: 
configure:19322: checking for SHARED_MIME_INFO
configure:19329: $PKG_CONFIG --exists --print-errors "shared-mime-info"
configure:19332: $? = 0
configure:19346: $PKG_CONFIG --exists --print-errors "shared-mime-info"
configure:19349: $? = 0
configure:19407: result: yes
configure:19472: checking sys/systeminfo.h usability
configure:19472: gcc -c -g -O2 -Wall  -DG_DISABLE_SINGLE_INCLUDES conftest.c >&5
conftest.c:71:28: fatal error: sys/systeminfo.h: No such file or directory
compilation terminated.
configure:19472: $? = 1
configure: failed program was:
| /* confdefs.h */
| #define PACKAGE_NAME "gdk-pixbuf"
| #define PACKAGE_TARNAME "gdk-pixbuf"
| #define PACKAGE_VERSION "2.36.12"
| #define PACKAGE_STRING "gdk-pixbuf 2.36.12"
| #define PACKAGE_BUGREPORT "http://bugzilla.gnome.org/enter_bug.cgi?product=gdk-pixbuf"
| #define PACKAGE_URL ""
| #define HAVE_ROUND 1
| #define HAVE_LRINT 1
| #define OS_LINUX 1
| #define STDC_HEADERS 1
| #define HAVE_SYS_TYPES_H 1
| #define HAVE_SYS_STAT_H 1
| #define HAVE_STDLIB_H 1
| #define HAVE_STRING_H 1
| #define HAVE_MEMORY_H 1
| #define HAVE_STRINGS_H 1
| #define HAVE_INTTYPES_H 1
| #define HAVE_STDINT_H 1
| #define HAVE_UNISTD_H 1
| #define HAVE_DLFCN_H 1
| #define LT_OBJDIR ".libs/"
| #define HAVE_SIGSETJMP 1
| #define ENABLE_NLS 1
| #define HAVE_GETTEXT 1
| #define HAVE_DCGETTEXT 1
| #define GETTEXT_PACKAGE "gdk-pixbuf"
| #define HAVE_BIND_TEXTDOMAIN_CODESET 1
| #define HAVE_UNISTD_H 1
| #define HAVE_SYS_RESOURCE_H 1
| #define HAVE_SYS_TIME_H 1
| #define HAVE_SETRLIMIT 1
| #define STDC_HEADERS 1
| #define USE_GMODULE 1
| #define HAVE_PROGRESSIVE_JPEG 1
| #define GDK_PIXBUF_USE_GIO_MIME 1
| /* end confdefs.h.  */
| #include <stdio.h>
| #ifdef HAVE_SYS_TYPES_H
| # include <sys/types.h>
| #endif
| #ifdef HAVE_SYS_STAT_H
| # include <sys/stat.h>
| #endif
| #ifdef STDC_HEADERS
| # include <stdlib.h>
| # include <stddef.h>
| #else
| # ifdef HAVE_STDLIB_H
| #  include <stdlib.h>
| # endif
| #endif
| #ifdef HAVE_STRING_H
| # if !defined STDC_HEADERS && defined HAVE_MEMORY_H
| #  include <memory.h>
| # endif
| # include <string.h>
| #endif
| #ifdef HAVE_STRINGS_H
| # include <strings.h>
| #endif
| #ifdef HAVE_INTTYPES_H
| # include <inttypes.h>
| #endif
| #ifdef HAVE_STDINT_H
| # include <stdint.h>
| #endif
| #ifdef HAVE_UNISTD_H
| # include <unistd.h>
| #endif
| #include <sys/systeminfo.h>
configure:19472: result: no
configure:19472: checking sys/systeminfo.h presence
configure:19472: gcc -E  -DG_DISABLE_SINGLE_INCLUDES conftest.c
conftest.c:38:28: fatal error: sys/systeminfo.h: No such file or directory
compilation terminated.
configure:19472: $? = 1
configure: failed program was:
| /* confdefs.h */
| #define PACKAGE_NAME "gdk-pixbuf"
| #define PACKAGE_TARNAME "gdk-pixbuf"
| #define PACKAGE_VERSION "2.36.12"
| #define PACKAGE_STRING "gdk-pixbuf 2.36.12"
| #define PACKAGE_BUGREPORT "http://bugzilla.gnome.org/enter_bug.cgi?product=gdk-pixbuf"
| #define PACKAGE_URL ""
| #define HAVE_ROUND 1
| #define HAVE_LRINT 1
| #define OS_LINUX 1
| #define STDC_HEADERS 1
| #define HAVE_SYS_TYPES_H 1
| #define HAVE_SYS_STAT_H 1
| #define HAVE_STDLIB_H 1
| #define HAVE_STRING_H 1
| #define HAVE_MEMORY_H 1
| #define HAVE_STRINGS_H 1
| #define HAVE_INTTYPES_H 1
| #define HAVE_STDINT_H 1
| #define HAVE_UNISTD_H 1
| #define HAVE_DLFCN_H 1
| #define LT_OBJDIR ".libs/"
| #define HAVE_SIGSETJMP 1
| #define ENABLE_NLS 1
| #define HAVE_GETTEXT 1
| #define HAVE_DCGETTEXT 1
| #define GETTEXT_PACKAGE "gdk-pixbuf"
| #define HAVE_BIND_TEXTDOMAIN_CODESET 1
| #define HAVE_UNISTD_H 1
| #define HAVE_SYS_RESOURCE_H 1
| #define HAVE_SYS_TIME_H 1
| #define HAVE_SETRLIMIT 1
| #define STDC_HEADERS 1
| #define USE_GMODULE 1
| #define HAVE_PROGRESSIVE_JPEG 1
| #define GDK_PIXBUF_USE_GIO_MIME 1
| /* end confdefs.h.  */
| #include <sys/systeminfo.h>
configure:19472: result: no
configure:19472: checking for sys/systeminfo.h
configure:19472: result: no
configure:19480: checking sys/sysinfo.h usability
configure:19480: gcc -c -g -O2 -Wall  -DG_DISABLE_SINGLE_INCLUDES conftest.c >&5
configure:19480: $? = 0
configure:19480: result: yes
configure:19480: checking sys/sysinfo.h presence
configure:19480: gcc -E  -DG_DISABLE_SINGLE_INCLUDES conftest.c
configure:19480: $? = 0
configure:19480: result: yes
configure:19480: checking for sys/sysinfo.h
configure:19480: result: yes
configure:19489: checking for mediaLib 2.3
configure:19494: checking for mlib_ImageSetStruct in -lmlib
configure:19519: gcc -o conftest -g -O2 -Wall  -DG_DISABLE_SINGLE_INCLUDES  conftest.c -lmlib   >&5
/usr/bin/ld: cannot find -lmlib
collect2: error: ld returned 1 exit status
configure:19519: $? = 1
configure: failed program was:
| /* confdefs.h */
| #define PACKAGE_NAME "gdk-pixbuf"
| #define PACKAGE_TARNAME "gdk-pixbuf"
| #define PACKAGE_VERSION "2.36.12"
| #define PACKAGE_STRING "gdk-pixbuf 2.36.12"
| #define PACKAGE_BUGREPORT "http://bugzilla.gnome.org/enter_bug.cgi?product=gdk-pixbuf"
| #define PACKAGE_URL ""
| #define HAVE_ROUND 1
| #define HAVE_LRINT 1
| #define OS_LINUX 1
| #define STDC_HEADERS 1
| #define HAVE_SYS_TYPES_H 1
| #define HAVE_SYS_STAT_H 1
| #define HAVE_STDLIB_H 1
| #define HAVE_STRING_H 1
| #define HAVE_MEMORY_H 1
| #define HAVE_STRINGS_H 1
| #define HAVE_INTTYPES_H 1
| #define HAVE_STDINT_H 1
| #define HAVE_UNISTD_H 1
| #define HAVE_DLFCN_H 1
| #define LT_OBJDIR ".libs/"
| #define HAVE_SIGSETJMP 1
| #define ENABLE_NLS 1
| #define HAVE_GETTEXT 1
| #define HAVE_DCGETTEXT 1
| #define GETTEXT_PACKAGE "gdk-pixbuf"
| #define HAVE_BIND_TEXTDOMAIN_CODESET 1
| #define HAVE_UNISTD_H 1
| #define HAVE_SYS_RESOURCE_H 1
| #define HAVE_SYS_TIME_H 1
| #define HAVE_SETRLIMIT 1
| #define STDC_HEADERS 1
| #define USE_GMODULE 1
| #define HAVE_PROGRESSIVE_JPEG 1
| #define GDK_PIXBUF_USE_GIO_MIME 1
| #define HAVE_SYS_SYSINFO_H 1
| /* end confdefs.h.  */
| 
| /* Override any GCC internal prototype to avoid an error.
|    Use char because int might match the return type of a GCC
|    builtin and then its argument prototype would still apply.  */
| #ifdef __cplusplus
| extern "C"
| #endif
| char mlib_ImageSetStruct ();
| int
| main ()
| {
| return mlib_ImageSetStruct ();
|   ;
|   return 0;
| }
configure:19528: result: no
configure:19617: checking for x86 platform
configure:19626: result: no
configure:19851: checking for gobject-introspection
configure:19882: $PKG_CONFIG --exists --print-errors "gobject-introspection-1.0 >= 0.9.3"
Package gobject-introspection-1.0 was not found in the pkg-config search path.
Perhaps you should add the directory containing `gobject-introspection-1.0.pc'
to the PKG_CONFIG_PATH environment variable
No package 'gobject-introspection-1.0' found
configure:19885: $? = 1
configure:19896: result: no
configure:19942: checking for gtk-doc
configure:19945: $PKG_CONFIG --exists --print-errors "$gtk_doc_requires"
configure:19948: $? = 0
configure:19954: result: yes
configure:19968: checking for gtkdoc-check
configure:19984: found /usr/bin/gtkdoc-check
configure:19995: result: gtkdoc-check.test
configure:20005: checking for gtkdoc-check
configure:20023: found /usr/bin/gtkdoc-check
configure:20035: result: /usr/bin/gtkdoc-check
configure:20047: checking for gtkdoc-rebase
configure:20065: found /usr/bin/gtkdoc-rebase
configure:20077: result: /usr/bin/gtkdoc-rebase
configure:20091: checking for gtkdoc-mkpdf
configure:20109: found /usr/bin/gtkdoc-mkpdf
configure:20121: result: /usr/bin/gtkdoc-mkpdf
configure:20149: checking whether to build gtk-doc documentation
configure:20151: result: no
configure:20164: checking for GTKDOC_DEPS
configure:20171: $PKG_CONFIG --exists --print-errors "glib-2.0 >= 2.10.0 gobject-2.0  >= 2.10.0"
configure:20174: $? = 0
configure:20188: $PKG_CONFIG --exists --print-errors "glib-2.0 >= 2.10.0 gobject-2.0  >= 2.10.0"
configure:20191: $? = 0
configure:20229: result: yes
configure:20311: checking for db2html
configure:20339: result: false
configure:20434: checking for -fvisibility=hidden compiler flag
configure:20447: gcc -c -fvisibility=hidden  -DG_DISABLE_SINGLE_INCLUDES conftest.c >&5
configure:20447: $? = 0
configure:20448: result: yes
configure:20482: checking for -Bsymbolic-functions linker flag
configure:20496: gcc -o conftest -g -O2 -Wall  -DG_DISABLE_SINGLE_INCLUDES -Wl,-Bsymbolic-functions conftest.c  >&5
conftest.c: In function 'main':
conftest.c:44:5: warning: 'main' is normally a non-static function [-Wmain]
 int main (void) { return 0; }
     ^
configure:20496: $? = 0
configure:20497: result: yes
configure:20560: checking whether to build with gcov testing
configure:20570: result: no
configure:20736: checking whether to build with application bundle relocation support
configure:20746: result: no
configure:20891: checking that generated files are newer than configure
configure:20897: result: done
configure:20943: checking that generated files are newer than configure
configure:20949: result: done
configure:21124: creating ./config.status

## ---------------------- ##
## Running config.status. ##
## ---------------------- ##

This file was extended by gdk-pixbuf config.status 2.36.12, which was
generated by GNU Autoconf 2.69.  Invocation command line was

  CONFIG_FILES    = 
  CONFIG_HEADERS  = 
  CONFIG_LINKS    = 
  CONFIG_COMMANDS = 
  $ ./config.status 

on iamjy1005-iMac

config.status:1323: creating Makefile
config.status:1323: creating gdk-pixbuf-2.0.pc
config.status:1323: creating gdk-pixbuf/Makefile
config.status:1323: creating gdk-pixbuf/gdk_pixbuf.rc
config.status:1323: creating gdk-pixbuf/gdk-pixbuf-features.h
config.status:1323: creating gdk-pixbuf/pixops/Makefile
config.status:1323: creating win32/Makefile
config.status:1323: creating win32/vs9/Makefile
config.status:1323: creating win32/vs9/gdk-pixbuf-version-paths.vsprops
config.status:1323: creating win32/vs10/Makefile
config.status:1323: creating win32/vs10/gdk-pixbuf-version-paths.props
config.status:1323: creating win32/vs11/Makefile
config.status:1323: creating win32/vs12/Makefile
config.status:1323: creating win32/vs14/Makefile
config.status:1323: creating win32/vs15/Makefile
config.status:1323: creating docs/Makefile
config.status:1323: creating docs/reference/Makefile
config.status:1323: creating docs/reference/gdk-pixbuf/Makefile
config.status:1323: creating docs/reference/gdk-pixbuf/version.xml
config.status:1323: creating po/Makefile.in
config.status:1323: creating tests/Makefile
config.status:1323: creating thumbnailer/Makefile
config.status:1323: creating contrib/Makefile
config.status:1323: creating contrib/gdk-pixbuf-xlib/Makefile
config.status:1323: creating contrib/gdk-pixbuf-xlib/gdk-pixbuf-xlib-2.0.pc
config.status:1323: creating config.h.win32
config.status:1323: creating config.h
config.status:1552: executing depfiles commands
config.status:1552: executing libtool commands
config.status:1552: executing po-directories commands

## ---------------- ##
## Cache variables. ##
## ---------------- ##

ac_cv_build=x86_64-pc-linux-gnu
ac_cv_c_compiler_gnu=yes
ac_cv_c_const=yes
ac_cv_env_BASE_DEPENDENCIES_CFLAGS_set=
ac_cv_env_BASE_DEPENDENCIES_CFLAGS_value=
ac_cv_env_BASE_DEPENDENCIES_LIBS_set=
ac_cv_env_BASE_DEPENDENCIES_LIBS_value=
ac_cv_env_CCASFLAGS_set=
ac_cv_env_CCASFLAGS_value=
ac_cv_env_CCAS_set=
ac_cv_env_CCAS_value=
ac_cv_env_CC_set=
ac_cv_env_CC_value=
ac_cv_env_CFLAGS_set=
ac_cv_env_CFLAGS_value=
ac_cv_env_CPPFLAGS_set=
ac_cv_env_CPPFLAGS_value=
ac_cv_env_CPP_set=
ac_cv_env_CPP_value=
ac_cv_env_GDK_PIXBUF_XLIB_DEP_CFLAGS_set=
ac_cv_env_GDK_PIXBUF_XLIB_DEP_CFLAGS_value=
ac_cv_env_GDK_PIXBUF_XLIB_DEP_LIBS_set=
ac_cv_env_GDK_PIXBUF_XLIB_DEP_LIBS_value=
ac_cv_env_GTKDOC_DEPS_CFLAGS_set=
ac_cv_env_GTKDOC_DEPS_CFLAGS_value=
ac_cv_env_GTKDOC_DEPS_LIBS_set=
ac_cv_env_GTKDOC_DEPS_LIBS_value=
ac_cv_env_LDFLAGS_set=
ac_cv_env_LDFLAGS_value=
ac_cv_env_LIBS_set=
ac_cv_env_LIBS_value=
ac_cv_env_LT_SYS_LIBRARY_PATH_set=
ac_cv_env_LT_SYS_LIBRARY_PATH_value=
ac_cv_env_PKG_CONFIG_LIBDIR_set=
ac_cv_env_PKG_CONFIG_LIBDIR_value=
ac_cv_env_PKG_CONFIG_PATH_set=
ac_cv_env_PKG_CONFIG_PATH_value=
ac_cv_env_PKG_CONFIG_set=
ac_cv_env_PKG_CONFIG_value=
ac_cv_env_SHARED_MIME_INFO_CFLAGS_set=
ac_cv_env_SHARED_MIME_INFO_CFLAGS_value=
ac_cv_env_SHARED_MIME_INFO_LIBS_set=
ac_cv_env_SHARED_MIME_INFO_LIBS_value=
ac_cv_env_TIFF_CFLAGS_set=
ac_cv_env_TIFF_CFLAGS_value=
ac_cv_env_TIFF_LIBS_set=
ac_cv_env_TIFF_LIBS_value=
ac_cv_env_build_alias_set=
ac_cv_env_build_alias_value=
ac_cv_env_host_alias_set=set
ac_cv_env_host_alias_value=arm-linux-gnueabihf
ac_cv_env_target_alias_set=set
ac_cv_env_target_alias_value=arm-linux-gnueabihf
ac_cv_func_bind_textdomain_codeset=yes
ac_cv_func_setrlimit=yes
ac_cv_header_dlfcn_h=yes
ac_cv_header_inttypes_h=yes
ac_cv_header_memory_h=yes
ac_cv_header_stdc=yes
ac_cv_header_stdint_h=yes
ac_cv_header_stdlib_h=yes
ac_cv_header_string_h=yes
ac_cv_header_strings_h=yes
ac_cv_header_sys_resource_h=yes
ac_cv_header_sys_stat_h=yes
ac_cv_header_sys_sysinfo_h=yes
ac_cv_header_sys_systeminfo_h=no
ac_cv_header_sys_time_h=yes
ac_cv_header_sys_types_h=yes
ac_cv_header_unistd_h=yes
ac_cv_host=arm-unknown-linux-gnueabihf
ac_cv_lib_jpeg_jpeg_destroy_decompress=yes
ac_cv_lib_jpeg_jpeg_simple_progression=yes
ac_cv_lib_m_cos=yes
ac_cv_lib_m_lrint=yes
ac_cv_lib_m_round=yes
ac_cv_lib_mlib_mlib_ImageSetStruct=no
ac_cv_objext=o
ac_cv_path_EGREP='/bin/grep -E'
ac_cv_path_FGREP='/bin/grep -F'
ac_cv_path_GMSGFMT=/usr/bin/msgfmt
ac_cv_path_GREP=/bin/grep
ac_cv_path_GTKDOC_CHECK_PATH=/usr/bin/gtkdoc-check
ac_cv_path_GTKDOC_MKPDF=/usr/bin/gtkdoc-mkpdf
ac_cv_path_GTKDOC_REBASE=/usr/bin/gtkdoc-rebase
ac_cv_path_MSGFMT=/usr/bin/msgfmt
ac_cv_path_MSGMERGE=/usr/bin/msgmerge
ac_cv_path_PERL=/usr/bin/perl
ac_cv_path_PKG_CONFIG=/usr/bin/pkg-config
ac_cv_path_SED=/bin/sed
ac_cv_path_XGETTEXT=/usr/bin/xgettext
ac_cv_path_ac_pt_PKG_CONFIG=/usr/bin/pkg-config
ac_cv_path_install='/usr/bin/install -c'
ac_cv_path_lt_DD=/bin/dd
ac_cv_path_mkdir=/bin/mkdir
ac_cv_prog_AWK=mawk
ac_cv_prog_CPP='gcc -E'
ac_cv_prog_DB2HTML=false
ac_cv_prog_GTKDOC_CHECK=gtkdoc-check.test
ac_cv_prog_NM=nm
ac_cv_prog_STRIP=strip
ac_cv_prog_ac_ct_AR=ar
ac_cv_prog_ac_ct_CC=gcc
ac_cv_prog_ac_ct_DUMPBIN='link -dump'
ac_cv_prog_ac_ct_MANIFEST_TOOL=mt
ac_cv_prog_ac_ct_OBJDUMP=objdump
ac_cv_prog_ac_ct_RANLIB=ranlib
ac_cv_prog_ac_ct_STRIP=strip
ac_cv_prog_cc_c89=
ac_cv_prog_cc_c99=
ac_cv_prog_cc_g=yes
ac_cv_prog_cc_gcc_c_o=yes
ac_cv_prog_cc_stdc=
ac_cv_prog_make_make_set=yes
ac_cv_sys_file_offset_bits=no
ac_cv_sys_largefile_CC=no
acl_cv_hardcode_direct=no
acl_cv_hardcode_libdir_flag_spec='${wl}-rpath ${wl}$libdir'
acl_cv_hardcode_libdir_separator=
acl_cv_hardcode_minus_L=no
acl_cv_libext=a
acl_cv_libname_spec='lib$name'
acl_cv_library_names_spec='$libname$shrext'
acl_cv_path_LD=/usr/bin/ld
acl_cv_prog_gnu_ld=yes
acl_cv_rpath=done
acl_cv_shlibext=so
acl_cv_wl=-Wl,
am_cv_CCAS_dependencies_compiler_type=gcc3
am_cv_CC_dependencies_compiler_type=gcc3
am_cv_make_support_nested_variables=yes
am_cv_prog_cc_c_o=yes
am_cv_prog_tar_ustar=gnutar
gt_cv_func_CFLocaleCopyCurrent=no
gt_cv_func_CFPreferencesCopyAppValue=no
gt_cv_func_gnugettext1_libc=yes
lt_cv_ar_at_file=@
lt_cv_archive_cmds_need_lc=no
lt_cv_deplibs_check_method=pass_all
lt_cv_file_magic_cmd='$MAGIC_CMD'
lt_cv_file_magic_test_file=
lt_cv_ld_reload_flag=-r
lt_cv_nm_interface='BSD nm'
lt_cv_objdir=.libs
lt_cv_path_LD=/usr/bin/ld
lt_cv_path_NM=no
lt_cv_path_mainfest_tool=no
lt_cv_prog_compiler_c_o=yes
lt_cv_prog_compiler_pic='-fPIC -DPIC'
lt_cv_prog_compiler_pic_works=yes
lt_cv_prog_compiler_rtti_exceptions=no
lt_cv_prog_compiler_static_works=yes
lt_cv_prog_gnu_ld=yes
lt_cv_sharedlib_from_linklib_cmd='printf %s\n'
lt_cv_shlibpath_overrides_runpath=no
lt_cv_sys_global_symbol_pipe='sed -n -e '\''s/^.*[	 ]\([ABCDGIRSTW][ABCDGIRSTW]*\)[	 ][	 ]*\([_A-Za-z][_A-Za-z0-9]*\)$/\1 \2 \2/p'\'' | sed '\''/ __gnu_lto/d'\'''
lt_cv_sys_global_symbol_to_c_name_address='sed -n -e '\''s/^: \(.*\) .*$/  {"\1", (void *) 0},/p'\'' -e '\''s/^[ABCDGIRSTW][ABCDGIRSTW]* .* \(.*\)$/  {"\1", (void *) \&\1},/p'\'''
lt_cv_sys_global_symbol_to_c_name_address_lib_prefix='sed -n -e '\''s/^: \(.*\) .*$/  {"\1", (void *) 0},/p'\'' -e '\''s/^[ABCDGIRSTW][ABCDGIRSTW]* .* \(lib.*\)$/  {"\1", (void *) \&\1},/p'\'' -e '\''s/^[ABCDGIRSTW][ABCDGIRSTW]* .* \(.*\)$/  {"lib\1", (void *) \&\1},/p'\'''
lt_cv_sys_global_symbol_to_cdecl='sed -n -e '\''s/^T .* \(.*\)$/extern int \1();/p'\'' -e '\''s/^[ABCDGIRSTW][ABCDGIRSTW]* .* \(.*\)$/extern char \1;/p'\'''
lt_cv_sys_global_symbol_to_import=
lt_cv_sys_max_cmd_len=1572864
lt_cv_to_host_file_cmd=func_convert_file_noop
lt_cv_to_tool_file_cmd=func_convert_file_noop
lt_cv_truncate_bin='/bin/dd bs=4096 count=1'
pkg_cv_BASE_DEPENDENCIES_CFLAGS='-I/usr/include/glib-2.0 -I/usr/lib/x86_64-linux-gnu/glib-2.0/include'
pkg_cv_BASE_DEPENDENCIES_LIBS=-lglib-2.0
pkg_cv_GTKDOC_DEPS_CFLAGS='-I/usr/include/glib-2.0 -I/usr/lib/x86_64-linux-gnu/glib-2.0/include'
pkg_cv_GTKDOC_DEPS_LIBS='-lgobject-2.0 -lglib-2.0'
pkg_cv_SHARED_MIME_INFO_CFLAGS=
pkg_cv_SHARED_MIME_INFO_LIBS=
pkg_cv_TIFF_CFLAGS=-I/usr/include/x86_64-linux-gnu
pkg_cv_TIFF_LIBS=-ltiff

## ----------------- ##
## Output variables. ##
## ----------------- ##

ACLOCAL='${SHELL} /home/iamjy1005/work/lab/practice/user-library/src/opsrc-gtk+/gdk-pixbuf-2.36.12/missing aclocal-1.15'
AMDEPBACKSLASH='\'
AMDEP_FALSE='#'
AMDEP_TRUE=''
AMTAR='$${TAR-tar}'
AM_BACKSLASH='\'
AM_DEFAULT_V='$(AM_DEFAULT_VERBOSITY)'
AM_DEFAULT_VERBOSITY='0'
AM_V='$(V)'
AR='ar'
AS='as'
AUTOCONF='${SHELL} /home/iamjy1005/work/lab/practice/user-library/src/opsrc-gtk+/gdk-pixbuf-2.36.12/missing autoconf'
AUTOHEADER='${SHELL} /home/iamjy1005/work/lab/practice/user-library/src/opsrc-gtk+/gdk-pixbuf-2.36.12/missing autoheader'
AUTOMAKE='${SHELL} /home/iamjy1005/work/lab/practice/user-library/src/opsrc-gtk+/gdk-pixbuf-2.36.12/missing automake-1.15'
AWK='mawk'
BASE_DEPENDENCIES_CFLAGS='-I/usr/include/glib-2.0 -I/usr/lib/x86_64-linux-gnu/glib-2.0/include'
BASE_DEPENDENCIES_LIBS='-lglib-2.0'
BUILD_DYNAMIC_MODULES_FALSE='#'
BUILD_DYNAMIC_MODULES_TRUE=''
BUILD_GDIPLUS_LOADERS_FALSE=''
BUILD_GDIPLUS_LOADERS_TRUE='#'
CC='gcc'
CCAS='gcc'
CCASDEPMODE='depmode=gcc3'
CCASFLAGS='-g -O2'
CCDEPMODE='depmode=gcc3'
CFLAGS='-g -O2 -Wall'
CPP='gcc -E'
CPPFLAGS=' -DG_DISABLE_SINGLE_INCLUDES'
CROSS_COMPILING_FALSE=''
CROSS_COMPILING_TRUE='#'
CYGPATH_W='echo'
DB2HTML='false'
DEFS='-DHAVE_CONFIG_H'
DEPDIR='.deps'
DISABLE_EXPLICIT_DEPS_FALSE='#'
DISABLE_EXPLICIT_DEPS_TRUE=''
DLLTOOL='false'
DSYMUTIL=''
DUMPBIN=':'
ECHO_C=''
ECHO_N='-n'
ECHO_T=''
EGREP='/bin/grep -E'
ENABLE_ALWAYS_BUILD_TESTS_FALSE=''
ENABLE_ALWAYS_BUILD_TESTS_TRUE='#'
ENABLE_GTK_DOC_FALSE=''
ENABLE_GTK_DOC_TRUE='#'
ENABLE_INSTALLED_TESTS_FALSE=''
ENABLE_INSTALLED_TESTS_TRUE='#'
ENABLE_MAN_FALSE=''
ENABLE_MAN_TRUE='#'
EXEEXT=''
EXE_MANIFEST_ARCHITECTURE='X86'
FGREP='/bin/grep -F'
GCOV=''
GDK_PIXBUF_API_VERSION='2.0'
GDK_PIXBUF_BINARY_VERSION='2.10.0'
GDK_PIXBUF_DEP_CFLAGS='-pthread -I/usr/include/glib-2.0 -I/usr/lib/x86_64-linux-gnu/glib-2.0/include -I/usr/include/libpng12 '
GDK_PIXBUF_DEP_LIBS='-lgmodule-2.0 -pthread -lgio-2.0 -lgobject-2.0 -lglib-2.0 -lpng12 -lm'
GDK_PIXBUF_EXTRA_CFLAGS=''
GDK_PIXBUF_EXTRA_LIBS=' -lm '
GDK_PIXBUF_HIDDEN_VISIBILITY_CFLAGS='-fvisibility=hidden'
GDK_PIXBUF_LINK_FLAGS='-Wl,-Bsymbolic-functions'
GDK_PIXBUF_MAJOR='2'
GDK_PIXBUF_MICRO='12'
GDK_PIXBUF_MINOR='36'
GDK_PIXBUF_PACKAGES='gmodule-no-export-2.0 gobject-2.0 gio-2.0'
GDK_PIXBUF_VERSION='2.36.12'
GDK_PIXBUF_XLIB_DEP_CFLAGS=''
GDK_PIXBUF_XLIB_DEP_LIBS=''
GENHTML=''
GETTEXT_MACRO_VERSION='0.19'
GETTEXT_PACKAGE='gdk-pixbuf'
GLIB_CFLAGS='-pthread -I/usr/include/glib-2.0 -I/usr/lib/x86_64-linux-gnu/glib-2.0/include'
GLIB_COMPILE_RESOURCES='/usr/lib/x86_64-linux-gnu/glib-2.0/glib-compile-resources'
GLIB_GENMARSHAL='glib-genmarshal'
GLIB_LIBS='-lgobject-2.0 -lgmodule-2.0 -pthread -lgthread-2.0 -pthread -lglib-2.0'
GLIB_MKENUMS='glib-mkenums'
GMSGFMT='/usr/bin/msgfmt'
GMSGFMT_015='/usr/bin/msgfmt'
GOBJECT_QUERY='gobject-query'
GREP='/bin/grep'
GTKDOC_CHECK='gtkdoc-check.test'
GTKDOC_CHECK_PATH='/usr/bin/gtkdoc-check'
GTKDOC_DEPS_CFLAGS='-I/usr/include/glib-2.0 -I/usr/lib/x86_64-linux-gnu/glib-2.0/include'
GTKDOC_DEPS_LIBS='-lgobject-2.0 -lglib-2.0'
GTKDOC_MKPDF='/usr/bin/gtkdoc-mkpdf'
GTKDOC_REBASE='/usr/bin/gtkdoc-rebase'
GTK_DOC_BUILD_HTML_FALSE='#'
GTK_DOC_BUILD_HTML_TRUE=''
GTK_DOC_BUILD_PDF_FALSE=''
GTK_DOC_BUILD_PDF_TRUE='#'
GTK_DOC_USE_LIBTOOL_FALSE='#'
GTK_DOC_USE_LIBTOOL_TRUE=''
GTK_DOC_USE_REBASE_FALSE='#'
GTK_DOC_USE_REBASE_TRUE=''
HAVE_DOCBOOK_FALSE=''
HAVE_DOCBOOK_TRUE='#'
HAVE_GTK_DOC_FALSE='#'
HAVE_GTK_DOC_TRUE=''
HAVE_INTROSPECTION_FALSE=''
HAVE_INTROSPECTION_TRUE='#'
HAVE_JASPER_FALSE=''
HAVE_JASPER_TRUE='#'
HAVE_JPEG_FALSE='#'
HAVE_JPEG_TRUE=''
HAVE_PNG_FALSE='#'
HAVE_PNG_TRUE=''
HAVE_TIFF_FALSE='#'
HAVE_TIFF_TRUE=''
HTML_DIR='${datadir}/gtk-doc/html'
INCLUDED_LOADER_DEFINE=''
INCLUDED_LOADER_OBJ=''
INCLUDE_ANI_FALSE=''
INCLUDE_ANI_TRUE='#'
INCLUDE_BMP_FALSE=''
INCLUDE_BMP_TRUE='#'
INCLUDE_GDIPLUS_FALSE=''
INCLUDE_GDIPLUS_TRUE='#'
INCLUDE_GIF_FALSE=''
INCLUDE_GIF_TRUE='#'
INCLUDE_ICNS_FALSE=''
INCLUDE_ICNS_TRUE='#'
INCLUDE_ICO_FALSE=''
INCLUDE_ICO_TRUE='#'
INCLUDE_JASPER_FALSE=''
INCLUDE_JASPER_TRUE='#'
INCLUDE_JPEG_FALSE=''
INCLUDE_JPEG_TRUE='#'
INCLUDE_PNG_FALSE=''
INCLUDE_PNG_TRUE='#'
INCLUDE_PNM_FALSE=''
INCLUDE_PNM_TRUE='#'
INCLUDE_QTIF_FALSE=''
INCLUDE_QTIF_TRUE='#'
INCLUDE_TGA_FALSE=''
INCLUDE_TGA_TRUE='#'
INCLUDE_TIFF_FALSE=''
INCLUDE_TIFF_TRUE='#'
INCLUDE_XBM_FALSE=''
INCLUDE_XBM_TRUE='#'
INCLUDE_XPM_FALSE=''
INCLUDE_XPM_TRUE='#'
INSTALL_DATA='${INSTALL} -m 644'
INSTALL_PROGRAM='${INSTALL}'
INSTALL_SCRIPT='${INSTALL}'
INSTALL_STRIP_PROGRAM='$(install_sh) -c -s'
INTLLIBS=''
INTL_MACOSX_LIBS=''
INTROSPECTION_CFLAGS=''
INTROSPECTION_COMPILER=''
INTROSPECTION_GENERATE=''
INTROSPECTION_GIRDIR=''
INTROSPECTION_LIBS=''
INTROSPECTION_MAKEFILE=''
INTROSPECTION_SCANNER=''
INTROSPECTION_TYPELIBDIR=''
LCOV=''
LD='/usr/bin/ld'
LDFLAGS=''
LIBICONV='-liconv'
LIBINTL=''
LIBJASPER=''
LIBJPEG='-ljpeg'
LIBM='-lm'
LIBOBJS=''
LIBPNG='-lpng12'
LIBS=''
LIBTOOL='$(SHELL) $(top_builddir)/libtool'
LIBTOOL_EXPORT_OPTIONS='-export-symbols-regex "^[^_].*"'
LIB_EXE_MACHINE_FLAG='X86'
LIPO=''
LN_S='ln -s'
LTLIBICONV='-liconv'
LTLIBINTL=''
LTLIBOBJS=''
LT_CURRENT_MINUS_AGE='0'
LT_SYS_LIBRARY_PATH=''
LT_VERSION_INFO='3612:0:3612'
MAINT=''
MAINTAINER_MODE_FALSE='#'
MAINTAINER_MODE_TRUE=''
MAKEINFO='${SHELL} /home/iamjy1005/work/lab/practice/user-library/src/opsrc-gtk+/gdk-pixbuf-2.36.12/missing makeinfo'
MANIFEST_TOOL=':'
MKDIR_P='/bin/mkdir -p'
MSGFMT='/usr/bin/msgfmt'
MSGFMT_015='/usr/bin/msgfmt'
MSGMERGE='/usr/bin/msgmerge'
MSVC_BASE_NO_TOOLSET_SET_FALSE='#'
MSVC_BASE_NO_TOOLSET_SET_TRUE=''
MSVC_NO_TOOLSET_SET_FALSE='#'
MSVC_NO_TOOLSET_SET_TRUE=''
MS_LIB_AVAILABLE_FALSE=''
MS_LIB_AVAILABLE_TRUE='#'
NM='nm'
NMEDIT=''
OBJDUMP='objdump'
OBJEXT='o'
OS_LINUX_FALSE='#'
OS_LINUX_TRUE=''
OS_UNIX_FALSE='#'
OS_UNIX_TRUE=''
OS_WIN32_FALSE=''
OS_WIN32_TRUE='#'
OTOOL64=''
OTOOL=''
PACKAGE='gdk-pixbuf'
PACKAGE_BUGREPORT='http://bugzilla.gnome.org/enter_bug.cgi?product=gdk-pixbuf'
PACKAGE_NAME='gdk-pixbuf'
PACKAGE_STRING='gdk-pixbuf 2.36.12'
PACKAGE_TARNAME='gdk-pixbuf'
PACKAGE_URL=''
PACKAGE_VERSION='2.36.12'
PATH_SEPARATOR=':'
PERL='/usr/bin/perl'
PKG_CONFIG='/usr/bin/pkg-config'
PKG_CONFIG_LIBDIR=''
PKG_CONFIG_PATH=''
PLATFORM_WIN32_FALSE=''
PLATFORM_WIN32_TRUE='#'
PNG_DEP_CFLAGS_PACKAGES='libpng12'
POSUB='po'
RANLIB='ranlib'
REBUILD=''
SED='/bin/sed'
SET_MAKE=''
SHARED_MIME_INFO_CFLAGS=''
SHARED_MIME_INFO_LIBS=''
SHELL='/bin/bash'
STRIP='strip'
TIFF_CFLAGS='-I/usr/include/x86_64-linux-gnu'
TIFF_LIBS='-ltiff'
USE_MEDIALIB25_FALSE=''
USE_MEDIALIB25_TRUE='#'
USE_MEDIALIB_FALSE=''
USE_MEDIALIB_TRUE='#'
USE_MMX_FALSE=''
USE_MMX_TRUE='#'
USE_NLS='yes'
USE_X11_FALSE=''
USE_X11_TRUE='#'
VERSION='2.36.12'
WINDRES=''
WITH_COVERAGE_FALSE=''
WITH_COVERAGE_TRUE='#'
XGETTEXT='/usr/bin/xgettext'
XGETTEXT_015='/usr/bin/xgettext'
XGETTEXT_EXTRA_OPTIONS=''
XSLTPROC=''
ac_ct_AR='ar'
ac_ct_CC='gcc'
ac_ct_DUMPBIN='link -dump'
ac_ct_NM=''
am__EXEEXT_FALSE=''
am__EXEEXT_TRUE='#'
am__fastdepCCAS_FALSE='#'
am__fastdepCCAS_TRUE=''
am__fastdepCC_FALSE='#'
am__fastdepCC_TRUE=''
am__include='include'
am__isrc=''
am__leading_dot='.'
am__nodep='_no'
am__quote=''
am__tar='tar --format=ustar -chf - "$$tardir"'
am__untar='tar -xf -'
bindir='${exec_prefix}/bin'
build='x86_64-pc-linux-gnu'
build_alias=''
build_cpu='x86_64'
build_os='linux-gnu'
build_vendor='pc'
datadir='${datarootdir}'
datarootdir='${prefix}/share'
docdir='${datarootdir}/doc/${PACKAGE_TARNAME}'
dvidir='${docdir}'
exec_prefix='${prefix}'
host='arm-unknown-linux-gnueabihf'
host_alias='arm-linux-gnueabihf'
host_cpu='arm'
host_os='linux-gnueabihf'
host_vendor='unknown'
htmldir='${docdir}'
includedir='${prefix}/include'
infodir='${datarootdir}/info'
install_sh='${SHELL} /home/iamjy1005/work/lab/practice/user-library/src/opsrc-gtk+/gdk-pixbuf-2.36.12/install-sh'
installed_test_metadir=''
installed_testdir=''
libdir='${exec_prefix}/lib'
libexecdir='${exec_prefix}/libexec'
localedir='${datarootdir}/locale'
localstatedir='${prefix}/var'
mandir='${datarootdir}/man'
mkdir_p='$(MKDIR_P)'
ms_librarian=''
oldincludedir='/usr/include'
pdfdir='${docdir}'
prefix='/home/iamjy1005/work/lab/practice/user-library/src/opsrc-gtk+/gdk-pixbuf-2.36.12/output/arm-linux-gnueabihf'
program_transform_name='s,x,x,'
psdir='${docdir}'
sbindir='${exec_prefix}/sbin'
sharedstatedir='${prefix}/com'
sysconfdir='${prefix}/etc'
target_alias='arm-linux-gnueabihf'

## ----------- ##
## confdefs.h. ##
## ----------- ##

/* confdefs.h */
#define PACKAGE_NAME "gdk-pixbuf"
#define PACKAGE_TARNAME "gdk-pixbuf"
#define PACKAGE_VERSION "2.36.12"
#define PACKAGE_STRING "gdk-pixbuf 2.36.12"
#define PACKAGE_BUGREPORT "http://bugzilla.gnome.org/enter_bug.cgi?product=gdk-pixbuf"
#define PACKAGE_URL ""
#define HAVE_ROUND 1
#define HAVE_LRINT 1
#define OS_LINUX 1
#define STDC_HEADERS 1
#define HAVE_SYS_TYPES_H 1
#define HAVE_SYS_STAT_H 1
#define HAVE_STDLIB_H 1
#define HAVE_STRING_H 1
#define HAVE_MEMORY_H 1
#define HAVE_STRINGS_H 1
#define HAVE_INTTYPES_H 1
#define HAVE_STDINT_H 1
#define HAVE_UNISTD_H 1
#define HAVE_DLFCN_H 1
#define LT_OBJDIR ".libs/"
#define HAVE_SIGSETJMP 1
#define ENABLE_NLS 1
#define HAVE_GETTEXT 1
#define HAVE_DCGETTEXT 1
#define GETTEXT_PACKAGE "gdk-pixbuf"
#define HAVE_BIND_TEXTDOMAIN_CODESET 1
#define HAVE_UNISTD_H 1
#define HAVE_SYS_RESOURCE_H 1
#define HAVE_SYS_TIME_H 1
#define HAVE_SETRLIMIT 1
#define STDC_HEADERS 1
#define USE_GMODULE 1
#define HAVE_PROGRESSIVE_JPEG 1
#define GDK_PIXBUF_USE_GIO_MIME 1
#define HAVE_SYS_SYSINFO_H 1
#define _GDK_PIXBUF_EXTERN __attribute__((visibility("default"))) extern

configure: exit 0
